#
# A fatal error has been detected by the Java Runtime Environment:
#
#  SIGSEGV (0xb) at pc=0x00007f4870aeec27, pid=12412, tid=12416
#
# JRE version: OpenJDK Runtime Environment (11.0.6+10) (build 11.0.6+10-post-Ubuntu-1ubuntu118.04.1)
# Java VM: OpenJDK 64-Bit Server VM (11.0.6+10-post-Ubuntu-1ubuntu118.04.1, mixed mode, sharing, tiered, compressed oops, g1 gc, linux-amd64)
# Problematic frame:
# C  [libtesseract.so.4.0.0+0xa1c27]  tesseract::Tesseract::recog_all_words(PAGE_RES*, ETEXT_DESC*, TBOX const*, char const*, int)+0x437
#
# Core dump will be written. Default location: Core dumps may be processed with "/usr/share/apport/apport %p %s %c %d %P" (or dumping to /home/hackerman/Documents/workspace-spring-tool-suite-4-4.5.1.RELEASE/tesseract/core.12412)
#
# If you would like to submit a bug report, please visit:
#   https://bugs.launchpad.net/ubuntu/+source/openjdk-lts
# The crash happened outside the Java Virtual Machine in native code.
# See problematic frame for where to report the bug.
#

---------------  S U M M A R Y ------------

Command Line: -Dfile.encoding=UTF-8 ocrdemo.ReadImages

Host: Intel(R) Core(TM) i5-7200U CPU @ 2.50GHz, 4 cores, 7G, Ubuntu 18.04.1 LTS
Time: Sun Feb 23 23:34:54 2020 IST elapsed time: 0 seconds (0d 0h 0m 0s)

---------------  T H R E A D  ---------------

Current thread (0x00007f48b4016000):  JavaThread "main" [_thread_in_native, id=12416, stack(0x00007f48bbf33000,0x00007f48bc034000)]

Stack: [0x00007f48bbf33000,0x00007f48bc034000],  sp=0x00007f48bc031660,  free space=1017k
Native frames: (J=compiled Java code, A=aot compiled Java code, j=interpreted, Vv=VM code, C=native code)
C  [libtesseract.so.4.0.0+0xa1c27]  tesseract::Tesseract::recog_all_words(PAGE_RES*, ETEXT_DESC*, TBOX const*, char const*, int)+0x437

Java frames: (J=compiled Java code, j=interpreted, Vv=VM code)
j  com.sun.jna.Native.invokePointer(Lcom/sun/jna/Function;JI[Ljava/lang/Object;)J+0
j  com.sun.jna.Function.invokePointer(I[Ljava/lang/Object;)Lcom/sun/jna/Pointer;+7
j  com.sun.jna.Function.invoke([Ljava/lang/Object;Ljava/lang/Class;ZI)Ljava/lang/Object;+385
j  com.sun.jna.Function.invoke(Ljava/lang/reflect/Method;[Ljava/lang/Class;Ljava/lang/Class;[Ljava/lang/Object;Ljava/util/Map;)Ljava/lang/Object;+271
j  com.sun.jna.Library$Handler.invoke(Ljava/lang/Object;Ljava/lang/reflect/Method;[Ljava/lang/Object;)Ljava/lang/Object;+344
j  com.sun.proxy.$Proxy0.TessBaseAPIGetUTF8Text(Lnet/sourceforge/tess4j/ITessAPI$TessBaseAPI;)Lcom/sun/jna/Pointer;+16
j  net.sourceforge.tess4j.Tesseract.getOCRText(Ljava/lang/String;I)Ljava/lang/String;+62
j  net.sourceforge.tess4j.Tesseract.doOCR(Ljava/util/List;Ljava/lang/String;Ljava/awt/Rectangle;)Ljava/lang/String;+69
j  net.sourceforge.tess4j.Tesseract.doOCR(Ljava/io/File;Ljava/awt/Rectangle;)Ljava/lang/String;+10
j  net.sourceforge.tess4j.Tesseract.doOCR(Ljava/io/File;)Ljava/lang/String;+3
j  ocrdemo.ReadImages.main([Ljava/lang/String;)V+18
v  ~StubRoutines::call_stub

siginfo: si_signo: 11 (SIGSEGV), si_code: 1 (SEGV_MAPERR), si_addr: 0x000000000000000c

Register to memory mapping:

RAX=0x0 is NULL
RBX=0x00007f48b47974f0 points into unknown readable memory: 88 ab f5 70 48 7f 00 00
RCX=0x0 is NULL
RDX=0x00007f48b47b90e8 points into unknown readable memory: 00 00 00 00 00 00 00 00
RSP=0x00007f48bc031660 is pointing into the stack for thread: 0x00007f48b4016000
RBP=0x00007f48bc0316b0 is pointing into the stack for thread: 0x00007f48b4016000
RSI=0x0 is NULL
RDI=0x00007f48bc031770 is pointing into the stack for thread: 0x00007f48b4016000
R8 =0x0 is NULL
R9 =0x0 is NULL
R10=0x00007f48b40008d0 points into unknown readable memory: 00 00 00 00 00 00 00 01
R11=0x0 is NULL
R12=0x00007f48b47cd870 points into unknown readable memory: 00 00 00 00 00 00 00 00
R13=0x0 is NULL
R14=0x0 is NULL
R15=0x00007f48b47cd870 points into unknown readable memory: 00 00 00 00 00 00 00 00


Registers:
RAX=0x0000000000000000, RBX=0x00007f48b47974f0, RCX=0x0000000000000000, RDX=0x00007f48b47b90e8
RSP=0x00007f48bc031660, RBP=0x00007f48bc0316b0, RSI=0x0000000000000000, RDI=0x00007f48bc031770
R8 =0x0000000000000000, R9 =0x0000000000000000, R10=0x00007f48b40008d0, R11=0x0000000000000000
R12=0x00007f48b47cd870, R13=0x0000000000000000, R14=0x0000000000000000, R15=0x00007f48b47cd870
RIP=0x00007f4870aeec27, EFLAGS=0x0000000000010246, CSGSFS=0x002b000000000033, ERR=0x0000000000000004
  TRAPNO=0x000000000000000e

Top of Stack: (sp=0x00007f48bc031660)
0x00007f48bc031660:   0000000000000000 0000000000000000
0x00007f48bc031670:   0000000000000000 00007f48b483db70
0x00007f48bc031680:   00007f48b4852930 00007f48b484c920
0x00007f48bc031690:   0000000000000001 00007f48bc0316c0 

Instructions: (pc=0x00007f4870aeec27)
0x00007f4870aeeb27:   89 e6 48 89 df e8 af 87 ff ff 4c 89 e6 48 89 df
0x00007f4870aeeb37:   e8 b4 8b ff ff 4c 89 e6 48 89 df e8 f9 72 ff ff
0x00007f4870aeeb47:   4c 89 e6 48 89 df e8 7e 74 ff ff e9 a9 fd ff ff
0x00007f4870aeeb57:   66 0f 1f 84 00 00 00 00 00 48 8b 40 10 7e 2a 8b
0x00007f4870aeeb67:   38 85 ff 75 4c 48 83 c0 04 83 ea 01 48 8d 14 90
0x00007f4870aeeb77:   eb 12 0f 1f 80 00 00 00 00 48 83 c0 04 8b 70 fc
0x00007f4870aeeb87:   85 f6 75 2d 48 39 c2 75 f0 48 85 c9 74 1b 8b 41
0x00007f4870aeeb97:   10 8d 50 ff 83 fa 02 76 10 83 e8 05 83 f8 03 77
0x00007f4870aeeba7:   10 0f 1f 84 00 00 00 00 00 48 89 ef e8 e8 2d 19
0x00007f4870aeebb7:   00 31 d2 31 f6 48 89 ef e8 2c f6 18 00 48 8b 44
0x00007f4870aeebc7:   24 70 48 85 c0 0f 84 8e fd ff ff 48 8b 94 24 80
0x00007f4870aeebd7:   00 00 00 31 c9 48 8b 52 08 48 85 d2 74 04 48 8b
0x00007f4870aeebe7:   4a 08 48 8b 80 e8 00 00 00 48 85 c0 74 bb 8b 50
0x00007f4870aeebf7:   34 83 fa 00 74 b3 e9 5e ff ff ff 66 0f 1f 44 00
0x00007f4870aeec07:   00 31 f6 48 89 ef e8 ce f9 18 00 8b 83 a0 15 00
0x00007f4870aeec17:   00 85 c0 0f 8f c0 00 00 00 48 8b 83 40 0a 00 00
0x00007f4870aeec27:   80 78 0c 00 0f 85 a7 02 00 00 8b 83 58 47 02 00
0x00007f4870aeec37:   85 c0 0f 8e b1 00 00 00 31 d2 45 31 ff eb 2c 66
0x00007f4870aeec47:   2e 0f 1f 84 00 00 00 00 00 48 8b 8f 40 0a 00 00
0x00007f4870aeec57:   80 79 0c 00 0f 85 ff 01 00 00 41 83 c7 01 48 83
0x00007f4870aeec67:   c2 08 44 3b bb 58 47 02 00 7d 7e 48 8b 8b 60 47
0x00007f4870aeec77:   02 00 48 8b 3c 11 8b 87 a0 15 00 00 85 c0 7e c9
0x00007f4870aeec87:   48 89 54 24 10 e8 8f 46 0f 00 48 8b 54 24 10 eb
0x00007f4870aeec97:   c9 0f 1f 84 00 00 00 00 00 80 bb 72 30 02 00 00
0x00007f4870aeeca7:   0f 85 73 fc ff ff 8b b3 04 1d 02 00 4c 89 e2 4c
0x00007f4870aeecb7:   89 ff e8 32 d4 0b 00 31 f6 48 89 ef e8 18 f9 18
0x00007f4870aeecc7:   00 48 8b 44 24 70 48 85 c0 0f 85 fc fe ff ff e9
0x00007f4870aeecd7:   94 fc ff ff 0f 1f 44 00 00 48 89 df e8 38 46 0f
0x00007f4870aeece7:   00 e9 44 ff ff ff 0f 1f 00 4c 8d 7c 24 30 be 04
0x00007f4870aeecf7:   00 00 00 48 c7 44 24 30 00 00 00 00 48 c7 44 24
0x00007f4870aeed07:   38 00 00 00 00 48 c7 44 24 40 00 00 00 00 4c 89
0x00007f4870aeed17:   ff 48 c7 44 24 48 00 00 00 00 e8 3a 19 00 00 48 


Stack slot to memory mapping:
stack at sp + 0 slots: 0x0 is NULL
stack at sp + 1 slots: 0x0 is NULL
stack at sp + 2 slots: 0x0 is NULL
stack at sp + 3 slots: 0x00007f48b483db70 points into unknown readable memory: 00 1f 85 b4 48 7f 00 00
stack at sp + 4 slots: 0x00007f48b4852930 points into unknown readable memory: 70 d0 84 b4 48 7f 00 00
stack at sp + 5 slots: 0x00007f48b484c920 points into unknown readable memory: 20 c9 84 b4 48 7f 00 00
stack at sp + 6 slots: 0x0000000000000001 is an unknown value
stack at sp + 7 slots: 0x00007f48bc0316c0 is pointing into the stack for thread: 0x00007f48b4016000


---------------  P R O C E S S  ---------------

Threads class SMR info:
_java_thread_list=0x00007f48b4572630, length=11, elements={
0x00007f48b4016000, 0x00007f48b410f800, 0x00007f48b4111800, 0x00007f48b4117000,
0x00007f48b4119000, 0x00007f48b411b000, 0x00007f48b411d000, 0x00007f48b414c800,
0x00007f48b4151800, 0x00007f48b452e800, 0x00007f48b4571000
}

Java Threads: ( => current thread )
=>0x00007f48b4016000 JavaThread "main" [_thread_in_native, id=12416, stack(0x00007f48bbf33000,0x00007f48bc034000)]
  0x00007f48b410f800 JavaThread "Reference Handler" daemon [_thread_blocked, id=12425, stack(0x00007f48907d3000,0x00007f48908d4000)]
  0x00007f48b4111800 JavaThread "Finalizer" daemon [_thread_blocked, id=12426, stack(0x00007f48906d2000,0x00007f48907d3000)]
  0x00007f48b4117000 JavaThread "Signal Dispatcher" daemon [_thread_blocked, id=12427, stack(0x00007f48905d1000,0x00007f48906d2000)]
  0x00007f48b4119000 JavaThread "C2 CompilerThread0" daemon [_thread_blocked, id=12428, stack(0x00007f48904d0000,0x00007f48905d1000)]
  0x00007f48b411b000 JavaThread "C1 CompilerThread0" daemon [_thread_blocked, id=12429, stack(0x00007f48903cf000,0x00007f48904d0000)]
  0x00007f48b411d000 JavaThread "Sweeper thread" daemon [_thread_blocked, id=12430, stack(0x00007f48902ce000,0x00007f48903cf000)]
  0x00007f48b414c800 JavaThread "Service Thread" daemon [_thread_blocked, id=12431, stack(0x00007f48901cd000,0x00007f48902ce000)]
  0x00007f48b4151800 JavaThread "Common-Cleaner" daemon [_thread_blocked, id=12433, stack(0x00007f4873530000,0x00007f4873631000)]
  0x00007f48b452e800 JavaThread "Java2D Disposer" daemon [_thread_blocked, id=12435, stack(0x00007f4871722000,0x00007f4871823000)]
  0x00007f48b4571000 JavaThread "process reaper" daemon [_thread_blocked, id=12439, stack(0x00007f48bbe59000,0x00007f48bbe7b000)]

Other Threads:
  0x00007f48b410c800 VMThread "VM Thread" [stack: 0x00007f48908d6000,0x00007f48909d6000] [id=12424]
  0x00007f48b414f000 WatcherThread [stack: 0x00007f48900cd000,0x00007f48901cd000] [id=12432]
  0x00007f48b402e800 GCTaskThread "GC Thread#0" [stack: 0x00007f489c810000,0x00007f489c910000] [id=12418]
  0x00007f4880001000 GCTaskThread "GC Thread#1" [stack: 0x00007f4871409000,0x00007f4871509000] [id=12440]
  0x00007f4880002800 GCTaskThread "GC Thread#2" [stack: 0x00007f4871307000,0x00007f4871407000] [id=12441]
  0x00007f48b405f800 ConcurrentGCThread "G1 Main Marker" [stack: 0x00007f48939be000,0x00007f4893abe000] [id=12419]
  0x00007f48b4061000 ConcurrentGCThread "G1 Conc#0" [stack: 0x00007f48938bc000,0x00007f48939bc000] [id=12420]
  0x00007f48b40d9800 ConcurrentGCThread "G1 Refine#0" [stack: 0x00007f48913b6000,0x00007f48914b6000] [id=12422]
  0x00007f4888001000 ConcurrentGCThread "G1 Refine#1" [stack: 0x00007f4871205000,0x00007f4871305000] [id=12442]
  0x00007f48b40db000 ConcurrentGCThread "G1 Young RemSet Sampling" [stack: 0x00007f48912b4000,0x00007f48913b4000] [id=12423]

Threads with active compile tasks:

VM state:not at safepoint (normal execution)

VM Mutex/Monitor currently owned by a thread: None

Heap address: 0x0000000084e00000, size: 1970 MB, Compressed Oops mode: 32-bit
Narrow klass base: 0x0000000800000000, Narrow klass shift: 3
Compressed class space size: 1073741824 Address: 0x0000000840000000

Heap:
 garbage-first heap   total 129024K, used 10840K [0x0000000084e00000, 0x0000000100000000)
  region size 1024K, 9 young (9216K), 2 survivors (2048K)
 Metaspace       used 6504K, capacity 6820K, committed 7040K, reserved 1056768K
  class space    used 768K, capacity 841K, committed 896K, reserved 1048576K
Heap Regions: E=young(eden), S=young(survivor), O=old, HS=humongous(starts), HC=humongous(continues), CS=collection set, F=free, A=archive, TAMS=top-at-mark-start (previous, next)
|   0|0x0000000084e00000, 0x0000000084f00000, 0x0000000084f00000|100%| O|  |TAMS 0x0000000084e00000, 0x0000000084e00000| Untracked 
|   1|0x0000000084f00000, 0x0000000084fe5200, 0x0000000085000000| 89%| O|  |TAMS 0x0000000084f00000, 0x0000000084f00000| Untracked 
|   2|0x0000000085000000, 0x0000000085000000, 0x0000000085100000|  0%| F|  |TAMS 0x0000000085000000, 0x0000000085000000| Untracked 
|   3|0x0000000085100000, 0x0000000085100000, 0x0000000085200000|  0%| F|  |TAMS 0x0000000085100000, 0x0000000085100000| Untracked 
|   4|0x0000000085200000, 0x0000000085200000, 0x0000000085300000|  0%| F|  |TAMS 0x0000000085200000, 0x0000000085200000| Untracked 
|   5|0x0000000085300000, 0x0000000085300000, 0x0000000085400000|  0%| F|  |TAMS 0x0000000085300000, 0x0000000085300000| Untracked 
|   6|0x0000000085400000, 0x0000000085400000, 0x0000000085500000|  0%| F|  |TAMS 0x0000000085400000, 0x0000000085400000| Untracked 
|   7|0x0000000085500000, 0x0000000085500000, 0x0000000085600000|  0%| F|  |TAMS 0x0000000085500000, 0x0000000085500000| Untracked 
|   8|0x0000000085600000, 0x0000000085600000, 0x0000000085700000|  0%| F|  |TAMS 0x0000000085600000, 0x0000000085600000| Untracked 
|   9|0x0000000085700000, 0x0000000085700000, 0x0000000085800000|  0%| F|  |TAMS 0x0000000085700000, 0x0000000085700000| Untracked 
|  10|0x0000000085800000, 0x0000000085800000, 0x0000000085900000|  0%| F|  |TAMS 0x0000000085800000, 0x0000000085800000| Untracked 
|  11|0x0000000085900000, 0x0000000085900000, 0x0000000085a00000|  0%| F|  |TAMS 0x0000000085900000, 0x0000000085900000| Untracked 
|  12|0x0000000085a00000, 0x0000000085a00000, 0x0000000085b00000|  0%| F|  |TAMS 0x0000000085a00000, 0x0000000085a00000| Untracked 
|  13|0x0000000085b00000, 0x0000000085b00000, 0x0000000085c00000|  0%| F|  |TAMS 0x0000000085b00000, 0x0000000085b00000| Untracked 
|  14|0x0000000085c00000, 0x0000000085c00000, 0x0000000085d00000|  0%| F|  |TAMS 0x0000000085c00000, 0x0000000085c00000| Untracked 
|  15|0x0000000085d00000, 0x0000000085d00000, 0x0000000085e00000|  0%| F|  |TAMS 0x0000000085d00000, 0x0000000085d00000| Untracked 
|  16|0x0000000085e00000, 0x0000000085e00000, 0x0000000085f00000|  0%| F|  |TAMS 0x0000000085e00000, 0x0000000085e00000| Untracked 
|  17|0x0000000085f00000, 0x0000000085f00000, 0x0000000086000000|  0%| F|  |TAMS 0x0000000085f00000, 0x0000000085f00000| Untracked 
|  18|0x0000000086000000, 0x0000000086000000, 0x0000000086100000|  0%| F|  |TAMS 0x0000000086000000, 0x0000000086000000| Untracked 
|  19|0x0000000086100000, 0x0000000086100000, 0x0000000086200000|  0%| F|  |TAMS 0x0000000086100000, 0x0000000086100000| Untracked 
|  20|0x0000000086200000, 0x0000000086200000, 0x0000000086300000|  0%| F|  |TAMS 0x0000000086200000, 0x0000000086200000| Untracked 
|  21|0x0000000086300000, 0x0000000086300000, 0x0000000086400000|  0%| F|  |TAMS 0x0000000086300000, 0x0000000086300000| Untracked 
|  22|0x0000000086400000, 0x0000000086400000, 0x0000000086500000|  0%| F|  |TAMS 0x0000000086400000, 0x0000000086400000| Untracked 
|  23|0x0000000086500000, 0x0000000086500000, 0x0000000086600000|  0%| F|  |TAMS 0x0000000086500000, 0x0000000086500000| Untracked 
|  24|0x0000000086600000, 0x0000000086600000, 0x0000000086700000|  0%| F|  |TAMS 0x0000000086600000, 0x0000000086600000| Untracked 
|  25|0x0000000086700000, 0x0000000086700000, 0x0000000086800000|  0%| F|  |TAMS 0x0000000086700000, 0x0000000086700000| Untracked 
|  26|0x0000000086800000, 0x0000000086800000, 0x0000000086900000|  0%| F|  |TAMS 0x0000000086800000, 0x0000000086800000| Untracked 
|  27|0x0000000086900000, 0x0000000086900000, 0x0000000086a00000|  0%| F|  |TAMS 0x0000000086900000, 0x0000000086900000| Untracked 
|  28|0x0000000086a00000, 0x0000000086a00000, 0x0000000086b00000|  0%| F|  |TAMS 0x0000000086a00000, 0x0000000086a00000| Untracked 
|  29|0x0000000086b00000, 0x0000000086b00000, 0x0000000086c00000|  0%| F|  |TAMS 0x0000000086b00000, 0x0000000086b00000| Untracked 
|  30|0x0000000086c00000, 0x0000000086c00000, 0x0000000086d00000|  0%| F|  |TAMS 0x0000000086c00000, 0x0000000086c00000| Untracked 
|  31|0x0000000086d00000, 0x0000000086d00000, 0x0000000086e00000|  0%| F|  |TAMS 0x0000000086d00000, 0x0000000086d00000| Untracked 
|  32|0x0000000086e00000, 0x0000000086e00000, 0x0000000086f00000|  0%| F|  |TAMS 0x0000000086e00000, 0x0000000086e00000| Untracked 
|  33|0x0000000086f00000, 0x0000000086f00000, 0x0000000087000000|  0%| F|  |TAMS 0x0000000086f00000, 0x0000000086f00000| Untracked 
|  34|0x0000000087000000, 0x0000000087000000, 0x0000000087100000|  0%| F|  |TAMS 0x0000000087000000, 0x0000000087000000| Untracked 
|  35|0x0000000087100000, 0x0000000087100000, 0x0000000087200000|  0%| F|  |TAMS 0x0000000087100000, 0x0000000087100000| Untracked 
|  36|0x0000000087200000, 0x0000000087200000, 0x0000000087300000|  0%| F|  |TAMS 0x0000000087200000, 0x0000000087200000| Untracked 
|  37|0x0000000087300000, 0x0000000087300000, 0x0000000087400000|  0%| F|  |TAMS 0x0000000087300000, 0x0000000087300000| Untracked 
|  38|0x0000000087400000, 0x0000000087400000, 0x0000000087500000|  0%| F|  |TAMS 0x0000000087400000, 0x0000000087400000| Untracked 
|  39|0x0000000087500000, 0x0000000087500000, 0x0000000087600000|  0%| F|  |TAMS 0x0000000087500000, 0x0000000087500000| Untracked 
|  40|0x0000000087600000, 0x0000000087600000, 0x0000000087700000|  0%| F|  |TAMS 0x0000000087600000, 0x0000000087600000| Untracked 
|  41|0x0000000087700000, 0x0000000087700000, 0x0000000087800000|  0%| F|  |TAMS 0x0000000087700000, 0x0000000087700000| Untracked 
|  42|0x0000000087800000, 0x0000000087800000, 0x0000000087900000|  0%| F|  |TAMS 0x0000000087800000, 0x0000000087800000| Untracked 
|  43|0x0000000087900000, 0x0000000087900000, 0x0000000087a00000|  0%| F|  |TAMS 0x0000000087900000, 0x0000000087900000| Untracked 
|  44|0x0000000087a00000, 0x0000000087a00000, 0x0000000087b00000|  0%| F|  |TAMS 0x0000000087a00000, 0x0000000087a00000| Untracked 
|  45|0x0000000087b00000, 0x0000000087b00000, 0x0000000087c00000|  0%| F|  |TAMS 0x0000000087b00000, 0x0000000087b00000| Untracked 
|  46|0x0000000087c00000, 0x0000000087c00000, 0x0000000087d00000|  0%| F|  |TAMS 0x0000000087c00000, 0x0000000087c00000| Untracked 
|  47|0x0000000087d00000, 0x0000000087d00000, 0x0000000087e00000|  0%| F|  |TAMS 0x0000000087d00000, 0x0000000087d00000| Untracked 
|  48|0x0000000087e00000, 0x0000000087e00000, 0x0000000087f00000|  0%| F|  |TAMS 0x0000000087e00000, 0x0000000087e00000| Untracked 
|  49|0x0000000087f00000, 0x0000000087f00000, 0x0000000088000000|  0%| F|  |TAMS 0x0000000087f00000, 0x0000000087f00000| Untracked 
|  50|0x0000000088000000, 0x0000000088000000, 0x0000000088100000|  0%| F|  |TAMS 0x0000000088000000, 0x0000000088000000| Untracked 
|  51|0x0000000088100000, 0x0000000088100000, 0x0000000088200000|  0%| F|  |TAMS 0x0000000088100000, 0x0000000088100000| Untracked 
|  52|0x0000000088200000, 0x0000000088200000, 0x0000000088300000|  0%| F|  |TAMS 0x0000000088200000, 0x0000000088200000| Untracked 
|  53|0x0000000088300000, 0x0000000088300000, 0x0000000088400000|  0%| F|  |TAMS 0x0000000088300000, 0x0000000088300000| Untracked 
|  54|0x0000000088400000, 0x0000000088400000, 0x0000000088500000|  0%| F|  |TAMS 0x0000000088400000, 0x0000000088400000| Untracked 
|  55|0x0000000088500000, 0x0000000088500000, 0x0000000088600000|  0%| F|  |TAMS 0x0000000088500000, 0x0000000088500000| Untracked 
|  56|0x0000000088600000, 0x0000000088600000, 0x0000000088700000|  0%| F|  |TAMS 0x0000000088600000, 0x0000000088600000| Untracked 
|  57|0x0000000088700000, 0x0000000088700000, 0x0000000088800000|  0%| F|  |TAMS 0x0000000088700000, 0x0000000088700000| Untracked 
|  58|0x0000000088800000, 0x0000000088800000, 0x0000000088900000|  0%| F|  |TAMS 0x0000000088800000, 0x0000000088800000| Untracked 
|  59|0x0000000088900000, 0x0000000088900000, 0x0000000088a00000|  0%| F|  |TAMS 0x0000000088900000, 0x0000000088900000| Untracked 
|  60|0x0000000088a00000, 0x0000000088a00000, 0x0000000088b00000|  0%| F|  |TAMS 0x0000000088a00000, 0x0000000088a00000| Untracked 
|  61|0x0000000088b00000, 0x0000000088b00000, 0x0000000088c00000|  0%| F|  |TAMS 0x0000000088b00000, 0x0000000088b00000| Untracked 
|  62|0x0000000088c00000, 0x0000000088c00000, 0x0000000088d00000|  0%| F|  |TAMS 0x0000000088c00000, 0x0000000088c00000| Untracked 
|  63|0x0000000088d00000, 0x0000000088d00000, 0x0000000088e00000|  0%| F|  |TAMS 0x0000000088d00000, 0x0000000088d00000| Untracked 
|  64|0x0000000088e00000, 0x0000000088e00000, 0x0000000088f00000|  0%| F|  |TAMS 0x0000000088e00000, 0x0000000088e00000| Untracked 
|  65|0x0000000088f00000, 0x0000000088f00000, 0x0000000089000000|  0%| F|  |TAMS 0x0000000088f00000, 0x0000000088f00000| Untracked 
|  66|0x0000000089000000, 0x0000000089000000, 0x0000000089100000|  0%| F|  |TAMS 0x0000000089000000, 0x0000000089000000| Untracked 
|  67|0x0000000089100000, 0x0000000089100000, 0x0000000089200000|  0%| F|  |TAMS 0x0000000089100000, 0x0000000089100000| Untracked 
|  68|0x0000000089200000, 0x0000000089200000, 0x0000000089300000|  0%| F|  |TAMS 0x0000000089200000, 0x0000000089200000| Untracked 
|  69|0x0000000089300000, 0x0000000089300000, 0x0000000089400000|  0%| F|  |TAMS 0x0000000089300000, 0x0000000089300000| Untracked 
|  70|0x0000000089400000, 0x0000000089400000, 0x0000000089500000|  0%| F|  |TAMS 0x0000000089400000, 0x0000000089400000| Untracked 
|  71|0x0000000089500000, 0x0000000089500000, 0x0000000089600000|  0%| F|  |TAMS 0x0000000089500000, 0x0000000089500000| Untracked 
|  72|0x0000000089600000, 0x0000000089600000, 0x0000000089700000|  0%| F|  |TAMS 0x0000000089600000, 0x0000000089600000| Untracked 
|  73|0x0000000089700000, 0x0000000089700000, 0x0000000089800000|  0%| F|  |TAMS 0x0000000089700000, 0x0000000089700000| Untracked 
|  74|0x0000000089800000, 0x0000000089800000, 0x0000000089900000|  0%| F|  |TAMS 0x0000000089800000, 0x0000000089800000| Untracked 
|  75|0x0000000089900000, 0x0000000089900000, 0x0000000089a00000|  0%| F|  |TAMS 0x0000000089900000, 0x0000000089900000| Untracked 
|  76|0x0000000089a00000, 0x0000000089a00000, 0x0000000089b00000|  0%| F|  |TAMS 0x0000000089a00000, 0x0000000089a00000| Untracked 
|  77|0x0000000089b00000, 0x0000000089b00000, 0x0000000089c00000|  0%| F|  |TAMS 0x0000000089b00000, 0x0000000089b00000| Untracked 
|  78|0x0000000089c00000, 0x0000000089c00000, 0x0000000089d00000|  0%| F|  |TAMS 0x0000000089c00000, 0x0000000089c00000| Untracked 
|  79|0x0000000089d00000, 0x0000000089d00000, 0x0000000089e00000|  0%| F|  |TAMS 0x0000000089d00000, 0x0000000089d00000| Untracked 
|  80|0x0000000089e00000, 0x0000000089e00000, 0x0000000089f00000|  0%| F|  |TAMS 0x0000000089e00000, 0x0000000089e00000| Untracked 
|  81|0x0000000089f00000, 0x0000000089f00000, 0x000000008a000000|  0%| F|  |TAMS 0x0000000089f00000, 0x0000000089f00000| Untracked 
|  82|0x000000008a000000, 0x000000008a000000, 0x000000008a100000|  0%| F|  |TAMS 0x000000008a000000, 0x000000008a000000| Untracked 
|  83|0x000000008a100000, 0x000000008a100000, 0x000000008a200000|  0%| F|  |TAMS 0x000000008a100000, 0x000000008a100000| Untracked 
|  84|0x000000008a200000, 0x000000008a200000, 0x000000008a300000|  0%| F|  |TAMS 0x000000008a200000, 0x000000008a200000| Untracked 
|  85|0x000000008a300000, 0x000000008a300000, 0x000000008a400000|  0%| F|  |TAMS 0x000000008a300000, 0x000000008a300000| Untracked 
|  86|0x000000008a400000, 0x000000008a400000, 0x000000008a500000|  0%| F|  |TAMS 0x000000008a400000, 0x000000008a400000| Untracked 
|  87|0x000000008a500000, 0x000000008a500000, 0x000000008a600000|  0%| F|  |TAMS 0x000000008a500000, 0x000000008a500000| Untracked 
|  88|0x000000008a600000, 0x000000008a600000, 0x000000008a700000|  0%| F|  |TAMS 0x000000008a600000, 0x000000008a600000| Untracked 
|  89|0x000000008a700000, 0x000000008a700000, 0x000000008a800000|  0%| F|  |TAMS 0x000000008a700000, 0x000000008a700000| Untracked 
|  90|0x000000008a800000, 0x000000008a800000, 0x000000008a900000|  0%| F|  |TAMS 0x000000008a800000, 0x000000008a800000| Untracked 
|  91|0x000000008a900000, 0x000000008a900000, 0x000000008aa00000|  0%| F|  |TAMS 0x000000008a900000, 0x000000008a900000| Untracked 
|  92|0x000000008aa00000, 0x000000008aa00000, 0x000000008ab00000|  0%| F|  |TAMS 0x000000008aa00000, 0x000000008aa00000| Untracked 
|  93|0x000000008ab00000, 0x000000008ab00000, 0x000000008ac00000|  0%| F|  |TAMS 0x000000008ab00000, 0x000000008ab00000| Untracked 
|  94|0x000000008ac00000, 0x000000008ac00000, 0x000000008ad00000|  0%| F|  |TAMS 0x000000008ac00000, 0x000000008ac00000| Untracked 
|  95|0x000000008ad00000, 0x000000008ad00000, 0x000000008ae00000|  0%| F|  |TAMS 0x000000008ad00000, 0x000000008ad00000| Untracked 
|  96|0x000000008ae00000, 0x000000008ae00000, 0x000000008af00000|  0%| F|  |TAMS 0x000000008ae00000, 0x000000008ae00000| Untracked 
|  97|0x000000008af00000, 0x000000008af00000, 0x000000008b000000|  0%| F|  |TAMS 0x000000008af00000, 0x000000008af00000| Untracked 
|  98|0x000000008b000000, 0x000000008b000000, 0x000000008b100000|  0%| F|  |TAMS 0x000000008b000000, 0x000000008b000000| Untracked 
|  99|0x000000008b100000, 0x000000008b100000, 0x000000008b200000|  0%| F|  |TAMS 0x000000008b100000, 0x000000008b100000| Untracked 
| 100|0x000000008b200000, 0x000000008b200000, 0x000000008b300000|  0%| F|  |TAMS 0x000000008b200000, 0x000000008b200000| Untracked 
| 101|0x000000008b300000, 0x000000008b300000, 0x000000008b400000|  0%| F|  |TAMS 0x000000008b300000, 0x000000008b300000| Untracked 
| 102|0x000000008b400000, 0x000000008b400000, 0x000000008b500000|  0%| F|  |TAMS 0x000000008b400000, 0x000000008b400000| Untracked 
| 103|0x000000008b500000, 0x000000008b500000, 0x000000008b600000|  0%| F|  |TAMS 0x000000008b500000, 0x000000008b500000| Untracked 
| 104|0x000000008b600000, 0x000000008b600000, 0x000000008b700000|  0%| F|  |TAMS 0x000000008b600000, 0x000000008b600000| Untracked 
| 105|0x000000008b700000, 0x000000008b700000, 0x000000008b800000|  0%| F|  |TAMS 0x000000008b700000, 0x000000008b700000| Untracked 
| 106|0x000000008b800000, 0x000000008b800000, 0x000000008b900000|  0%| F|  |TAMS 0x000000008b800000, 0x000000008b800000| Untracked 
| 107|0x000000008b900000, 0x000000008b900000, 0x000000008ba00000|  0%| F|  |TAMS 0x000000008b900000, 0x000000008b900000| Untracked 
| 108|0x000000008ba00000, 0x000000008bb00000, 0x000000008bb00000|100%| S|CS|TAMS 0x000000008ba00000, 0x000000008ba00000| Complete 
| 109|0x000000008bb00000, 0x000000008bc00000, 0x000000008bc00000|100%| S|CS|TAMS 0x000000008bb00000, 0x000000008bb00000| Complete 
| 110|0x000000008bc00000, 0x000000008bc00000, 0x000000008bd00000|  0%| F|  |TAMS 0x000000008bc00000, 0x000000008bc00000| Untracked 
| 111|0x000000008bd00000, 0x000000008bd00000, 0x000000008be00000|  0%| F|  |TAMS 0x000000008bd00000, 0x000000008bd00000| Untracked 
| 112|0x000000008be00000, 0x000000008be00000, 0x000000008bf00000|  0%| F|  |TAMS 0x000000008be00000, 0x000000008be00000| Untracked 
| 113|0x000000008bf00000, 0x000000008bf00000, 0x000000008c000000|  0%| F|  |TAMS 0x000000008bf00000, 0x000000008bf00000| Untracked 
| 114|0x000000008c000000, 0x000000008c000000, 0x000000008c100000|  0%| F|  |TAMS 0x000000008c000000, 0x000000008c000000| Untracked 
| 115|0x000000008c100000, 0x000000008c100000, 0x000000008c200000|  0%| F|  |TAMS 0x000000008c100000, 0x000000008c100000| Untracked 
| 116|0x000000008c200000, 0x000000008c200000, 0x000000008c300000|  0%| F|  |TAMS 0x000000008c200000, 0x000000008c200000| Untracked 
| 117|0x000000008c300000, 0x000000008c38c4f0, 0x000000008c400000| 54%| E|  |TAMS 0x000000008c300000, 0x000000008c300000| Complete 
| 118|0x000000008c400000, 0x000000008c500000, 0x000000008c500000|100%| E|CS|TAMS 0x000000008c400000, 0x000000008c400000| Complete 
| 119|0x000000008c500000, 0x000000008c600000, 0x000000008c600000|100%| E|CS|TAMS 0x000000008c500000, 0x000000008c500000| Complete 
| 120|0x000000008c600000, 0x000000008c700000, 0x000000008c700000|100%| E|CS|TAMS 0x000000008c600000, 0x000000008c600000| Complete 
| 121|0x000000008c700000, 0x000000008c800000, 0x000000008c800000|100%| E|CS|TAMS 0x000000008c700000, 0x000000008c700000| Complete 
| 122|0x000000008c800000, 0x000000008c900000, 0x000000008c900000|100%| E|CS|TAMS 0x000000008c800000, 0x000000008c800000| Complete 
| 123|0x000000008c900000, 0x000000008ca00000, 0x000000008ca00000|100%| E|CS|TAMS 0x000000008c900000, 0x000000008c900000| Complete 
|1968|0x00000000ffe00000, 0x00000000ffe47000, 0x00000000fff00000| 27%|OA|  |TAMS 0x00000000ffe00000, 0x00000000ffe00000| Untracked 
|1969|0x00000000fff00000, 0x00000000fff6a000, 0x0000000100000000| 41%|CA|  |TAMS 0x00000000fff00000, 0x00000000fff00000| Untracked 

Card table byte_map: [0x00007f4897c27000,0x00007f4898000000] _byte_map_base: 0x00007f4897800000

Marking Bits (Prev, Next): (CMBitMap*) 0x00007f48b4056c78, (CMBitMap*) 0x00007f48b4056cb0
 Prev Bits: [0x00007f4895986000, 0x00007f489784e000)
 Next Bits: [0x00007f4893abe000, 0x00007f4895986000)

Polling page: 0x00007f48bc049000

Metaspace:

Usage:
  Non-class:      5.84 MB capacity,     5.60 MB ( 96%) used,   228.30 KB (  4%) free+waste,    14.44 KB ( <1%) overhead. 
      Class:    841.00 KB capacity,   768.69 KB ( 91%) used,    63.69 KB (  8%) free+waste,     8.62 KB (  1%) overhead. 
       Both:      6.66 MB capacity,     6.35 MB ( 95%) used,   291.99 KB (  4%) free+waste,    23.06 KB ( <1%) overhead. 

Virtual space:
  Non-class space:        8.00 MB reserved,       6.00 MB ( 75%) committed 
      Class space:        1.00 GB reserved,     896.00 KB ( <1%) committed 
             Both:        1.01 GB reserved,       6.88 MB ( <1%) committed 

Chunk freelists:
   Non-Class:  29.00 KB
       Class:  23.00 KB
        Both:  52.00 KB

MaxMetaspaceSize: unlimited
CompressedClassSpaceSize: 1.00 GB

CodeHeap 'non-profiled nmethods': size=120032Kb used=309Kb max_used=309Kb free=119722Kb
 bounds [0x00007f48a43d8000, 0x00007f48a4648000, 0x00007f48ab910000]
CodeHeap 'profiled nmethods': size=120032Kb used=1838Kb max_used=1838Kb free=118193Kb
 bounds [0x00007f489cea0000, 0x00007f489d110000, 0x00007f48a43d8000]
CodeHeap 'non-nmethods': size=5696Kb used=1123Kb max_used=1141Kb free=4572Kb
 bounds [0x00007f489c910000, 0x00007f489cb80000, 0x00007f489cea0000]
 total_blobs=1631 nmethods=958 adapters=361
 compilation: enabled
              stopped_count=0, restarted_count=0
 full_count=0

Compilation events (20 events):
Event: 0.578 Thread 0x00007f48b411b000 nmethod 952 0x00007f48a4423690 code [0x00007f48a4423840, 0x00007f48a4423970]
Event: 0.579 Thread 0x00007f48b4119000 nmethod 828 0x00007f48a4423a10 code [0x00007f48a4423bc0, 0x00007f48a4423ff8]
Event: 0.579 Thread 0x00007f48b4119000  829       4       java.lang.StringBuilder::<init> (7 bytes)
Event: 0.581 Thread 0x00007f48b4119000 nmethod 829 0x00007f48a4424210 code [0x00007f48a44243a0, 0x00007f48a4424558]
Event: 0.581 Thread 0x00007f48b4119000  857       4       java.util.HashMap::get (23 bytes)
Event: 0.584 Thread 0x00007f48b411b000  954       3       javax.imageio.stream.ImageInputStreamImpl::readUnsignedShort (8 bytes)
Event: 0.584 Thread 0x00007f48b411b000 nmethod 954 0x00007f489d068490 code [0x00007f489d068640, 0x00007f489d068888]
Event: 0.585 Thread 0x00007f48b411b000  955       3       javax.imageio.stream.ImageInputStreamImpl::readShort (88 bytes)
Event: 0.585 Thread 0x00007f48b411b000 nmethod 955 0x00007f489d068910 code [0x00007f489d068b00, 0x00007f489d068f58]
Event: 0.585 Thread 0x00007f48b411b000  953       3       javax.imageio.stream.FileCacheImageOutputStream::read (94 bytes)
Event: 0.585 Thread 0x00007f48b4119000 nmethod 857 0x00007f48a4424610 code [0x00007f48a44247c0, 0x00007f48a4424a18]
Event: 0.585 Thread 0x00007f48b4119000  876       4       java.lang.PublicMethods$Key::matches (31 bytes)
Event: 0.585 Thread 0x00007f48b411b000 nmethod 953 0x00007f489d069110 code [0x00007f489d069340, 0x00007f489d069a78]
Event: 0.586 Thread 0x00007f48b411b000  957       3       java.util.Objects::checkFromIndexSize (8 bytes)
Event: 0.586 Thread 0x00007f48b411b000 nmethod 957 0x00007f489d069d10 code [0x00007f489d069ee0, 0x00007f489d06a148]
Event: 0.586 Thread 0x00007f48b411b000  958       3       jdk.internal.util.Preconditions::checkFromIndexSize (25 bytes)
Event: 0.586 Thread 0x00007f48b411b000 nmethod 958 0x00007f489d06a290 code [0x00007f489d06a4c0, 0x00007f489d06ad58]
Event: 0.586 Thread 0x00007f48b411b000  956  s    3       java.io.ByteArrayOutputStream::write (43 bytes)
Event: 0.587 Thread 0x00007f48b411b000 nmethod 956 0x00007f489d06af90 code [0x00007f489d06b1a0, 0x00007f489d06b848]
Event: 0.591 Thread 0x00007f48b4119000 nmethod 876 0x00007f48a4424c10 code [0x00007f48a4424dc0, 0x00007f48a44251d8]

GC Heap History (2 events):
Event: 0.437 GC heap before
{Heap before GC invocations=0 (full 0):
 garbage-first heap   total 129024K, used 15044K [0x0000000084e00000, 0x0000000100000000)
  region size 1024K, 14 young (14336K), 0 survivors (0K)
 Metaspace       used 4957K, capacity 6032K, committed 6272K, reserved 1056768K
  class space    used 510K, capacity 637K, committed 640K, reserved 1048576K
}
Event: 0.445 GC heap after
{Heap after GC invocations=1 (full 0):
 garbage-first heap   total 129024K, used 4696K [0x0000000084e00000, 0x0000000100000000)
  region size 1024K, 2 young (2048K), 2 survivors (2048K)
 Metaspace       used 4957K, capacity 6032K, committed 6272K, reserved 1056768K
  class space    used 510K, capacity 637K, committed 640K, reserved 1048576K
}

Deoptimization events (20 events):
Event: 0.083 Thread 0x00007f48b4016000 DEOPT PACKING pc=0x00007f489ceb618b sp=0x00007f48bc02c7c0
Event: 0.083 Thread 0x00007f48b4016000 DEOPT UNPACKING pc=0x00007f489c93883a sp=0x00007f48bc02bc80 mode 0
Event: 0.083 Thread 0x00007f48b4016000 DEOPT PACKING pc=0x00007f489ceb618b sp=0x00007f48bc02c7c0
Event: 0.083 Thread 0x00007f48b4016000 DEOPT UNPACKING pc=0x00007f489c93883a sp=0x00007f48bc02bc80 mode 0
Event: 0.156 Thread 0x00007f48b4016000 DEOPT PACKING pc=0x00007f489cecdf74 sp=0x00007f48bc02e520
Event: 0.156 Thread 0x00007f48b4016000 DEOPT UNPACKING pc=0x00007f489c93883a sp=0x00007f48bc02da68 mode 1
Event: 0.171 Thread 0x00007f48b4016000 DEOPT PACKING pc=0x00007f489cecb842 sp=0x00007f48bc02ec30
Event: 0.171 Thread 0x00007f48b4016000 DEOPT UNPACKING pc=0x00007f489c93883a sp=0x00007f48bc02e0b8 mode 0
Event: 0.172 Thread 0x00007f48b4016000 DEOPT PACKING pc=0x00007f489cec0e6f sp=0x00007f48bc030d90
Event: 0.172 Thread 0x00007f48b4016000 DEOPT UNPACKING pc=0x00007f489c93883a sp=0x00007f48bc030238 mode 0
Event: 0.174 Thread 0x00007f48b4016000 DEOPT PACKING pc=0x00007f489cec0e6f sp=0x00007f48bc030e60
Event: 0.174 Thread 0x00007f48b4016000 DEOPT UNPACKING pc=0x00007f489c93883a sp=0x00007f48bc030308 mode 0
Event: 0.193 Thread 0x00007f48b4016000 Uncommon trap: trap_request=0xffffff4d fr.pc=0x00007f48a43f3f7c relative=0x00000000000002dc
Event: 0.194 Thread 0x00007f48b4016000 Uncommon trap: reason=unstable_if action=reinterpret pc=0x00007f48a43f3f7c method=java.io.BufferedReader.read()I @ 19 c2
Event: 0.194 Thread 0x00007f48b4016000 DEOPT PACKING pc=0x00007f48a43f3f7c sp=0x00007f48bc02dd10
Event: 0.194 Thread 0x00007f48b4016000 DEOPT UNPACKING pc=0x00007f489c938a25 sp=0x00007f48bc02dcc0 mode 2
Event: 0.250 Thread 0x00007f48b4016000 Uncommon trap: trap_request=0xffffff4d fr.pc=0x00007f48a43d851c relative=0x000000000000007c
Event: 0.250 Thread 0x00007f48b4016000 Uncommon trap: reason=unstable_if action=reinterpret pc=0x00007f48a43d851c method=java.lang.String.isLatin1()Z @ 10 c2
Event: 0.250 Thread 0x00007f48b4016000 DEOPT PACKING pc=0x00007f48a43d851c sp=0x00007f48bc0313b0
Event: 0.250 Thread 0x00007f48b4016000 DEOPT UNPACKING pc=0x00007f489c938a25 sp=0x00007f48bc031310 mode 2

Classes redefined (0 events):
No events

Internal exceptions (18 events):
Event: 0.156 Thread 0x00007f48b4016000 Exception <a 'java/security/PrivilegedActionException'{0x000000008c56e280}> (0x000000008c56e280) thrown at [/build/openjdk-lts-iuKaMP/openjdk-lts-11.0.6+10/src/hotspot/share/prims/jvm.cpp, line 1297]
Event: 0.156 Thread 0x00007f48b4016000 Exception <a 'java/security/PrivilegedActionException'{0x000000008c56e7f8}> (0x000000008c56e7f8) thrown at [/build/openjdk-lts-iuKaMP/openjdk-lts-11.0.6+10/src/hotspot/share/prims/jvm.cpp, line 1297]
Event: 0.192 Thread 0x00007f48b4016000 Exception <a 'java/lang/ClassNotFoundException'{0x000000008c4f6ad8}: javax/smartcardio/CardPermission> (0x000000008c4f6ad8) thrown at [/build/openjdk-lts-iuKaMP/openjdk-lts-11.0.6+10/src/hotspot/share/classfile/systemDictionary.cpp, line 231]
Event: 0.195 Thread 0x00007f48b4016000 Exception <a 'java/io/FileNotFoundException'{0x000000008c4ffa40}> (0x000000008c4ffa40) thrown at [/build/openjdk-lts-iuKaMP/openjdk-lts-11.0.6+10/src/hotspot/share/prims/jni.cpp, line 615]
Event: 0.264 Thread 0x00007f48b4016000 Exception <a 'java/lang/ClassNotFoundException'{0x000000008c11d7c0}: sun/awt/resources/spi/awtProvider> (0x000000008c11d7c0) thrown at [/build/openjdk-lts-iuKaMP/openjdk-lts-11.0.6+10/src/hotspot/share/classfile/systemDictionary.cpp, line 231]
Event: 0.285 Thread 0x00007f48b4016000 Exception <a 'java/io/FileNotFoundException'{0x000000008c1902f8}> (0x000000008c1902f8) thrown at [/build/openjdk-lts-iuKaMP/openjdk-lts-11.0.6+10/src/hotspot/share/prims/jni.cpp, line 615]
Event: 0.296 Thread 0x00007f48b4016000 Exception <a 'java/lang/NoSuchMethodError'{0x000000008c1eb0c8}: 'java.lang.Object java.lang.invoke.DirectMethodHandle$Holder.invokeStatic(java.lang.Object, java.lang.Object, java.lang.Object, java.lang.Object, java.lang.Object, java.lang.Object, java.lang
Event: 0.298 Thread 0x00007f48b4016000 Exception <a 'java/lang/NoSuchMethodError'{0x000000008c1f8d58}: 'java.lang.Object java.lang.invoke.DirectMethodHandle$Holder.invokeStatic(java.lang.Object, java.lang.Object, java.lang.Object, java.lang.Object, java.lang.Object, java.lang.Object, java.lang
Event: 0.300 Thread 0x00007f48b4016000 Exception <a 'java/lang/NoSuchMethodError'{0x000000008c006e68}: 'java.lang.Object java.lang.invoke.DirectMethodHandle$Holder.invokeSpecial(java.lang.Object, java.lang.Object, int, int, java.lang.Object, java.lang.Object, java.lang.Object)'> (0x000000008c0
Event: 0.301 Thread 0x00007f48b4016000 Exception <a 'java/lang/NoSuchMethodError'{0x000000008c00a3f8}: 'java.lang.Object java.lang.invoke.DelegatingMethodHandle$Holder.reinvoke_L(java.lang.Object, int, int, java.lang.Object, java.lang.Object, java.lang.Object)'> (0x000000008c00a3f8) thrown at 
Event: 0.301 Thread 0x00007f48b4016000 Exception <a 'java/lang/NoSuchMethodError'{0x000000008c00e780}: 'java.lang.Object java.lang.invoke.DirectMethodHandle$Holder.invokeStatic(java.lang.Object, java.lang.Object, java.lang.Object, java.lang.Object, int)'> (0x000000008c00e780) thrown at [/build
Event: 0.424 Thread 0x00007f48b4016000 Exception <a 'java/lang/NoSuchMethodError'{0x000000008bc01100}: 'java.lang.Object java.lang.invoke.DirectMethodHandle$Holder.invokeStaticInit(java.lang.Object, java.lang.Object, long, java.lang.Object)'> (0x000000008bc01100) thrown at [/build/openjdk-lts-
Event: 0.425 Thread 0x00007f48b4016000 Exception <a 'java/lang/NoSuchMethodError'{0x000000008bc0d0e8}: 'java.lang.Object java.lang.invoke.Invokers$Holder.linkToTargetMethod(java.lang.Object, long, java.lang.Object)'> (0x000000008bc0d0e8) thrown at [/build/openjdk-lts-iuKaMP/openjdk-lts-11.0.6+
Event: 0.426 Thread 0x00007f48b4016000 Exception <a 'java/lang/NoSuchMethodError'{0x000000008bc14170}: 'java.lang.Object java.lang.invoke.DirectMethodHandle$Holder.invokeStatic(java.lang.Object, java.lang.Object, java.lang.Object, int)'> (0x000000008bc14170) thrown at [/build/openjdk-lts-iuKaM
Event: 0.426 Thread 0x00007f48b4016000 Exception <a 'java/lang/NoSuchMethodError'{0x000000008bc17a88}: 'java.lang.Object java.lang.invoke.DirectMethodHandle$Holder.invokeSpecial(java.lang.Object, java.lang.Object, java.lang.Object, java.lang.Object, int)'> (0x000000008bc17a88) thrown at [/buil
Event: 0.427 Thread 0x00007f48b4016000 Exception <a 'java/lang/NoSuchMethodError'{0x000000008bc1aaf0}: 'java.lang.Object java.lang.invoke.Invokers$Holder.linkToTargetMethod(java.lang.Object, java.lang.Object, int, java.lang.Object)'> (0x000000008bc1aaf0) thrown at [/build/openjdk-lts-iuKaMP/op
Event: 0.435 Thread 0x00007f48b4016000 Exception <a 'java/lang/UnsatisfiedLinkError'{0x000000008bca3d50}: libtesseract.so: cannot open shared object file: No such file or directory> (0x000000008bca3d50) thrown at [/build/openjdk-lts-iuKaMP/openjdk-lts-11.0.6+10/src/hotspot/share/prims/jni.cpp,
Event: 0.435 Thread 0x00007f48b4016000 Exception <a 'java/lang/UnsatisfiedLinkError'{0x000000008bca49a8}: libtesseract.so: cannot open shared object file: No such file or directory> (0x000000008bca49a8) thrown at [/build/openjdk-lts-iuKaMP/openjdk-lts-11.0.6+10/src/hotspot/share/prims/jni.cpp,

Events (20 events):
Event: 0.577 loading class com/github/jaiimageio/plugins/tiff/GeoTIFFTagSet$ModelTransformation
Event: 0.577 loading class com/github/jaiimageio/plugins/tiff/GeoTIFFTagSet$ModelTransformation done
Event: 0.577 loading class com/github/jaiimageio/plugins/tiff/GeoTIFFTagSet$ModelTiePoint
Event: 0.577 loading class com/github/jaiimageio/plugins/tiff/GeoTIFFTagSet$ModelTiePoint done
Event: 0.577 loading class com/github/jaiimageio/plugins/tiff/GeoTIFFTagSet$GeoKeyDirectory
Event: 0.577 loading class com/github/jaiimageio/plugins/tiff/GeoTIFFTagSet$GeoKeyDirectory done
Event: 0.577 loading class com/github/jaiimageio/plugins/tiff/GeoTIFFTagSet$GeoDoubleParams
Event: 0.577 loading class com/github/jaiimageio/plugins/tiff/GeoTIFFTagSet$GeoDoubleParams done
Event: 0.578 loading class com/github/jaiimageio/plugins/tiff/GeoTIFFTagSet$GeoAsciiParams
Event: 0.578 loading class com/github/jaiimageio/plugins/tiff/GeoTIFFTagSet$GeoAsciiParams done
Event: 0.579 loading class com/github/jaiimageio/impl/plugins/tiff/TIFFIFD
Event: 0.579 loading class com/github/jaiimageio/impl/plugins/tiff/TIFFIFD done
Event: 0.579 loading class com/github/jaiimageio/plugins/tiff/TIFFDirectory
Event: 0.579 loading class com/github/jaiimageio/plugins/tiff/TIFFDirectory done
Event: 0.580 loading class com/github/jaiimageio/plugins/tiff/TIFFField
Event: 0.580 loading class com/github/jaiimageio/plugins/tiff/TIFFField done
Event: 0.586 loading class java/lang/StrictMath
Event: 0.586 loading class java/lang/StrictMath done
Event: 0.586 loading class com/sun/jna/Native$Buffers
Event: 0.586 loading class com/sun/jna/Native$Buffers done


Dynamic libraries:
84e00000-8ca00000 rw-p 00000000 00:00 0 
8ca00000-ffe00000 ---p 00000000 00:00 0 
ffe00000-ffe47000 rw-p 01105000 08:07 18878274                           /usr/lib/jvm/java-11-openjdk-amd64/lib/server/classes.jsa
ffe47000-fff00000 rw-p 00000000 00:00 0 
fff00000-fff6a000 rw-p 0109b000 08:07 18878274                           /usr/lib/jvm/java-11-openjdk-amd64/lib/server/classes.jsa
fff6a000-100000000 rw-p 00000000 00:00 0 
800000000-800002000 rwxp 00001000 08:07 18878274                         /usr/lib/jvm/java-11-openjdk-amd64/lib/server/classes.jsa
800002000-8003b8000 rw-p 00003000 08:07 18878274                         /usr/lib/jvm/java-11-openjdk-amd64/lib/server/classes.jsa
8003b8000-800a8d000 r--p 003b9000 08:07 18878274                         /usr/lib/jvm/java-11-openjdk-amd64/lib/server/classes.jsa
800a8d000-800a8e000 rw-p 00a8e000 08:07 18878274                         /usr/lib/jvm/java-11-openjdk-amd64/lib/server/classes.jsa
800a8e000-80109a000 r--p 00a8f000 08:07 18878274                         /usr/lib/jvm/java-11-openjdk-amd64/lib/server/classes.jsa
840000000-8400e0000 rw-p 00000000 00:00 0 
8400e0000-880000000 ---p 00000000 00:00 0 
558980d47000-558980d48000 r-xp 00000000 08:07 18877665                   /usr/lib/jvm/java-11-openjdk-amd64/bin/java
558980f48000-558980f49000 r--p 00001000 08:07 18877665                   /usr/lib/jvm/java-11-openjdk-amd64/bin/java
558980f49000-558980f4a000 rw-p 00002000 08:07 18877665                   /usr/lib/jvm/java-11-openjdk-amd64/bin/java
558982ccb000-558982cec000 rw-p 00000000 00:00 0                          [heap]
7f483c000000-7f483c021000 rw-p 00000000 00:00 0 
7f483c021000-7f4840000000 ---p 00000000 00:00 0 
7f4843025000-7f4843030000 r-xp 00000000 08:07 18882818                   /usr/lib/x86_64-linux-gnu/libjbig.so.0
7f4843030000-7f484322f000 ---p 0000b000 08:07 18882818                   /usr/lib/x86_64-linux-gnu/libjbig.so.0
7f484322f000-7f4843230000 r--p 0000a000 08:07 18882818                   /usr/lib/x86_64-linux-gnu/libjbig.so.0
7f4843230000-7f4843233000 rw-p 0000b000 08:07 18882818                   /usr/lib/x86_64-linux-gnu/libjbig.so.0
7f4843233000-7f4843257000 r-xp 00000000 08:07 2233033                    /lib/x86_64-linux-gnu/liblzma.so.5.2.2
7f4843257000-7f4843457000 ---p 00024000 08:07 2233033                    /lib/x86_64-linux-gnu/liblzma.so.5.2.2
7f4843457000-7f4843458000 r--p 00024000 08:07 2233033                    /lib/x86_64-linux-gnu/liblzma.so.5.2.2
7f4843458000-7f4843459000 rw-p 00025000 08:07 2233033                    /lib/x86_64-linux-gnu/liblzma.so.5.2.2
7f4843459000-7f48434ad000 r-xp 00000000 08:07 18881242                   /usr/lib/x86_64-linux-gnu/libopenjp2.so.2.3.0
7f48434ad000-7f48436ad000 ---p 00054000 08:07 18881242                   /usr/lib/x86_64-linux-gnu/libopenjp2.so.2.3.0
7f48436ad000-7f48436ae000 r--p 00054000 08:07 18881242                   /usr/lib/x86_64-linux-gnu/libopenjp2.so.2.3.0
7f48436ae000-7f48436af000 rw-p 00055000 08:07 18881242                   /usr/lib/x86_64-linux-gnu/libopenjp2.so.2.3.0
7f48436af000-7f4843715000 r-xp 00000000 08:07 18883293                   /usr/lib/x86_64-linux-gnu/libwebp.so.6.0.2
7f4843715000-7f4843914000 ---p 00066000 08:07 18883293                   /usr/lib/x86_64-linux-gnu/libwebp.so.6.0.2
7f4843914000-7f4843915000 r--p 00065000 08:07 18883293                   /usr/lib/x86_64-linux-gnu/libwebp.so.6.0.2
7f4843915000-7f4843916000 rw-p 00066000 08:07 18883293                   /usr/lib/x86_64-linux-gnu/libwebp.so.6.0.2
7f4843916000-7f4843918000 rw-p 00000000 00:00 0 
7f4843918000-7f484398b000 r-xp 00000000 08:07 18879737                   /usr/lib/x86_64-linux-gnu/libtiff.so.5.3.0
7f484398b000-7f4843b8a000 ---p 00073000 08:07 18879737                   /usr/lib/x86_64-linux-gnu/libtiff.so.5.3.0
7f4843b8a000-7f4843b8e000 r--p 00072000 08:07 18879737                   /usr/lib/x86_64-linux-gnu/libtiff.so.5.3.0
7f4843b8e000-7f4843b8f000 rw-p 00076000 08:07 18879737                   /usr/lib/x86_64-linux-gnu/libtiff.so.5.3.0
7f4843b8f000-7f4843b97000 r-xp 00000000 08:07 18881240                   /usr/lib/x86_64-linux-gnu/libgif.so.7.0.0
7f4843b97000-7f4843d96000 ---p 00008000 08:07 18881240                   /usr/lib/x86_64-linux-gnu/libgif.so.7.0.0
7f4843d96000-7f4843d97000 r--p 00007000 08:07 18881240                   /usr/lib/x86_64-linux-gnu/libgif.so.7.0.0
7f4843d97000-7f4843d98000 rw-p 00008000 08:07 18881240                   /usr/lib/x86_64-linux-gnu/libgif.so.7.0.0
7f4843d98000-7f4843dff000 r-xp 00000000 08:07 18877078                   /usr/lib/x86_64-linux-gnu/libjpeg.so.8.1.2
7f4843dff000-7f4843ffe000 ---p 00067000 08:07 18877078                   /usr/lib/x86_64-linux-gnu/libjpeg.so.8.1.2
7f4843ffe000-7f4843fff000 r--p 00066000 08:07 18877078                   /usr/lib/x86_64-linux-gnu/libjpeg.so.8.1.2
7f4843fff000-7f4844000000 rw-p 00067000 08:07 18877078                   /usr/lib/x86_64-linux-gnu/libjpeg.so.8.1.2
7f4844000000-7f4844021000 rw-p 00000000 00:00 0 
7f4844021000-7f4848000000 ---p 00000000 00:00 0 
7f4848000000-7f4848021000 rw-p 00000000 00:00 0 
7f4848021000-7f484c000000 ---p 00000000 00:00 0 
7f484c000000-7f484c021000 rw-p 00000000 00:00 0 
7f484c021000-7f4850000000 ---p 00000000 00:00 0 
7f4850000000-7f4850021000 rw-p 00000000 00:00 0 
7f4850021000-7f4854000000 ---p 00000000 00:00 0 
7f4854000000-7f4854021000 rw-p 00000000 00:00 0 
7f4854021000-7f4858000000 ---p 00000000 00:00 0 
7f4858000000-7f4858021000 rw-p 00000000 00:00 0 
7f4858021000-7f485c000000 ---p 00000000 00:00 0 
7f485c000000-7f485c021000 rw-p 00000000 00:00 0 
7f485c021000-7f4860000000 ---p 00000000 00:00 0 
7f4860000000-7f4860021000 rw-p 00000000 00:00 0 
7f4860021000-7f4864000000 ---p 00000000 00:00 0 
7f4864000000-7f48643f5000 rw-p 00000000 00:00 0 
7f48643f5000-7f4868000000 ---p 00000000 00:00 0 
7f4868000000-7f48683de000 rw-p 00000000 00:00 0 
7f48683de000-7f486c000000 ---p 00000000 00:00 0 
7f486c000000-7f486c021000 rw-p 00000000 00:00 0 
7f486c021000-7f4870000000 ---p 00000000 00:00 0 
7f487018a000-7f48701bb000 r-xp 00000000 08:07 18879699                   /usr/lib/x86_64-linux-gnu/libpng16.so.16.34.0
7f48701bb000-7f48703ba000 ---p 00031000 08:07 18879699                   /usr/lib/x86_64-linux-gnu/libpng16.so.16.34.0
7f48703ba000-7f48703bb000 r--p 00030000 08:07 18879699                   /usr/lib/x86_64-linux-gnu/libpng16.so.16.34.0
7f48703bb000-7f48703bc000 rw-p 00031000 08:07 18879699                   /usr/lib/x86_64-linux-gnu/libpng16.so.16.34.0
7f48703bc000-7f48703ea000 r-xp 00000000 08:07 18878279                   /usr/lib/x86_64-linux-gnu/libgomp.so.1.0.0
7f48703ea000-7f48705e9000 ---p 0002e000 08:07 18878279                   /usr/lib/x86_64-linux-gnu/libgomp.so.1.0.0
7f48705e9000-7f48705ea000 r--p 0002d000 08:07 18878279                   /usr/lib/x86_64-linux-gnu/libgomp.so.1.0.0
7f48705ea000-7f48705eb000 rw-p 0002e000 08:07 18878279                   /usr/lib/x86_64-linux-gnu/libgomp.so.1.0.0
7f48705eb000-7f4870847000 r-xp 00000000 08:07 18881244                   /usr/lib/x86_64-linux-gnu/liblept.so.5.0.2
7f4870847000-7f4870a46000 ---p 0025c000 08:07 18881244                   /usr/lib/x86_64-linux-gnu/liblept.so.5.0.2
7f4870a46000-7f4870a47000 r--p 0025b000 08:07 18881244                   /usr/lib/x86_64-linux-gnu/liblept.so.5.0.2
7f4870a47000-7f4870a4d000 rw-p 0025c000 08:07 18881244                   /usr/lib/x86_64-linux-gnu/liblept.so.5.0.2
7f4870a4d000-7f4870d5a000 r-xp 00000000 08:07 18881246                   /usr/lib/x86_64-linux-gnu/libtesseract.so.4.0.0
7f4870d5a000-7f4870f59000 ---p 0030d000 08:07 18881246                   /usr/lib/x86_64-linux-gnu/libtesseract.so.4.0.0
7f4870f59000-7f4870f5e000 r--p 0030c000 08:07 18881246                   /usr/lib/x86_64-linux-gnu/libtesseract.so.4.0.0
7f4870f5e000-7f4870f5f000 rw-p 00311000 08:07 18881246                   /usr/lib/x86_64-linux-gnu/libtesseract.so.4.0.0
7f4870f5f000-7f4871203000 rw-p 00000000 00:00 0 
7f4871203000-7f4871204000 ---p 00000000 00:00 0 
7f4871204000-7f4871305000 rw-p 00000000 00:00 0 
7f4871305000-7f4871306000 ---p 00000000 00:00 0 
7f4871306000-7f4871407000 rw-p 00000000 00:00 0 
7f4871407000-7f4871408000 ---p 00000000 00:00 0 
7f4871408000-7f4871509000 rw-p 00000000 00:00 0 
7f4871509000-7f4871521000 r-xp 00000000 08:07 7602249                    /tmp/jna--914142452/jna1300469846225946099.tmp (deleted)
7f4871521000-7f4871721000 ---p 00018000 08:07 7602249                    /tmp/jna--914142452/jna1300469846225946099.tmp (deleted)
7f4871721000-7f4871722000 rw-p 00018000 08:07 7602249                    /tmp/jna--914142452/jna1300469846225946099.tmp (deleted)
7f4871722000-7f4871726000 ---p 00000000 00:00 0 
7f4871726000-7f4871823000 rw-p 00000000 00:00 0 
7f4871823000-7f4871836000 r-xp 00000000 08:07 2229263                    /lib/x86_64-linux-gnu/libbsd.so.0.8.7
7f4871836000-7f4871a35000 ---p 00013000 08:07 2229263                    /lib/x86_64-linux-gnu/libbsd.so.0.8.7
7f4871a35000-7f4871a36000 r--p 00012000 08:07 2229263                    /lib/x86_64-linux-gnu/libbsd.so.0.8.7
7f4871a36000-7f4871a37000 rw-p 00013000 08:07 2229263                    /lib/x86_64-linux-gnu/libbsd.so.0.8.7
7f4871a37000-7f4871a38000 rw-p 00000000 00:00 0 
7f4871a38000-7f4871a3d000 r-xp 00000000 08:07 18882168                   /usr/lib/x86_64-linux-gnu/libXdmcp.so.6.0.0
7f4871a3d000-7f4871c3c000 ---p 00005000 08:07 18882168                   /usr/lib/x86_64-linux-gnu/libXdmcp.so.6.0.0
7f4871c3c000-7f4871c3d000 r--p 00004000 08:07 18882168                   /usr/lib/x86_64-linux-gnu/libXdmcp.so.6.0.0
7f4871c3d000-7f4871c3e000 rw-p 00005000 08:07 18882168                   /usr/lib/x86_64-linux-gnu/libXdmcp.so.6.0.0
7f4871c3e000-7f4871c40000 r-xp 00000000 08:07 18882157                   /usr/lib/x86_64-linux-gnu/libXau.so.6.0.0
7f4871c40000-7f4871e40000 ---p 00002000 08:07 18882157                   /usr/lib/x86_64-linux-gnu/libXau.so.6.0.0
7f4871e40000-7f4871e41000 r--p 00002000 08:07 18882157                   /usr/lib/x86_64-linux-gnu/libXau.so.6.0.0
7f4871e41000-7f4871e42000 rw-p 00003000 08:07 18882157                   /usr/lib/x86_64-linux-gnu/libXau.so.6.0.0
7f4871e42000-7f4871e68000 r-xp 00000000 08:07 18883361                   /usr/lib/x86_64-linux-gnu/libxcb.so.1.1.0
7f4871e68000-7f4872068000 ---p 00026000 08:07 18883361                   /usr/lib/x86_64-linux-gnu/libxcb.so.1.1.0
7f4872068000-7f4872069000 r--p 00026000 08:07 18883361                   /usr/lib/x86_64-linux-gnu/libxcb.so.1.1.0
7f4872069000-7f487206a000 rw-p 00027000 08:07 18883361                   /usr/lib/x86_64-linux-gnu/libxcb.so.1.1.0
7f487206a000-7f4872079000 r-xp 00000000 08:07 18882178                   /usr/lib/x86_64-linux-gnu/libXi.so.6.1.0
7f4872079000-7f4872278000 ---p 0000f000 08:07 18882178                   /usr/lib/x86_64-linux-gnu/libXi.so.6.1.0
7f4872278000-7f4872279000 r--p 0000e000 08:07 18882178                   /usr/lib/x86_64-linux-gnu/libXi.so.6.1.0
7f4872279000-7f487227a000 rw-p 0000f000 08:07 18882178                   /usr/lib/x86_64-linux-gnu/libXi.so.6.1.0
7f487227a000-7f487227f000 r-xp 00000000 08:07 18882196                   /usr/lib/x86_64-linux-gnu/libXtst.so.6.1.0
7f487227f000-7f487247e000 ---p 00005000 08:07 18882196                   /usr/lib/x86_64-linux-gnu/libXtst.so.6.1.0
7f487247e000-7f487247f000 r--p 00004000 08:07 18882196                   /usr/lib/x86_64-linux-gnu/libXtst.so.6.1.0
7f487247f000-7f4872480000 rw-p 00005000 08:07 18882196                   /usr/lib/x86_64-linux-gnu/libXtst.so.6.1.0
7f4872480000-7f4872489000 r-xp 00000000 08:07 18882190                   /usr/lib/x86_64-linux-gnu/libXrender.so.1.3.0
7f4872489000-7f4872688000 ---p 00009000 08:07 18882190                   /usr/lib/x86_64-linux-gnu/libXrender.so.1.3.0
7f4872688000-7f4872689000 r--p 00008000 08:07 18882190                   /usr/lib/x86_64-linux-gnu/libXrender.so.1.3.0
7f4872689000-7f487268a000 rw-p 00009000 08:07 18882190                   /usr/lib/x86_64-linux-gnu/libXrender.so.1.3.0
7f487268a000-7f48727bd000 r-xp 00000000 08:07 18874381                   /usr/lib/x86_64-linux-gnu/libX11.so.6.3.0
7f48727bd000-7f48729bd000 ---p 00133000 08:07 18874381                   /usr/lib/x86_64-linux-gnu/libX11.so.6.3.0
7f48729bd000-7f48729be000 r--p 00133000 08:07 18874381                   /usr/lib/x86_64-linux-gnu/libX11.so.6.3.0
7f48729be000-7f48729c2000 rw-p 00134000 08:07 18874381                   /usr/lib/x86_64-linux-gnu/libX11.so.6.3.0
7f48729c2000-7f48729d3000 r-xp 00000000 08:07 18882170                   /usr/lib/x86_64-linux-gnu/libXext.so.6.4.0
7f48729d3000-7f4872bd2000 ---p 00011000 08:07 18882170                   /usr/lib/x86_64-linux-gnu/libXext.so.6.4.0
7f4872bd2000-7f4872bd3000 r--p 00010000 08:07 18882170                   /usr/lib/x86_64-linux-gnu/libXext.so.6.4.0
7f4872bd3000-7f4872bd4000 rw-p 00011000 08:07 18882170                   /usr/lib/x86_64-linux-gnu/libXext.so.6.4.0
7f4872bd4000-7f4872c33000 r-xp 00000000 08:07 18878058                   /usr/lib/jvm/java-11-openjdk-amd64/lib/libawt_xawt.so
7f4872c33000-7f4872e32000 ---p 0005f000 08:07 18878058                   /usr/lib/jvm/java-11-openjdk-amd64/lib/libawt_xawt.so
7f4872e32000-7f4872e33000 r--p 0005e000 08:07 18878058                   /usr/lib/jvm/java-11-openjdk-amd64/lib/libawt_xawt.so
7f4872e33000-7f4872e36000 rw-p 0005f000 08:07 18878058                   /usr/lib/jvm/java-11-openjdk-amd64/lib/libawt_xawt.so
7f4872e36000-7f4872e38000 rw-p 00000000 00:00 0 
7f4872e38000-7f4872ed7000 r-xp 00000000 08:07 18878025                   /usr/lib/jvm/java-11-openjdk-amd64/lib/libawt.so
7f4872ed7000-7f48730d7000 ---p 0009f000 08:07 18878025                   /usr/lib/jvm/java-11-openjdk-amd64/lib/libawt.so
7f48730d7000-7f48730d8000 r--p 0009f000 08:07 18878025                   /usr/lib/jvm/java-11-openjdk-amd64/lib/libawt.so
7f48730d8000-7f48730e3000 rw-p 000a0000 08:07 18878025                   /usr/lib/jvm/java-11-openjdk-amd64/lib/libawt.so
7f48730e3000-7f4873108000 rw-p 00000000 00:00 0 
7f4873108000-7f487311e000 r-xp 00000000 08:07 18878079                   /usr/lib/jvm/java-11-openjdk-amd64/lib/libnet.so
7f487311e000-7f487331d000 ---p 00016000 08:07 18878079                   /usr/lib/jvm/java-11-openjdk-amd64/lib/libnet.so
7f487331d000-7f487331e000 r--p 00015000 08:07 18878079                   /usr/lib/jvm/java-11-openjdk-amd64/lib/libnet.so
7f487331e000-7f487331f000 rw-p 00016000 08:07 18878079                   /usr/lib/jvm/java-11-openjdk-amd64/lib/libnet.so
7f487331f000-7f487332f000 r-xp 00000000 08:07 18878080                   /usr/lib/jvm/java-11-openjdk-amd64/lib/libnio.so
7f487332f000-7f487352e000 ---p 00010000 08:07 18878080                   /usr/lib/jvm/java-11-openjdk-amd64/lib/libnio.so
7f487352e000-7f487352f000 r--p 0000f000 08:07 18878080                   /usr/lib/jvm/java-11-openjdk-amd64/lib/libnio.so
7f487352f000-7f4873530000 rw-p 00010000 08:07 18878080                   /usr/lib/jvm/java-11-openjdk-amd64/lib/libnio.so
7f4873530000-7f4873534000 ---p 00000000 00:00 0 
7f4873534000-7f4873631000 rw-p 00000000 00:00 0 
7f4873631000-7f4874000000 r--p 00000000 08:07 18881134                   /usr/lib/locale/locale-archive
7f4874000000-7f4874021000 rw-p 00000000 00:00 0 
7f4874021000-7f4878000000 ---p 00000000 00:00 0 
7f4878000000-7f4878021000 rw-p 00000000 00:00 0 
7f4878021000-7f487c000000 ---p 00000000 00:00 0 
7f487c000000-7f487c021000 rw-p 00000000 00:00 0 
7f487c021000-7f4880000000 ---p 00000000 00:00 0 
7f4880000000-7f4880021000 rw-p 00000000 00:00 0 
7f4880021000-7f4884000000 ---p 00000000 00:00 0 
7f4884000000-7f4884021000 rw-p 00000000 00:00 0 
7f4884021000-7f4888000000 ---p 00000000 00:00 0 
7f4888000000-7f4888021000 rw-p 00000000 00:00 0 
7f4888021000-7f488c000000 ---p 00000000 00:00 0 
7f488c000000-7f488c021000 rw-p 00000000 00:00 0 
7f488c021000-7f4890000000 ---p 00000000 00:00 0 
7f48900cb000-7f48900cc000 ---p 00000000 00:00 0 
7f48900cc000-7f48901cd000 rw-p 00000000 00:00 0 
7f48901cd000-7f48901d1000 ---p 00000000 00:00 0 
7f48901d1000-7f48902ce000 rw-p 00000000 00:00 0 
7f48902ce000-7f48902d2000 ---p 00000000 00:00 0 
7f48902d2000-7f48903cf000 rw-p 00000000 00:00 0 
7f48903cf000-7f48903d3000 ---p 00000000 00:00 0 
7f48903d3000-7f48904d0000 rw-p 00000000 00:00 0 
7f48904d0000-7f48904d4000 ---p 00000000 00:00 0 
7f48904d4000-7f48905d1000 rw-p 00000000 00:00 0 
7f48905d1000-7f48905d5000 ---p 00000000 00:00 0 
7f48905d5000-7f48906d2000 rw-p 00000000 00:00 0 
7f48906d2000-7f48906d6000 ---p 00000000 00:00 0 
7f48906d6000-7f48907d3000 rw-p 00000000 00:00 0 
7f48907d3000-7f48907d7000 ---p 00000000 00:00 0 
7f48907d7000-7f48908d4000 rw-p 00000000 00:00 0 
7f48908d4000-7f48908d5000 ---p 00000000 00:00 0 
7f48908d5000-7f48910b2000 rw-p 00000000 00:00 0 
7f48910b2000-7f48912b2000 ---p 00000000 00:00 0 
7f48912b2000-7f48912b3000 ---p 00000000 00:00 0 
7f48912b3000-7f48913b4000 rw-p 00000000 00:00 0 
7f48913b4000-7f48913b5000 ---p 00000000 00:00 0 
7f48913b5000-7f48938ba000 rw-p 00000000 00:00 0 
7f48938ba000-7f48938bb000 ---p 00000000 00:00 0 
7f48938bb000-7f48939bc000 rw-p 00000000 00:00 0 
7f48939bc000-7f48939bd000 ---p 00000000 00:00 0 
7f48939bd000-7f4893cae000 rw-p 00000000 00:00 0 
7f4893cae000-7f489597e000 ---p 00000000 00:00 0 
7f489597e000-7f4895b76000 rw-p 00000000 00:00 0 
7f4895b76000-7f4897846000 ---p 00000000 00:00 0 
7f4897846000-7f489788c000 rw-p 00000000 00:00 0 
7f489788c000-7f4897c26000 ---p 00000000 00:00 0 
7f4897c26000-7f4897c65000 rw-p 00000000 00:00 0 
7f4897c65000-7f4897fff000 ---p 00000000 00:00 0 
7f4897fff000-7f4898000000 rw-p 00000000 00:00 0 
7f4898000000-7f4898021000 rw-p 00000000 00:00 0 
7f4898021000-7f489c000000 ---p 00000000 00:00 0 
7f489c000000-7f489c06f000 rw-p 00000000 00:00 0 
7f489c06f000-7f489c409000 ---p 00000000 00:00 0 
7f489c409000-7f489c80e000 rw-p 00000000 00:00 0 
7f489c80e000-7f489c80f000 ---p 00000000 00:00 0 
7f489c80f000-7f489c910000 rw-p 00000000 00:00 0 
7f489c910000-7f489cb80000 rwxp 00000000 00:00 0 
7f489cb80000-7f489cea0000 ---p 00000000 00:00 0 
7f489cea0000-7f489d110000 rwxp 00000000 00:00 0 
7f489d110000-7f48a43d8000 ---p 00000000 00:00 0 
7f48a43d8000-7f48a4648000 rwxp 00000000 00:00 0 
7f48a4648000-7f48ab910000 ---p 00000000 00:00 0 
7f48ab910000-7f48b4000000 r--s 00000000 08:07 18878089                   /usr/lib/jvm/java-11-openjdk-amd64/lib/modules
7f48b4000000-7f48b4858000 rw-p 00000000 00:00 0 
7f48b4858000-7f48b8000000 ---p 00000000 00:00 0 
7f48b8018000-7f48b801d000 rw-p 00000000 00:00 0 
7f48b801d000-7f48b8103000 ---p 00000000 00:00 0 
7f48b8103000-7f48b8108000 rw-p 00000000 00:00 0 
7f48b8108000-7f48b81ee000 ---p 00000000 00:00 0 
7f48b81ee000-7f48b81f3000 r-xp 00000000 08:07 18878071                   /usr/lib/jvm/java-11-openjdk-amd64/lib/libjimage.so
7f48b81f3000-7f48b83f2000 ---p 00005000 08:07 18878071                   /usr/lib/jvm/java-11-openjdk-amd64/lib/libjimage.so
7f48b83f2000-7f48b83f3000 r--p 00004000 08:07 18878071                   /usr/lib/jvm/java-11-openjdk-amd64/lib/libjimage.so
7f48b83f3000-7f48b83f4000 rw-p 00005000 08:07 18878071                   /usr/lib/jvm/java-11-openjdk-amd64/lib/libjimage.so
7f48b83f4000-7f48b83fb000 r-xp 00000000 08:07 18878088                   /usr/lib/jvm/java-11-openjdk-amd64/lib/libzip.so
7f48b83fb000-7f48b85fa000 ---p 00007000 08:07 18878088                   /usr/lib/jvm/java-11-openjdk-amd64/lib/libzip.so
7f48b85fa000-7f48b85fb000 r--p 00006000 08:07 18878088                   /usr/lib/jvm/java-11-openjdk-amd64/lib/libzip.so
7f48b85fb000-7f48b85fc000 rw-p 00007000 08:07 18878088                   /usr/lib/jvm/java-11-openjdk-amd64/lib/libzip.so
7f48b85fc000-7f48b8607000 r-xp 00000000 08:07 2233063                    /lib/x86_64-linux-gnu/libnss_files-2.27.so
7f48b8607000-7f48b8806000 ---p 0000b000 08:07 2233063                    /lib/x86_64-linux-gnu/libnss_files-2.27.so
7f48b8806000-7f48b8807000 r--p 0000a000 08:07 2233063                    /lib/x86_64-linux-gnu/libnss_files-2.27.so
7f48b8807000-7f48b8808000 rw-p 0000b000 08:07 2233063                    /lib/x86_64-linux-gnu/libnss_files-2.27.so
7f48b8808000-7f48b880e000 rw-p 00000000 00:00 0 
7f48b880e000-7f48b8825000 r-xp 00000000 08:07 2233057                    /lib/x86_64-linux-gnu/libnsl-2.27.so
7f48b8825000-7f48b8a24000 ---p 00017000 08:07 2233057                    /lib/x86_64-linux-gnu/libnsl-2.27.so
7f48b8a24000-7f48b8a25000 r--p 00016000 08:07 2233057                    /lib/x86_64-linux-gnu/libnsl-2.27.so
7f48b8a25000-7f48b8a26000 rw-p 00017000 08:07 2233057                    /lib/x86_64-linux-gnu/libnsl-2.27.so
7f48b8a26000-7f48b8a28000 rw-p 00000000 00:00 0 
7f48b8a28000-7f48b8a33000 r-xp 00000000 08:07 2233074                    /lib/x86_64-linux-gnu/libnss_nis-2.27.so
7f48b8a33000-7f48b8c32000 ---p 0000b000 08:07 2233074                    /lib/x86_64-linux-gnu/libnss_nis-2.27.so
7f48b8c32000-7f48b8c33000 r--p 0000a000 08:07 2233074                    /lib/x86_64-linux-gnu/libnss_nis-2.27.so
7f48b8c33000-7f48b8c34000 rw-p 0000b000 08:07 2233074                    /lib/x86_64-linux-gnu/libnss_nis-2.27.so
7f48b8c34000-7f48b8c3c000 r-xp 00000000 08:07 2233059                    /lib/x86_64-linux-gnu/libnss_compat-2.27.so
7f48b8c3c000-7f48b8e3c000 ---p 00008000 08:07 2233059                    /lib/x86_64-linux-gnu/libnss_compat-2.27.so
7f48b8e3c000-7f48b8e3d000 r--p 00008000 08:07 2233059                    /lib/x86_64-linux-gnu/libnss_compat-2.27.so
7f48b8e3d000-7f48b8e3e000 rw-p 00009000 08:07 2233059                    /lib/x86_64-linux-gnu/libnss_compat-2.27.so
7f48b8e3e000-7f48b8e67000 r-xp 00000000 08:07 18878067                   /usr/lib/jvm/java-11-openjdk-amd64/lib/libjava.so
7f48b8e67000-7f48b9066000 ---p 00029000 08:07 18878067                   /usr/lib/jvm/java-11-openjdk-amd64/lib/libjava.so
7f48b9066000-7f48b9067000 r--p 00028000 08:07 18878067                   /usr/lib/jvm/java-11-openjdk-amd64/lib/libjava.so
7f48b9067000-7f48b9069000 rw-p 00029000 08:07 18878067                   /usr/lib/jvm/java-11-openjdk-amd64/lib/libjava.so
7f48b9069000-7f48b9076000 r-xp 00000000 08:07 18878087                   /usr/lib/jvm/java-11-openjdk-amd64/lib/libverify.so
7f48b9076000-7f48b9275000 ---p 0000d000 08:07 18878087                   /usr/lib/jvm/java-11-openjdk-amd64/lib/libverify.so
7f48b9275000-7f48b9277000 r--p 0000c000 08:07 18878087                   /usr/lib/jvm/java-11-openjdk-amd64/lib/libverify.so
7f48b9277000-7f48b9278000 rw-p 0000e000 08:07 18878087                   /usr/lib/jvm/java-11-openjdk-amd64/lib/libverify.so
7f48b9278000-7f48b927f000 r-xp 00000000 08:07 2233114                    /lib/x86_64-linux-gnu/librt-2.27.so
7f48b927f000-7f48b947e000 ---p 00007000 08:07 2233114                    /lib/x86_64-linux-gnu/librt-2.27.so
7f48b947e000-7f48b947f000 r--p 00006000 08:07 2233114                    /lib/x86_64-linux-gnu/librt-2.27.so
7f48b947f000-7f48b9480000 rw-p 00007000 08:07 2233114                    /lib/x86_64-linux-gnu/librt-2.27.so
7f48b9480000-7f48b9497000 r-xp 00000000 08:07 2228230                    /lib/x86_64-linux-gnu/libgcc_s.so.1
7f48b9497000-7f48b9696000 ---p 00017000 08:07 2228230                    /lib/x86_64-linux-gnu/libgcc_s.so.1
7f48b9696000-7f48b9697000 r--p 00016000 08:07 2228230                    /lib/x86_64-linux-gnu/libgcc_s.so.1
7f48b9697000-7f48b9698000 rw-p 00017000 08:07 2228230                    /lib/x86_64-linux-gnu/libgcc_s.so.1
7f48b9698000-7f48b9835000 r-xp 00000000 08:07 2233036                    /lib/x86_64-linux-gnu/libm-2.27.so
7f48b9835000-7f48b9a34000 ---p 0019d000 08:07 2233036                    /lib/x86_64-linux-gnu/libm-2.27.so
7f48b9a34000-7f48b9a35000 r--p 0019c000 08:07 2233036                    /lib/x86_64-linux-gnu/libm-2.27.so
7f48b9a35000-7f48b9a36000 rw-p 0019d000 08:07 2233036                    /lib/x86_64-linux-gnu/libm-2.27.so
7f48b9a36000-7f48b9baf000 r-xp 00000000 08:07 18877063                   /usr/lib/x86_64-linux-gnu/libstdc++.so.6.0.25
7f48b9baf000-7f48b9daf000 ---p 00179000 08:07 18877063                   /usr/lib/x86_64-linux-gnu/libstdc++.so.6.0.25
7f48b9daf000-7f48b9db9000 r--p 00179000 08:07 18877063                   /usr/lib/x86_64-linux-gnu/libstdc++.so.6.0.25
7f48b9db9000-7f48b9dbb000 rw-p 00183000 08:07 18877063                   /usr/lib/x86_64-linux-gnu/libstdc++.so.6.0.25
7f48b9dbb000-7f48b9dbf000 rw-p 00000000 00:00 0 
7f48b9dbf000-7f48bae98000 r-xp 00000000 08:07 18878094                   /usr/lib/jvm/java-11-openjdk-amd64/lib/server/libjvm.so
7f48bae98000-7f48bb097000 ---p 010d9000 08:07 18878094                   /usr/lib/jvm/java-11-openjdk-amd64/lib/server/libjvm.so
7f48bb097000-7f48bb154000 r--p 010d8000 08:07 18878094                   /usr/lib/jvm/java-11-openjdk-amd64/lib/server/libjvm.so
7f48bb154000-7f48bb18e000 rw-p 01195000 08:07 18878094                   /usr/lib/jvm/java-11-openjdk-amd64/lib/server/libjvm.so
7f48bb18e000-7f48bb1e4000 rw-p 00000000 00:00 0 
7f48bb1e4000-7f48bb1fe000 r-xp 00000000 08:07 2233106                    /lib/x86_64-linux-gnu/libpthread-2.27.so
7f48bb1fe000-7f48bb3fd000 ---p 0001a000 08:07 2233106                    /lib/x86_64-linux-gnu/libpthread-2.27.so
7f48bb3fd000-7f48bb3fe000 r--p 00019000 08:07 2233106                    /lib/x86_64-linux-gnu/libpthread-2.27.so
7f48bb3fe000-7f48bb3ff000 rw-p 0001a000 08:07 2233106                    /lib/x86_64-linux-gnu/libpthread-2.27.so
7f48bb3ff000-7f48bb403000 rw-p 00000000 00:00 0 
7f48bb403000-7f48bb406000 r-xp 00000000 08:07 2232996                    /lib/x86_64-linux-gnu/libdl-2.27.so
7f48bb406000-7f48bb605000 ---p 00003000 08:07 2232996                    /lib/x86_64-linux-gnu/libdl-2.27.so
7f48bb605000-7f48bb606000 r--p 00002000 08:07 2232996                    /lib/x86_64-linux-gnu/libdl-2.27.so
7f48bb606000-7f48bb607000 rw-p 00003000 08:07 2232996                    /lib/x86_64-linux-gnu/libdl-2.27.so
7f48bb607000-7f48bb623000 r-xp 00000000 08:07 2233145                    /lib/x86_64-linux-gnu/libz.so.1.2.11
7f48bb623000-7f48bb822000 ---p 0001c000 08:07 2233145                    /lib/x86_64-linux-gnu/libz.so.1.2.11
7f48bb822000-7f48bb823000 r--p 0001b000 08:07 2233145                    /lib/x86_64-linux-gnu/libz.so.1.2.11
7f48bb823000-7f48bb824000 rw-p 0001c000 08:07 2233145                    /lib/x86_64-linux-gnu/libz.so.1.2.11
7f48bb824000-7f48bba0b000 r-xp 00000000 08:07 2232973                    /lib/x86_64-linux-gnu/libc-2.27.so
7f48bba0b000-7f48bbc0b000 ---p 001e7000 08:07 2232973                    /lib/x86_64-linux-gnu/libc-2.27.so
7f48bbc0b000-7f48bbc0f000 r--p 001e7000 08:07 2232973                    /lib/x86_64-linux-gnu/libc-2.27.so
7f48bbc0f000-7f48bbc11000 rw-p 001eb000 08:07 2232973                    /lib/x86_64-linux-gnu/libc-2.27.so
7f48bbc11000-7f48bbc15000 rw-p 00000000 00:00 0 
7f48bbc15000-7f48bbc25000 r-xp 00000000 08:07 18878020                   /usr/lib/jvm/java-11-openjdk-amd64/lib/jli/libjli.so
7f48bbc25000-7f48bbe24000 ---p 00010000 08:07 18878020                   /usr/lib/jvm/java-11-openjdk-amd64/lib/jli/libjli.so
7f48bbe24000-7f48bbe25000 r--p 0000f000 08:07 18878020                   /usr/lib/jvm/java-11-openjdk-amd64/lib/jli/libjli.so
7f48bbe25000-7f48bbe26000 rw-p 00010000 08:07 18878020                   /usr/lib/jvm/java-11-openjdk-amd64/lib/jli/libjli.so
7f48bbe26000-7f48bbe4d000 r-xp 00000000 08:07 2232945                    /lib/x86_64-linux-gnu/ld-2.27.so
7f48bbe59000-7f48bbe5d000 ---p 00000000 00:00 0 
7f48bbe5d000-7f48bbf2c000 rw-p 00000000 00:00 0 
7f48bbf2c000-7f48bbf33000 ---p 00000000 00:00 0 
7f48bbf33000-7f48bbf37000 ---p 00000000 00:00 0 
7f48bbf37000-7f48bc036000 rw-p 00000000 00:00 0 
7f48bc041000-7f48bc049000 rw-s 00000000 08:07 7602223                    /tmp/hsperfdata_hackerman/12412
7f48bc049000-7f48bc04a000 ---p 00000000 00:00 0 
7f48bc04a000-7f48bc04b000 r--p 00000000 00:00 0 
7f48bc04b000-7f48bc04d000 rw-p 00000000 00:00 0 
7f48bc04d000-7f48bc04e000 r--p 00027000 08:07 2232945                    /lib/x86_64-linux-gnu/ld-2.27.so
7f48bc04e000-7f48bc04f000 rw-p 00028000 08:07 2232945                    /lib/x86_64-linux-gnu/ld-2.27.so
7f48bc04f000-7f48bc050000 rw-p 00000000 00:00 0 
7ffe64ad9000-7ffe64afb000 rw-p 00000000 00:00 0                          [stack]
7ffe64b7e000-7ffe64b81000 r--p 00000000 00:00 0                          [vvar]
7ffe64b81000-7ffe64b83000 r-xp 00000000 00:00 0                          [vdso]
ffffffffff600000-ffffffffff601000 r-xp 00000000 00:00 0                  [vsyscall]


VM Arguments:
jvm_args: -Dfile.encoding=UTF-8 
java_command: ocrdemo.ReadImages
java_class_path (initial): /home/hackerman/Documents/workspace-spring-tool-suite-4-4.5.1.RELEASE/tesseract/target/classes:/home/hackerman/.m2/repository/org/springframework/boot/spring-boot-starter-web/2.2.4.RELEASE/spring-boot-starter-web-2.2.4.RELEASE.jar:/home/hackerman/.m2/repository/org/springframework/boot/spring-boot-starter/2.2.4.RELEASE/spring-boot-starter-2.2.4.RELEASE.jar:/home/hackerman/.m2/repository/org/springframework/boot/spring-boot/2.2.4.RELEASE/spring-boot-2.2.4.RELEASE.jar:/home/hackerman/.m2/repository/org/springframework/boot/spring-boot-autoconfigure/2.2.4.RELEASE/spring-boot-autoconfigure-2.2.4.RELEASE.jar:/home/hackerman/.m2/repository/org/springframework/boot/spring-boot-starter-logging/2.2.4.RELEASE/spring-boot-starter-logging-2.2.4.RELEASE.jar:/home/hackerman/.m2/repository/org/apache/logging/log4j/log4j-to-slf4j/2.12.1/log4j-to-slf4j-2.12.1.jar:/home/hackerman/.m2/repository/org/apache/logging/log4j/log4j-api/2.12.1/log4j-api-2.12.1.jar:/home/hackerman/.m2/repository/jakarta/annotation/jakarta.annotation-api/1.3.5/jakarta.annotation-api-1.3.5.jar:/home/hackerman/.m2/repository/org/yaml/snakeyaml/1.25/snakeyaml-1.25.jar:/home/hackerman/.m2/repository/org/springframework/boot/spring-boot-starter-json/2.2.4.RELEASE/spring-boot-starter-json-2.2.4.RELEASE.jar:/home/hackerman/.m2/repository/com/fasterxml/jackson/core/jackson-databind/2.10.2/jackson-databind-2.10.2.jar:/home/hackerman/.m2/repository/com/fasterxml/jackson/core/jackson-annotations/2.10.2/jackson-annotations-2.10.2.jar:/home/hackerman/.m2/repository/com/fasterxml/jackson/core/jackson-core/2.10.2/jackson-core-2.10.2.jar:/home/hackerman/.m2/repository/com/fasterxml/jackson/datatype/jackson-datatype-jdk8/2.10.2/jackson-datatype-jdk8-2.10.2.jar:/home/hackerman/.m2/repository/com/fasterxml/jackson/datatype/jackson-datatype-jsr310/2.10.2/jackson-datatype-jsr310-2.10.2.jar:/home/hackerman/.m2/repository/com/fasterxml/jackson/module/jackson-module-parameter-names/2.10.2/jackson-module-p
Launcher Type: SUN_STANDARD

[Global flags]
     intx CICompilerCount                          = 3                                         {product} {ergonomic}
     uint ConcGCThreads                            = 1                                         {product} {ergonomic}
     uint G1ConcRefinementThreads                  = 4                                         {product} {ergonomic}
   size_t G1HeapRegionSize                         = 1048576                                   {product} {ergonomic}
    uintx GCDrainStackTargetSize                   = 64                                        {product} {ergonomic}
   size_t InitialHeapSize                          = 130023424                                 {product} {ergonomic}
   size_t MarkStackSize                            = 4194304                                   {product} {ergonomic}
   size_t MaxHeapSize                              = 2065694720                                {product} {ergonomic}
   size_t MaxNewSize                               = 1239416832                                {product} {ergonomic}
   size_t MinHeapDeltaBytes                        = 1048576                                   {product} {ergonomic}
    uintx NonNMethodCodeHeapSize                   = 5830732                                {pd product} {ergonomic}
    uintx NonProfiledCodeHeapSize                  = 122913754                              {pd product} {ergonomic}
    uintx ProfiledCodeHeapSize                     = 122913754                              {pd product} {ergonomic}
    uintx ReservedCodeCacheSize                    = 251658240                              {pd product} {ergonomic}
     bool SegmentedCodeCache                       = true                                      {product} {ergonomic}
     bool UseCompressedClassPointers               = true                                 {lp64_product} {ergonomic}
     bool UseCompressedOops                        = true                                 {lp64_product} {ergonomic}
     bool UseG1GC                                  = true                                      {product} {ergonomic}

Logging:
Log output configuration:
 #0: stdout all=warning uptime,level,tags
 #1: stderr all=off uptime,level,tags

Environment Variables:
PATH=/usr/local/sbin:/usr/local/bin:/usr/sbin:/usr/bin:/sbin:/bin:/usr/games:/usr/local/games:/snap/bin
USERNAME=hackerman
SHELL=/bin/bash
DISPLAY=:0

Signal Handlers:
SIGSEGV: [libjvm.so+0xdf1470], sa_mask[0]=11111111011111111101111111111110, sa_flags=SA_RESTART|SA_SIGINFO
SIGBUS: [libjvm.so+0xdf1470], sa_mask[0]=11111111011111111101111111111110, sa_flags=SA_RESTART|SA_SIGINFO
SIGFPE: [libjvm.so+0xdf1470], sa_mask[0]=11111111011111111101111111111110, sa_flags=SA_RESTART|SA_SIGINFO
SIGPIPE: [libjvm.so+0xbc5560], sa_mask[0]=11111111011111111101111111111110, sa_flags=SA_RESTART|SA_SIGINFO
SIGXFSZ: [libjvm.so+0xbc5560], sa_mask[0]=11111111011111111101111111111110, sa_flags=SA_RESTART|SA_SIGINFO
SIGILL: [libjvm.so+0xdf1470], sa_mask[0]=11111111011111111101111111111110, sa_flags=SA_RESTART|SA_SIGINFO
SIGUSR2: [libjvm.so+0xbc5400], sa_mask[0]=00100000000000000000000000000000, sa_flags=SA_RESTART|SA_SIGINFO
SIGHUP: [libjvm.so+0xbc5760], sa_mask[0]=11111111011111111101111111111110, sa_flags=SA_RESTART|SA_SIGINFO
SIGINT: [libjvm.so+0xbc5760], sa_mask[0]=11111111011111111101111111111110, sa_flags=SA_RESTART|SA_SIGINFO
SIGTERM: [libjvm.so+0xbc5760], sa_mask[0]=11111111011111111101111111111110, sa_flags=SA_RESTART|SA_SIGINFO
SIGQUIT: [libjvm.so+0xbc5760], sa_mask[0]=11111111011111111101111111111110, sa_flags=SA_RESTART|SA_SIGINFO


---------------  S Y S T E M  ---------------

OS:DISTRIB_ID=Ubuntu
DISTRIB_RELEASE=18.04
DISTRIB_CODENAME=bionic
DISTRIB_DESCRIPTION="Ubuntu 18.04.1 LTS"
uname:Linux 4.15.0-29-generic #31-Ubuntu SMP Tue Jul 17 15:39:52 UTC 2018 x86_64
libc:glibc 2.27 NPTL 2.27 
rlimit: STACK 8192k, CORE 0k, NPROC 31045, NOFILE 4096, AS infinity, DATA infinity, FSIZE infinity
load average:2.25 3.00 2.23

/proc/meminfo:
MemTotal:        8066264 kB
MemFree:          131356 kB
MemAvailable:    3058268 kB
Buffers:          186252 kB
Cached:          3592240 kB
SwapCached:            0 kB
Active:          5113240 kB
Inactive:        2277292 kB
Active(anon):    3613260 kB
Inactive(anon):   812580 kB
Active(file):    1499980 kB
Inactive(file):  1464712 kB
Unevictable:          96 kB
Mlocked:              96 kB
SwapTotal:       2097148 kB
SwapFree:        2097148 kB
Dirty:             23676 kB
Writeback:             0 kB
AnonPages:       3611828 kB
Mapped:           931316 kB
Shmem:            813932 kB
Slab:             344336 kB
SReclaimable:     272084 kB
SUnreclaim:        72252 kB
KernelStack:       17216 kB
PageTables:        77924 kB
NFS_Unstable:          0 kB
Bounce:                0 kB
WritebackTmp:          0 kB
CommitLimit:     6130280 kB
Committed_AS:   11701404 kB
VmallocTotal:   34359738367 kB
VmallocUsed:           0 kB
VmallocChunk:          0 kB
HardwareCorrupted:     0 kB
AnonHugePages:         0 kB
ShmemHugePages:        0 kB
ShmemPmdMapped:        0 kB
CmaTotal:              0 kB
CmaFree:               0 kB
HugePages_Total:       0
HugePages_Free:        0
HugePages_Rsvd:        0
HugePages_Surp:        0
Hugepagesize:       2048 kB
DirectMap4k:      295540 kB
DirectMap2M:     4845568 kB
DirectMap1G:     3145728 kB


/proc/sys/kernel/threads-max (system-wide limit on the number of threads):
62090


/proc/sys/vm/max_map_count (maximum number of memory map areas a process may have):
65530


/proc/sys/kernel/pid_max (system-wide limit on number of process identifiers):
32768



container (cgroup) information:
container_type: cgroupv1
cpu_cpuset_cpus: 0-3
cpu_memory_nodes: 0
active_processor_count: 4
cpu_quota: -1
cpu_period: 100000
cpu_shares: -1
memory_limit_in_bytes: -1
memory_and_swap_limit_in_bytes: -2
memory_soft_limit_in_bytes: -1
memory_usage_in_bytes: 7568703488
memory_max_usage_in_bytes: 0

Steal ticks since vm start: 0
Steal ticks percentage since vm start:  0.000

CPU:total 4 (initial active 4) (2 cores per cpu, 2 threads per core) family 6 model 142 stepping 9, cmov, cx8, fxsr, mmx, sse, sse2, sse3, ssse3, sse4.1, sse4.2, popcnt, avx, avx2, aes, clmul, erms, 3dnowpref, lzcnt, ht, tsc, tscinvbit, bmi1, bmi2, adx, fma
CPU Model and flags from /proc/cpuinfo:
model name	: Intel(R) Core(TM) i5-7200U CPU @ 2.50GHz
flags		: fpu vme de pse tsc msr pae mce cx8 apic sep mtrr pge mca cmov pat pse36 clflush dts acpi mmx fxsr sse sse2 ss ht tm pbe syscall nx pdpe1gb rdtscp lm constant_tsc art arch_perfmon pebs bts rep_good nopl xtopology nonstop_tsc cpuid aperfmperf tsc_known_freq pni pclmulqdq dtes64 monitor ds_cpl vmx est tm2 ssse3 sdbg fma cx16 xtpr pdcm pcid sse4_1 sse4_2 x2apic movbe popcnt tsc_deadline_timer aes xsave avx f16c rdrand lahf_lm abm 3dnowprefetch cpuid_fault invpcid_single pti ibrs ibpb stibp tpr_shadow vnmi flexpriority ept vpid fsgsbase tsc_adjust bmi1 avx2 smep bmi2 erms invpcid mpx rdseed adx smap clflushopt intel_pt xsaveopt xsavec xgetbv1 xsaves dtherm ida arat pln pts hwp hwp_notify hwp_act_window hwp_epp

Memory: 4k page, physical 8066264k(130736k free), swap 2097148k(2097148k free)

vm_info: OpenJDK 64-Bit Server VM (11.0.6+10-post-Ubuntu-1ubuntu118.04.1) for linux-amd64 JRE (11.0.6+10-post-Ubuntu-1ubuntu118.04.1), built on Jan 15 2020 15:14:00 by "unknown" with gcc 7.4.0

END.
