#
# A fatal error has been detected by the Java Runtime Environment:
#
#  SIGSEGV (0xb) at pc=0x00007f280601cc27, pid=12275, tid=12277
#
# JRE version: OpenJDK Runtime Environment (11.0.6+10) (build 11.0.6+10-post-Ubuntu-1ubuntu118.04.1)
# Java VM: OpenJDK 64-Bit Server VM (11.0.6+10-post-Ubuntu-1ubuntu118.04.1, mixed mode, sharing, tiered, compressed oops, g1 gc, linux-amd64)
# Problematic frame:
# C  [libtesseract.so.4.0.0+0xa1c27]  tesseract::Tesseract::recog_all_words(PAGE_RES*, ETEXT_DESC*, TBOX const*, char const*, int)+0x437
#
# Core dump will be written. Default location: Core dumps may be processed with "/usr/share/apport/apport %p %s %c %d %P" (or dumping to /home/hackerman/Documents/workspace-spring-tool-suite-4-4.5.1.RELEASE/tesseract/core.12275)
#
# If you would like to submit a bug report, please visit:
#   https://bugs.launchpad.net/ubuntu/+source/openjdk-lts
# The crash happened outside the Java Virtual Machine in native code.
# See problematic frame for where to report the bug.
#

---------------  S U M M A R Y ------------

Command Line: -Dfile.encoding=UTF-8 ocrdemo.ReadImages

Host: Intel(R) Core(TM) i5-7200U CPU @ 2.50GHz, 4 cores, 7G, Ubuntu 18.04.1 LTS
Time: Sun Feb 23 23:31:53 2020 IST elapsed time: 0 seconds (0d 0h 0m 0s)

---------------  T H R E A D  ---------------

Current thread (0x00007f2860016000):  JavaThread "main" [_thread_in_native, id=12277, stack(0x00007f28693e8000,0x00007f28694e9000)]

Stack: [0x00007f28693e8000,0x00007f28694e9000],  sp=0x00007f28694e6660,  free space=1017k
Native frames: (J=compiled Java code, A=aot compiled Java code, j=interpreted, Vv=VM code, C=native code)
C  [libtesseract.so.4.0.0+0xa1c27]  tesseract::Tesseract::recog_all_words(PAGE_RES*, ETEXT_DESC*, TBOX const*, char const*, int)+0x437

Java frames: (J=compiled Java code, j=interpreted, Vv=VM code)
j  com.sun.jna.Native.invokePointer(Lcom/sun/jna/Function;JI[Ljava/lang/Object;)J+0
j  com.sun.jna.Function.invokePointer(I[Ljava/lang/Object;)Lcom/sun/jna/Pointer;+7
j  com.sun.jna.Function.invoke([Ljava/lang/Object;Ljava/lang/Class;ZI)Ljava/lang/Object;+385
j  com.sun.jna.Function.invoke(Ljava/lang/reflect/Method;[Ljava/lang/Class;Ljava/lang/Class;[Ljava/lang/Object;Ljava/util/Map;)Ljava/lang/Object;+271
j  com.sun.jna.Library$Handler.invoke(Ljava/lang/Object;Ljava/lang/reflect/Method;[Ljava/lang/Object;)Ljava/lang/Object;+344
j  com.sun.proxy.$Proxy0.TessBaseAPIGetUTF8Text(Lnet/sourceforge/tess4j/ITessAPI$TessBaseAPI;)Lcom/sun/jna/Pointer;+16
j  net.sourceforge.tess4j.Tesseract.getOCRText(Ljava/lang/String;I)Ljava/lang/String;+62
j  net.sourceforge.tess4j.Tesseract.doOCR(Ljava/util/List;Ljava/lang/String;Ljava/awt/Rectangle;)Ljava/lang/String;+69
j  net.sourceforge.tess4j.Tesseract.doOCR(Ljava/io/File;Ljava/awt/Rectangle;)Ljava/lang/String;+10
j  net.sourceforge.tess4j.Tesseract.doOCR(Ljava/io/File;)Ljava/lang/String;+3
j  ocrdemo.ReadImages.main([Ljava/lang/String;)V+18
v  ~StubRoutines::call_stub

siginfo: si_signo: 11 (SIGSEGV), si_code: 1 (SEGV_MAPERR), si_addr: 0x000000000000000c

Register to memory mapping:

RAX=0x0 is NULL
RBX=0x00007f286076ed10 points into unknown readable memory: 88 8b 48 06 28 7f 00 00
RCX=0x0 is NULL
RDX=0x00007f2860790908 points into unknown readable memory: 00 00 00 00 00 00 00 00
RSP=0x00007f28694e6660 is pointing into the stack for thread: 0x00007f2860016000
RBP=0x00007f28694e66b0 is pointing into the stack for thread: 0x00007f2860016000
RSI=0x0 is NULL
RDI=0x00007f28694e6770 is pointing into the stack for thread: 0x00007f2860016000
R8 =0x0 is NULL
R9 =0x0 is NULL
R10=0x00007f28600008d0 points into unknown readable memory: 00 00 00 00 00 00 00 01
R11=0x0 is NULL
R12=0x00007f28607a5370 points into unknown readable memory: 00 00 00 00 00 00 00 00
R13=0x0 is NULL
R14=0x0 is NULL
R15=0x00007f28607a5370 points into unknown readable memory: 00 00 00 00 00 00 00 00


Registers:
RAX=0x0000000000000000, RBX=0x00007f286076ed10, RCX=0x0000000000000000, RDX=0x00007f2860790908
RSP=0x00007f28694e6660, RBP=0x00007f28694e66b0, RSI=0x0000000000000000, RDI=0x00007f28694e6770
R8 =0x0000000000000000, R9 =0x0000000000000000, R10=0x00007f28600008d0, R11=0x0000000000000000
R12=0x00007f28607a5370, R13=0x0000000000000000, R14=0x0000000000000000, R15=0x00007f28607a5370
RIP=0x00007f280601cc27, EFLAGS=0x0000000000010246, CSGSFS=0x002b000000000033, ERR=0x0000000000000004
  TRAPNO=0x000000000000000e

Top of Stack: (sp=0x00007f28694e6660)
0x00007f28694e6660:   0000000000000000 0000000000000000
0x00007f28694e6670:   0000000000000000 00007f2860815970
0x00007f28694e6680:   00007f286082a750 00007f2860824740
0x00007f28694e6690:   0000000000000001 00007f28694e66c0 

Instructions: (pc=0x00007f280601cc27)
0x00007f280601cb27:   89 e6 48 89 df e8 af 87 ff ff 4c 89 e6 48 89 df
0x00007f280601cb37:   e8 b4 8b ff ff 4c 89 e6 48 89 df e8 f9 72 ff ff
0x00007f280601cb47:   4c 89 e6 48 89 df e8 7e 74 ff ff e9 a9 fd ff ff
0x00007f280601cb57:   66 0f 1f 84 00 00 00 00 00 48 8b 40 10 7e 2a 8b
0x00007f280601cb67:   38 85 ff 75 4c 48 83 c0 04 83 ea 01 48 8d 14 90
0x00007f280601cb77:   eb 12 0f 1f 80 00 00 00 00 48 83 c0 04 8b 70 fc
0x00007f280601cb87:   85 f6 75 2d 48 39 c2 75 f0 48 85 c9 74 1b 8b 41
0x00007f280601cb97:   10 8d 50 ff 83 fa 02 76 10 83 e8 05 83 f8 03 77
0x00007f280601cba7:   10 0f 1f 84 00 00 00 00 00 48 89 ef e8 e8 2d 19
0x00007f280601cbb7:   00 31 d2 31 f6 48 89 ef e8 2c f6 18 00 48 8b 44
0x00007f280601cbc7:   24 70 48 85 c0 0f 84 8e fd ff ff 48 8b 94 24 80
0x00007f280601cbd7:   00 00 00 31 c9 48 8b 52 08 48 85 d2 74 04 48 8b
0x00007f280601cbe7:   4a 08 48 8b 80 e8 00 00 00 48 85 c0 74 bb 8b 50
0x00007f280601cbf7:   34 83 fa 00 74 b3 e9 5e ff ff ff 66 0f 1f 44 00
0x00007f280601cc07:   00 31 f6 48 89 ef e8 ce f9 18 00 8b 83 a0 15 00
0x00007f280601cc17:   00 85 c0 0f 8f c0 00 00 00 48 8b 83 40 0a 00 00
0x00007f280601cc27:   80 78 0c 00 0f 85 a7 02 00 00 8b 83 58 47 02 00
0x00007f280601cc37:   85 c0 0f 8e b1 00 00 00 31 d2 45 31 ff eb 2c 66
0x00007f280601cc47:   2e 0f 1f 84 00 00 00 00 00 48 8b 8f 40 0a 00 00
0x00007f280601cc57:   80 79 0c 00 0f 85 ff 01 00 00 41 83 c7 01 48 83
0x00007f280601cc67:   c2 08 44 3b bb 58 47 02 00 7d 7e 48 8b 8b 60 47
0x00007f280601cc77:   02 00 48 8b 3c 11 8b 87 a0 15 00 00 85 c0 7e c9
0x00007f280601cc87:   48 89 54 24 10 e8 8f 46 0f 00 48 8b 54 24 10 eb
0x00007f280601cc97:   c9 0f 1f 84 00 00 00 00 00 80 bb 72 30 02 00 00
0x00007f280601cca7:   0f 85 73 fc ff ff 8b b3 04 1d 02 00 4c 89 e2 4c
0x00007f280601ccb7:   89 ff e8 32 d4 0b 00 31 f6 48 89 ef e8 18 f9 18
0x00007f280601ccc7:   00 48 8b 44 24 70 48 85 c0 0f 85 fc fe ff ff e9
0x00007f280601ccd7:   94 fc ff ff 0f 1f 44 00 00 48 89 df e8 38 46 0f
0x00007f280601cce7:   00 e9 44 ff ff ff 0f 1f 00 4c 8d 7c 24 30 be 04
0x00007f280601ccf7:   00 00 00 48 c7 44 24 30 00 00 00 00 48 c7 44 24
0x00007f280601cd07:   38 00 00 00 00 48 c7 44 24 40 00 00 00 00 4c 89
0x00007f280601cd17:   ff 48 c7 44 24 48 00 00 00 00 e8 3a 19 00 00 48 


Stack slot to memory mapping:
stack at sp + 0 slots: 0x0 is NULL
stack at sp + 1 slots: 0x0 is NULL
stack at sp + 2 slots: 0x0 is NULL
stack at sp + 3 slots: 0x00007f2860815970 points into unknown readable memory: d0 99 82 60 28 7f 00 00
stack at sp + 4 slots: 0x00007f286082a750 points into unknown readable memory: 90 4e 82 60 28 7f 00 00
stack at sp + 5 slots: 0x00007f2860824740 points into unknown readable memory: 40 47 82 60 28 7f 00 00
stack at sp + 6 slots: 0x0000000000000001 is an unknown value
stack at sp + 7 slots: 0x00007f28694e66c0 is pointing into the stack for thread: 0x00007f2860016000


---------------  P R O C E S S  ---------------

Threads class SMR info:
_java_thread_list=0x00007f2860549db0, length=11, elements={
0x00007f2860016000, 0x00007f286010f800, 0x00007f2860111800, 0x00007f2860117000,
0x00007f2860119000, 0x00007f286011b000, 0x00007f286011d000, 0x00007f2860154800,
0x00007f2860159800, 0x00007f2860503800, 0x00007f2860548800
}

Java Threads: ( => current thread )
=>0x00007f2860016000 JavaThread "main" [_thread_in_native, id=12277, stack(0x00007f28693e8000,0x00007f28694e9000)]
  0x00007f286010f800 JavaThread "Reference Handler" daemon [_thread_blocked, id=12288, stack(0x00007f284822b000,0x00007f284832c000)]
  0x00007f2860111800 JavaThread "Finalizer" daemon [_thread_blocked, id=12289, stack(0x00007f284812a000,0x00007f284822b000)]
  0x00007f2860117000 JavaThread "Signal Dispatcher" daemon [_thread_blocked, id=12290, stack(0x00007f2848029000,0x00007f284812a000)]
  0x00007f2860119000 JavaThread "C2 CompilerThread0" daemon [_thread_blocked, id=12291, stack(0x00007f284016f000,0x00007f2840270000)]
  0x00007f286011b000 JavaThread "C1 CompilerThread0" daemon [_thread_blocked, id=12292, stack(0x00007f284006e000,0x00007f284016f000)]
  0x00007f286011d000 JavaThread "Sweeper thread" daemon [_thread_blocked, id=12293, stack(0x00007f2838d30000,0x00007f2838e31000)]
  0x00007f2860154800 JavaThread "Service Thread" daemon [_thread_blocked, id=12294, stack(0x00007f2838c2f000,0x00007f2838d30000)]
  0x00007f2860159800 JavaThread "Common-Cleaner" daemon [_thread_blocked, id=12296, stack(0x00007f2838a2c000,0x00007f2838b2d000)]
  0x00007f2860503800 JavaThread "Java2D Disposer" daemon [_thread_blocked, id=12297, stack(0x00007f2806b4e000,0x00007f2806c4f000)]
  0x00007f2860548800 JavaThread "process reaper" daemon [_thread_blocked, id=12299, stack(0x00007f286930e000,0x00007f2869330000)]

Other Threads:
  0x00007f286010c800 VMThread "VM Thread" [stack: 0x00007f284832e000,0x00007f284842e000] [id=12284]
  0x00007f2860157000 WatcherThread [stack: 0x00007f2838b2f000,0x00007f2838c2f000] [id=12295]
  0x00007f286002e800 GCTaskThread "GC Thread#0" [stack: 0x00007f28653cd000,0x00007f28654cd000] [id=12278]
  0x00007f282c001000 GCTaskThread "GC Thread#1" [stack: 0x00007f2806835000,0x00007f2806935000] [id=12300]
  0x00007f282c002800 GCTaskThread "GC Thread#2" [stack: 0x00007f2806733000,0x00007f2806833000] [id=12301]
  0x00007f286005f800 ConcurrentGCThread "G1 Main Marker" [stack: 0x00007f286433c000,0x00007f286443c000] [id=12279]
  0x00007f2860061000 ConcurrentGCThread "G1 Conc#0" [stack: 0x00007f286423a000,0x00007f286433a000] [id=12280]
  0x00007f28600d9800 ConcurrentGCThread "G1 Refine#0" [stack: 0x00007f284860e000,0x00007f284870e000] [id=12281]
  0x00007f28600db000 ConcurrentGCThread "G1 Young RemSet Sampling" [stack: 0x00007f284850c000,0x00007f284860c000] [id=12282]

Threads with active compile tasks:

VM state:not at safepoint (normal execution)

VM Mutex/Monitor currently owned by a thread: None

Heap address: 0x0000000084e00000, size: 1970 MB, Compressed Oops mode: 32-bit
Narrow klass base: 0x0000000800000000, Narrow klass shift: 3
Compressed class space size: 1073741824 Address: 0x0000000840000000

Heap:
 garbage-first heap   total 129024K, used 10886K [0x0000000084e00000, 0x0000000100000000)
  region size 1024K, 9 young (9216K), 2 survivors (2048K)
 Metaspace       used 6555K, capacity 6820K, committed 7040K, reserved 1056768K
  class space    used 768K, capacity 841K, committed 896K, reserved 1048576K
Heap Regions: E=young(eden), S=young(survivor), O=old, HS=humongous(starts), HC=humongous(continues), CS=collection set, F=free, A=archive, TAMS=top-at-mark-start (previous, next)
|   0|0x0000000084e00000, 0x0000000084f00000, 0x0000000084f00000|100%| O|  |TAMS 0x0000000084e00000, 0x0000000084e00000| Untracked 
|   1|0x0000000084f00000, 0x0000000084ff0800, 0x0000000085000000| 93%| O|  |TAMS 0x0000000084f00000, 0x0000000084f00000| Untracked 
|   2|0x0000000085000000, 0x0000000085000000, 0x0000000085100000|  0%| F|  |TAMS 0x0000000085000000, 0x0000000085000000| Untracked 
|   3|0x0000000085100000, 0x0000000085100000, 0x0000000085200000|  0%| F|  |TAMS 0x0000000085100000, 0x0000000085100000| Untracked 
|   4|0x0000000085200000, 0x0000000085200000, 0x0000000085300000|  0%| F|  |TAMS 0x0000000085200000, 0x0000000085200000| Untracked 
|   5|0x0000000085300000, 0x0000000085300000, 0x0000000085400000|  0%| F|  |TAMS 0x0000000085300000, 0x0000000085300000| Untracked 
|   6|0x0000000085400000, 0x0000000085400000, 0x0000000085500000|  0%| F|  |TAMS 0x0000000085400000, 0x0000000085400000| Untracked 
|   7|0x0000000085500000, 0x0000000085500000, 0x0000000085600000|  0%| F|  |TAMS 0x0000000085500000, 0x0000000085500000| Untracked 
|   8|0x0000000085600000, 0x0000000085600000, 0x0000000085700000|  0%| F|  |TAMS 0x0000000085600000, 0x0000000085600000| Untracked 
|   9|0x0000000085700000, 0x0000000085700000, 0x0000000085800000|  0%| F|  |TAMS 0x0000000085700000, 0x0000000085700000| Untracked 
|  10|0x0000000085800000, 0x0000000085800000, 0x0000000085900000|  0%| F|  |TAMS 0x0000000085800000, 0x0000000085800000| Untracked 
|  11|0x0000000085900000, 0x0000000085900000, 0x0000000085a00000|  0%| F|  |TAMS 0x0000000085900000, 0x0000000085900000| Untracked 
|  12|0x0000000085a00000, 0x0000000085a00000, 0x0000000085b00000|  0%| F|  |TAMS 0x0000000085a00000, 0x0000000085a00000| Untracked 
|  13|0x0000000085b00000, 0x0000000085b00000, 0x0000000085c00000|  0%| F|  |TAMS 0x0000000085b00000, 0x0000000085b00000| Untracked 
|  14|0x0000000085c00000, 0x0000000085c00000, 0x0000000085d00000|  0%| F|  |TAMS 0x0000000085c00000, 0x0000000085c00000| Untracked 
|  15|0x0000000085d00000, 0x0000000085d00000, 0x0000000085e00000|  0%| F|  |TAMS 0x0000000085d00000, 0x0000000085d00000| Untracked 
|  16|0x0000000085e00000, 0x0000000085e00000, 0x0000000085f00000|  0%| F|  |TAMS 0x0000000085e00000, 0x0000000085e00000| Untracked 
|  17|0x0000000085f00000, 0x0000000085f00000, 0x0000000086000000|  0%| F|  |TAMS 0x0000000085f00000, 0x0000000085f00000| Untracked 
|  18|0x0000000086000000, 0x0000000086000000, 0x0000000086100000|  0%| F|  |TAMS 0x0000000086000000, 0x0000000086000000| Untracked 
|  19|0x0000000086100000, 0x0000000086100000, 0x0000000086200000|  0%| F|  |TAMS 0x0000000086100000, 0x0000000086100000| Untracked 
|  20|0x0000000086200000, 0x0000000086200000, 0x0000000086300000|  0%| F|  |TAMS 0x0000000086200000, 0x0000000086200000| Untracked 
|  21|0x0000000086300000, 0x0000000086300000, 0x0000000086400000|  0%| F|  |TAMS 0x0000000086300000, 0x0000000086300000| Untracked 
|  22|0x0000000086400000, 0x0000000086400000, 0x0000000086500000|  0%| F|  |TAMS 0x0000000086400000, 0x0000000086400000| Untracked 
|  23|0x0000000086500000, 0x0000000086500000, 0x0000000086600000|  0%| F|  |TAMS 0x0000000086500000, 0x0000000086500000| Untracked 
|  24|0x0000000086600000, 0x0000000086600000, 0x0000000086700000|  0%| F|  |TAMS 0x0000000086600000, 0x0000000086600000| Untracked 
|  25|0x0000000086700000, 0x0000000086700000, 0x0000000086800000|  0%| F|  |TAMS 0x0000000086700000, 0x0000000086700000| Untracked 
|  26|0x0000000086800000, 0x0000000086800000, 0x0000000086900000|  0%| F|  |TAMS 0x0000000086800000, 0x0000000086800000| Untracked 
|  27|0x0000000086900000, 0x0000000086900000, 0x0000000086a00000|  0%| F|  |TAMS 0x0000000086900000, 0x0000000086900000| Untracked 
|  28|0x0000000086a00000, 0x0000000086a00000, 0x0000000086b00000|  0%| F|  |TAMS 0x0000000086a00000, 0x0000000086a00000| Untracked 
|  29|0x0000000086b00000, 0x0000000086b00000, 0x0000000086c00000|  0%| F|  |TAMS 0x0000000086b00000, 0x0000000086b00000| Untracked 
|  30|0x0000000086c00000, 0x0000000086c00000, 0x0000000086d00000|  0%| F|  |TAMS 0x0000000086c00000, 0x0000000086c00000| Untracked 
|  31|0x0000000086d00000, 0x0000000086d00000, 0x0000000086e00000|  0%| F|  |TAMS 0x0000000086d00000, 0x0000000086d00000| Untracked 
|  32|0x0000000086e00000, 0x0000000086e00000, 0x0000000086f00000|  0%| F|  |TAMS 0x0000000086e00000, 0x0000000086e00000| Untracked 
|  33|0x0000000086f00000, 0x0000000086f00000, 0x0000000087000000|  0%| F|  |TAMS 0x0000000086f00000, 0x0000000086f00000| Untracked 
|  34|0x0000000087000000, 0x0000000087000000, 0x0000000087100000|  0%| F|  |TAMS 0x0000000087000000, 0x0000000087000000| Untracked 
|  35|0x0000000087100000, 0x0000000087100000, 0x0000000087200000|  0%| F|  |TAMS 0x0000000087100000, 0x0000000087100000| Untracked 
|  36|0x0000000087200000, 0x0000000087200000, 0x0000000087300000|  0%| F|  |TAMS 0x0000000087200000, 0x0000000087200000| Untracked 
|  37|0x0000000087300000, 0x0000000087300000, 0x0000000087400000|  0%| F|  |TAMS 0x0000000087300000, 0x0000000087300000| Untracked 
|  38|0x0000000087400000, 0x0000000087400000, 0x0000000087500000|  0%| F|  |TAMS 0x0000000087400000, 0x0000000087400000| Untracked 
|  39|0x0000000087500000, 0x0000000087500000, 0x0000000087600000|  0%| F|  |TAMS 0x0000000087500000, 0x0000000087500000| Untracked 
|  40|0x0000000087600000, 0x0000000087600000, 0x0000000087700000|  0%| F|  |TAMS 0x0000000087600000, 0x0000000087600000| Untracked 
|  41|0x0000000087700000, 0x0000000087700000, 0x0000000087800000|  0%| F|  |TAMS 0x0000000087700000, 0x0000000087700000| Untracked 
|  42|0x0000000087800000, 0x0000000087800000, 0x0000000087900000|  0%| F|  |TAMS 0x0000000087800000, 0x0000000087800000| Untracked 
|  43|0x0000000087900000, 0x0000000087900000, 0x0000000087a00000|  0%| F|  |TAMS 0x0000000087900000, 0x0000000087900000| Untracked 
|  44|0x0000000087a00000, 0x0000000087a00000, 0x0000000087b00000|  0%| F|  |TAMS 0x0000000087a00000, 0x0000000087a00000| Untracked 
|  45|0x0000000087b00000, 0x0000000087b00000, 0x0000000087c00000|  0%| F|  |TAMS 0x0000000087b00000, 0x0000000087b00000| Untracked 
|  46|0x0000000087c00000, 0x0000000087c00000, 0x0000000087d00000|  0%| F|  |TAMS 0x0000000087c00000, 0x0000000087c00000| Untracked 
|  47|0x0000000087d00000, 0x0000000087d00000, 0x0000000087e00000|  0%| F|  |TAMS 0x0000000087d00000, 0x0000000087d00000| Untracked 
|  48|0x0000000087e00000, 0x0000000087e00000, 0x0000000087f00000|  0%| F|  |TAMS 0x0000000087e00000, 0x0000000087e00000| Untracked 
|  49|0x0000000087f00000, 0x0000000087f00000, 0x0000000088000000|  0%| F|  |TAMS 0x0000000087f00000, 0x0000000087f00000| Untracked 
|  50|0x0000000088000000, 0x0000000088000000, 0x0000000088100000|  0%| F|  |TAMS 0x0000000088000000, 0x0000000088000000| Untracked 
|  51|0x0000000088100000, 0x0000000088100000, 0x0000000088200000|  0%| F|  |TAMS 0x0000000088100000, 0x0000000088100000| Untracked 
|  52|0x0000000088200000, 0x0000000088200000, 0x0000000088300000|  0%| F|  |TAMS 0x0000000088200000, 0x0000000088200000| Untracked 
|  53|0x0000000088300000, 0x0000000088300000, 0x0000000088400000|  0%| F|  |TAMS 0x0000000088300000, 0x0000000088300000| Untracked 
|  54|0x0000000088400000, 0x0000000088400000, 0x0000000088500000|  0%| F|  |TAMS 0x0000000088400000, 0x0000000088400000| Untracked 
|  55|0x0000000088500000, 0x0000000088500000, 0x0000000088600000|  0%| F|  |TAMS 0x0000000088500000, 0x0000000088500000| Untracked 
|  56|0x0000000088600000, 0x0000000088600000, 0x0000000088700000|  0%| F|  |TAMS 0x0000000088600000, 0x0000000088600000| Untracked 
|  57|0x0000000088700000, 0x0000000088700000, 0x0000000088800000|  0%| F|  |TAMS 0x0000000088700000, 0x0000000088700000| Untracked 
|  58|0x0000000088800000, 0x0000000088800000, 0x0000000088900000|  0%| F|  |TAMS 0x0000000088800000, 0x0000000088800000| Untracked 
|  59|0x0000000088900000, 0x0000000088900000, 0x0000000088a00000|  0%| F|  |TAMS 0x0000000088900000, 0x0000000088900000| Untracked 
|  60|0x0000000088a00000, 0x0000000088a00000, 0x0000000088b00000|  0%| F|  |TAMS 0x0000000088a00000, 0x0000000088a00000| Untracked 
|  61|0x0000000088b00000, 0x0000000088b00000, 0x0000000088c00000|  0%| F|  |TAMS 0x0000000088b00000, 0x0000000088b00000| Untracked 
|  62|0x0000000088c00000, 0x0000000088c00000, 0x0000000088d00000|  0%| F|  |TAMS 0x0000000088c00000, 0x0000000088c00000| Untracked 
|  63|0x0000000088d00000, 0x0000000088d00000, 0x0000000088e00000|  0%| F|  |TAMS 0x0000000088d00000, 0x0000000088d00000| Untracked 
|  64|0x0000000088e00000, 0x0000000088e00000, 0x0000000088f00000|  0%| F|  |TAMS 0x0000000088e00000, 0x0000000088e00000| Untracked 
|  65|0x0000000088f00000, 0x0000000088f00000, 0x0000000089000000|  0%| F|  |TAMS 0x0000000088f00000, 0x0000000088f00000| Untracked 
|  66|0x0000000089000000, 0x0000000089000000, 0x0000000089100000|  0%| F|  |TAMS 0x0000000089000000, 0x0000000089000000| Untracked 
|  67|0x0000000089100000, 0x0000000089100000, 0x0000000089200000|  0%| F|  |TAMS 0x0000000089100000, 0x0000000089100000| Untracked 
|  68|0x0000000089200000, 0x0000000089200000, 0x0000000089300000|  0%| F|  |TAMS 0x0000000089200000, 0x0000000089200000| Untracked 
|  69|0x0000000089300000, 0x0000000089300000, 0x0000000089400000|  0%| F|  |TAMS 0x0000000089300000, 0x0000000089300000| Untracked 
|  70|0x0000000089400000, 0x0000000089400000, 0x0000000089500000|  0%| F|  |TAMS 0x0000000089400000, 0x0000000089400000| Untracked 
|  71|0x0000000089500000, 0x0000000089500000, 0x0000000089600000|  0%| F|  |TAMS 0x0000000089500000, 0x0000000089500000| Untracked 
|  72|0x0000000089600000, 0x0000000089600000, 0x0000000089700000|  0%| F|  |TAMS 0x0000000089600000, 0x0000000089600000| Untracked 
|  73|0x0000000089700000, 0x0000000089700000, 0x0000000089800000|  0%| F|  |TAMS 0x0000000089700000, 0x0000000089700000| Untracked 
|  74|0x0000000089800000, 0x0000000089800000, 0x0000000089900000|  0%| F|  |TAMS 0x0000000089800000, 0x0000000089800000| Untracked 
|  75|0x0000000089900000, 0x0000000089900000, 0x0000000089a00000|  0%| F|  |TAMS 0x0000000089900000, 0x0000000089900000| Untracked 
|  76|0x0000000089a00000, 0x0000000089a00000, 0x0000000089b00000|  0%| F|  |TAMS 0x0000000089a00000, 0x0000000089a00000| Untracked 
|  77|0x0000000089b00000, 0x0000000089b00000, 0x0000000089c00000|  0%| F|  |TAMS 0x0000000089b00000, 0x0000000089b00000| Untracked 
|  78|0x0000000089c00000, 0x0000000089c00000, 0x0000000089d00000|  0%| F|  |TAMS 0x0000000089c00000, 0x0000000089c00000| Untracked 
|  79|0x0000000089d00000, 0x0000000089d00000, 0x0000000089e00000|  0%| F|  |TAMS 0x0000000089d00000, 0x0000000089d00000| Untracked 
|  80|0x0000000089e00000, 0x0000000089e00000, 0x0000000089f00000|  0%| F|  |TAMS 0x0000000089e00000, 0x0000000089e00000| Untracked 
|  81|0x0000000089f00000, 0x0000000089f00000, 0x000000008a000000|  0%| F|  |TAMS 0x0000000089f00000, 0x0000000089f00000| Untracked 
|  82|0x000000008a000000, 0x000000008a000000, 0x000000008a100000|  0%| F|  |TAMS 0x000000008a000000, 0x000000008a000000| Untracked 
|  83|0x000000008a100000, 0x000000008a100000, 0x000000008a200000|  0%| F|  |TAMS 0x000000008a100000, 0x000000008a100000| Untracked 
|  84|0x000000008a200000, 0x000000008a200000, 0x000000008a300000|  0%| F|  |TAMS 0x000000008a200000, 0x000000008a200000| Untracked 
|  85|0x000000008a300000, 0x000000008a300000, 0x000000008a400000|  0%| F|  |TAMS 0x000000008a300000, 0x000000008a300000| Untracked 
|  86|0x000000008a400000, 0x000000008a400000, 0x000000008a500000|  0%| F|  |TAMS 0x000000008a400000, 0x000000008a400000| Untracked 
|  87|0x000000008a500000, 0x000000008a500000, 0x000000008a600000|  0%| F|  |TAMS 0x000000008a500000, 0x000000008a500000| Untracked 
|  88|0x000000008a600000, 0x000000008a600000, 0x000000008a700000|  0%| F|  |TAMS 0x000000008a600000, 0x000000008a600000| Untracked 
|  89|0x000000008a700000, 0x000000008a700000, 0x000000008a800000|  0%| F|  |TAMS 0x000000008a700000, 0x000000008a700000| Untracked 
|  90|0x000000008a800000, 0x000000008a800000, 0x000000008a900000|  0%| F|  |TAMS 0x000000008a800000, 0x000000008a800000| Untracked 
|  91|0x000000008a900000, 0x000000008a900000, 0x000000008aa00000|  0%| F|  |TAMS 0x000000008a900000, 0x000000008a900000| Untracked 
|  92|0x000000008aa00000, 0x000000008aa00000, 0x000000008ab00000|  0%| F|  |TAMS 0x000000008aa00000, 0x000000008aa00000| Untracked 
|  93|0x000000008ab00000, 0x000000008ab00000, 0x000000008ac00000|  0%| F|  |TAMS 0x000000008ab00000, 0x000000008ab00000| Untracked 
|  94|0x000000008ac00000, 0x000000008ac00000, 0x000000008ad00000|  0%| F|  |TAMS 0x000000008ac00000, 0x000000008ac00000| Untracked 
|  95|0x000000008ad00000, 0x000000008ad00000, 0x000000008ae00000|  0%| F|  |TAMS 0x000000008ad00000, 0x000000008ad00000| Untracked 
|  96|0x000000008ae00000, 0x000000008ae00000, 0x000000008af00000|  0%| F|  |TAMS 0x000000008ae00000, 0x000000008ae00000| Untracked 
|  97|0x000000008af00000, 0x000000008af00000, 0x000000008b000000|  0%| F|  |TAMS 0x000000008af00000, 0x000000008af00000| Untracked 
|  98|0x000000008b000000, 0x000000008b000000, 0x000000008b100000|  0%| F|  |TAMS 0x000000008b000000, 0x000000008b000000| Untracked 
|  99|0x000000008b100000, 0x000000008b100000, 0x000000008b200000|  0%| F|  |TAMS 0x000000008b100000, 0x000000008b100000| Untracked 
| 100|0x000000008b200000, 0x000000008b200000, 0x000000008b300000|  0%| F|  |TAMS 0x000000008b200000, 0x000000008b200000| Untracked 
| 101|0x000000008b300000, 0x000000008b300000, 0x000000008b400000|  0%| F|  |TAMS 0x000000008b300000, 0x000000008b300000| Untracked 
| 102|0x000000008b400000, 0x000000008b400000, 0x000000008b500000|  0%| F|  |TAMS 0x000000008b400000, 0x000000008b400000| Untracked 
| 103|0x000000008b500000, 0x000000008b500000, 0x000000008b600000|  0%| F|  |TAMS 0x000000008b500000, 0x000000008b500000| Untracked 
| 104|0x000000008b600000, 0x000000008b600000, 0x000000008b700000|  0%| F|  |TAMS 0x000000008b600000, 0x000000008b600000| Untracked 
| 105|0x000000008b700000, 0x000000008b700000, 0x000000008b800000|  0%| F|  |TAMS 0x000000008b700000, 0x000000008b700000| Untracked 
| 106|0x000000008b800000, 0x000000008b800000, 0x000000008b900000|  0%| F|  |TAMS 0x000000008b800000, 0x000000008b800000| Untracked 
| 107|0x000000008b900000, 0x000000008b900000, 0x000000008ba00000|  0%| F|  |TAMS 0x000000008b900000, 0x000000008b900000| Untracked 
| 108|0x000000008ba00000, 0x000000008bb00000, 0x000000008bb00000|100%| S|CS|TAMS 0x000000008ba00000, 0x000000008ba00000| Complete 
| 109|0x000000008bb00000, 0x000000008bc00000, 0x000000008bc00000|100%| S|CS|TAMS 0x000000008bb00000, 0x000000008bb00000| Complete 
| 110|0x000000008bc00000, 0x000000008bc00000, 0x000000008bd00000|  0%| F|  |TAMS 0x000000008bc00000, 0x000000008bc00000| Untracked 
| 111|0x000000008bd00000, 0x000000008bd00000, 0x000000008be00000|  0%| F|  |TAMS 0x000000008bd00000, 0x000000008bd00000| Untracked 
| 112|0x000000008be00000, 0x000000008be00000, 0x000000008bf00000|  0%| F|  |TAMS 0x000000008be00000, 0x000000008be00000| Untracked 
| 113|0x000000008bf00000, 0x000000008bf00000, 0x000000008c000000|  0%| F|  |TAMS 0x000000008bf00000, 0x000000008bf00000| Untracked 
| 114|0x000000008c000000, 0x000000008c000000, 0x000000008c100000|  0%| F|  |TAMS 0x000000008c000000, 0x000000008c000000| Untracked 
| 115|0x000000008c100000, 0x000000008c100000, 0x000000008c200000|  0%| F|  |TAMS 0x000000008c100000, 0x000000008c100000| Untracked 
| 116|0x000000008c200000, 0x000000008c200000, 0x000000008c300000|  0%| F|  |TAMS 0x000000008c200000, 0x000000008c200000| Untracked 
| 117|0x000000008c300000, 0x000000008c380c10, 0x000000008c400000| 50%| E|  |TAMS 0x000000008c300000, 0x000000008c300000| Complete 
| 118|0x000000008c400000, 0x000000008c500000, 0x000000008c500000|100%| E|CS|TAMS 0x000000008c400000, 0x000000008c400000| Complete 
| 119|0x000000008c500000, 0x000000008c600000, 0x000000008c600000|100%| E|CS|TAMS 0x000000008c500000, 0x000000008c500000| Complete 
| 120|0x000000008c600000, 0x000000008c700000, 0x000000008c700000|100%| E|CS|TAMS 0x000000008c600000, 0x000000008c600000| Complete 
| 121|0x000000008c700000, 0x000000008c800000, 0x000000008c800000|100%| E|CS|TAMS 0x000000008c700000, 0x000000008c700000| Complete 
| 122|0x000000008c800000, 0x000000008c900000, 0x000000008c900000|100%| E|CS|TAMS 0x000000008c800000, 0x000000008c800000| Complete 
| 123|0x000000008c900000, 0x000000008ca00000, 0x000000008ca00000|100%| E|CS|TAMS 0x000000008c900000, 0x000000008c900000| Complete 
|1968|0x00000000ffe00000, 0x00000000ffe47000, 0x00000000fff00000| 27%|OA|  |TAMS 0x00000000ffe00000, 0x00000000ffe00000| Untracked 
|1969|0x00000000fff00000, 0x00000000fff6a000, 0x0000000100000000| 41%|CA|  |TAMS 0x00000000fff00000, 0x00000000fff00000| Untracked 

Card table byte_map: [0x00007f2864815000,0x00007f2864bee000] _byte_map_base: 0x00007f28643ee000

Marking Bits (Prev, Next): (CMBitMap*) 0x00007f2860056c78, (CMBitMap*) 0x00007f2860056cb0
 Prev Bits: [0x00007f2842138000, 0x00007f2844000000)
 Next Bits: [0x00007f2840270000, 0x00007f2842138000)

Polling page: 0x00007f28694fe000

Metaspace:

Usage:
  Non-class:      5.84 MB capacity,     5.65 MB ( 97%) used,   177.78 KB (  3%) free+waste,    14.44 KB ( <1%) overhead. 
      Class:    841.00 KB capacity,   768.69 KB ( 91%) used,    63.69 KB (  8%) free+waste,     8.62 KB (  1%) overhead. 
       Both:      6.66 MB capacity,     6.40 MB ( 96%) used,   241.47 KB (  4%) free+waste,    23.06 KB ( <1%) overhead. 

Virtual space:
  Non-class space:        8.00 MB reserved,       6.00 MB ( 75%) committed 
      Class space:        1.00 GB reserved,     896.00 KB ( <1%) committed 
             Both:        1.01 GB reserved,       6.88 MB ( <1%) committed 

Chunk freelists:
   Non-Class:  37.00 KB
       Class:  23.00 KB
        Both:  60.00 KB

MaxMetaspaceSize: unlimited
CompressedClassSpaceSize: 1.00 GB

CodeHeap 'non-profiled nmethods': size=120032Kb used=331Kb max_used=331Kb free=119700Kb
 bounds [0x00007f28503d8000, 0x00007f2850648000, 0x00007f2857910000]
CodeHeap 'profiled nmethods': size=120032Kb used=2007Kb max_used=2007Kb free=118024Kb
 bounds [0x00007f2848ea0000, 0x00007f2849110000, 0x00007f28503d8000]
CodeHeap 'non-nmethods': size=5696Kb used=1121Kb max_used=1139Kb free=4574Kb
 bounds [0x00007f2848910000, 0x00007f2848b80000, 0x00007f2848ea0000]
 total_blobs=1687 nmethods=1004 adapters=361
 compilation: enabled
              stopped_count=0, restarted_count=0
 full_count=0

Compilation events (20 events):
Event: 0.830 Thread 0x00007f2860119000 nmethod 989 0x00007f285042a410 code [0x00007f285042a5c0, 0x00007f285042a788]
Event: 0.830 Thread 0x00007f2860119000 1000       4       java.util.TreeMap::parentOf (13 bytes)
Event: 0.830 Thread 0x00007f286011b000 nmethod 995 0x00007f284908a790 code [0x00007f284908ab20, 0x00007f284908c008]
Event: 0.830 Thread 0x00007f286011b000  999       3       java.util.TreeMap::fixAfterInsertion (267 bytes)
Event: 0.830 Thread 0x00007f2860119000 nmethod 1000 0x00007f285042a990 code [0x00007f285042ab20, 0x00007f285042ab78]
Event: 0.830 Thread 0x00007f2860119000  984       4       java.util.concurrent.ConcurrentHashMap::setTabAt (20 bytes)
Event: 0.832 Thread 0x00007f2860119000 nmethod 984 0x00007f285042ac10 code [0x00007f285042ada0, 0x00007f285042aeb8]
Event: 0.832 Thread 0x00007f286011b000 nmethod 999 0x00007f284908c790 code [0x00007f284908cc60, 0x00007f284908f398]
Event: 0.832 Thread 0x00007f286011b000  997   !   3       jdk.internal.loader.URLClassPath$JarLoader::checkResource (78 bytes)
Event: 0.833 Thread 0x00007f286011b000 nmethod 997 0x00007f2849090010 code [0x00007f2849090260, 0x00007f2849090cc8]
Event: 0.833 Thread 0x00007f286011b000  998       3       jdk.internal.loader.BuiltinClassLoader::getAndVerifyPackage (109 bytes)
Event: 0.834 Thread 0x00007f286011b000 nmethod 998 0x00007f2849091190 code [0x00007f2849091580, 0x00007f2849093068]
Event: 0.834 Thread 0x00007f286011b000 1001       3       javax.imageio.stream.FileCacheImageOutputStream::read (94 bytes)
Event: 0.834 Thread 0x00007f286011b000 nmethod 1001 0x00007f2849093910 code [0x00007f2849093b40, 0x00007f2849094278]
Event: 0.834 Thread 0x00007f286011b000 1002       3       javax.imageio.stream.ImageInputStreamImpl::readUnsignedShort (8 bytes)
Event: 0.835 Thread 0x00007f286011b000 nmethod 1002 0x00007f2849094510 code [0x00007f28490946c0, 0x00007f2849094908]
Event: 0.835 Thread 0x00007f286011b000 1003       3       javax.imageio.stream.ImageInputStreamImpl::readShort (88 bytes)
Event: 0.835 Thread 0x00007f286011b000 nmethod 1003 0x00007f2849094990 code [0x00007f2849094b80, 0x00007f2849094fd8]
Event: 0.836 Thread 0x00007f286011b000 1004  s    3       java.io.ByteArrayOutputStream::write (43 bytes)
Event: 0.836 Thread 0x00007f286011b000 nmethod 1004 0x00007f2849095190 code [0x00007f28490953a0, 0x00007f2849095a48]

GC Heap History (2 events):
Event: 0.671 GC heap before
{Heap before GC invocations=0 (full 0):
 garbage-first heap   total 129024K, used 15044K [0x0000000084e00000, 0x0000000100000000)
  region size 1024K, 14 young (14336K), 0 survivors (0K)
 Metaspace       used 4983K, capacity 6032K, committed 6272K, reserved 1056768K
  class space    used 510K, capacity 637K, committed 640K, reserved 1048576K
}
Event: 0.678 GC heap after
{Heap after GC invocations=1 (full 0):
 garbage-first heap   total 129024K, used 4742K [0x0000000084e00000, 0x0000000100000000)
  region size 1024K, 2 young (2048K), 2 survivors (2048K)
 Metaspace       used 4983K, capacity 6032K, committed 6272K, reserved 1056768K
  class space    used 510K, capacity 637K, committed 640K, reserved 1048576K
}

Deoptimization events (20 events):
Event: 0.119 Thread 0x00007f2860016000 DEOPT PACKING pc=0x00007f2848eb390b sp=0x00007f28694e17c0
Event: 0.119 Thread 0x00007f2860016000 DEOPT UNPACKING pc=0x00007f284893883a sp=0x00007f28694e0c80 mode 0
Event: 0.119 Thread 0x00007f2860016000 DEOPT PACKING pc=0x00007f2848eb390b sp=0x00007f28694e17c0
Event: 0.119 Thread 0x00007f2860016000 DEOPT UNPACKING pc=0x00007f284893883a sp=0x00007f28694e0c80 mode 0
Event: 0.120 Thread 0x00007f2860016000 DEOPT PACKING pc=0x00007f2848eb390b sp=0x00007f28694e17c0
Event: 0.120 Thread 0x00007f2860016000 DEOPT UNPACKING pc=0x00007f284893883a sp=0x00007f28694e0c80 mode 0
Event: 0.120 Thread 0x00007f2860016000 DEOPT PACKING pc=0x00007f2848eb390b sp=0x00007f28694e17c0
Event: 0.120 Thread 0x00007f2860016000 DEOPT UNPACKING pc=0x00007f284893883a sp=0x00007f28694e0c80 mode 0
Event: 0.120 Thread 0x00007f2860016000 DEOPT PACKING pc=0x00007f2848eb390b sp=0x00007f28694e17c0
Event: 0.120 Thread 0x00007f2860016000 DEOPT UNPACKING pc=0x00007f284893883a sp=0x00007f28694e0c80 mode 0
Event: 0.248 Thread 0x00007f2860016000 DEOPT PACKING pc=0x00007f2848ed11f4 sp=0x00007f28694e3520
Event: 0.248 Thread 0x00007f2860016000 DEOPT UNPACKING pc=0x00007f284893883a sp=0x00007f28694e2a68 mode 1
Event: 0.269 Thread 0x00007f2860016000 DEOPT PACKING pc=0x00007f2848ebdcef sp=0x00007f28694e4150
Event: 0.269 Thread 0x00007f2860016000 DEOPT UNPACKING pc=0x00007f284893883a sp=0x00007f28694e3610 mode 0
Event: 0.272 Thread 0x00007f2860016000 DEOPT PACKING pc=0x00007f2848ec9742 sp=0x00007f28694e5f20
Event: 0.272 Thread 0x00007f2860016000 DEOPT UNPACKING pc=0x00007f284893883a sp=0x00007f28694e53a8 mode 0
Event: 0.383 Thread 0x00007f2860016000 Uncommon trap: trap_request=0xffffff4d fr.pc=0x00007f28503dc39c relative=0x000000000000007c
Event: 0.383 Thread 0x00007f2860016000 Uncommon trap: reason=unstable_if action=reinterpret pc=0x00007f28503dc39c method=java.lang.String.isLatin1()Z @ 10 c2
Event: 0.383 Thread 0x00007f2860016000 DEOPT PACKING pc=0x00007f28503dc39c sp=0x00007f28694e63b0
Event: 0.383 Thread 0x00007f2860016000 DEOPT UNPACKING pc=0x00007f2848938a25 sp=0x00007f28694e6310 mode 2

Classes redefined (0 events):
No events

Internal exceptions (18 events):
Event: 0.248 Thread 0x00007f2860016000 Exception <a 'java/security/PrivilegedActionException'{0x000000008c56e2c0}> (0x000000008c56e2c0) thrown at [/build/openjdk-lts-iuKaMP/openjdk-lts-11.0.6+10/src/hotspot/share/prims/jvm.cpp, line 1297]
Event: 0.248 Thread 0x00007f2860016000 Exception <a 'java/security/PrivilegedActionException'{0x000000008c56e838}> (0x000000008c56e838) thrown at [/build/openjdk-lts-iuKaMP/openjdk-lts-11.0.6+10/src/hotspot/share/prims/jvm.cpp, line 1297]
Event: 0.303 Thread 0x00007f2860016000 Exception <a 'java/lang/ClassNotFoundException'{0x000000008c4f6ad8}: javax/smartcardio/CardPermission> (0x000000008c4f6ad8) thrown at [/build/openjdk-lts-iuKaMP/openjdk-lts-11.0.6+10/src/hotspot/share/classfile/systemDictionary.cpp, line 231]
Event: 0.305 Thread 0x00007f2860016000 Exception <a 'java/io/FileNotFoundException'{0x000000008c4ffa40}> (0x000000008c4ffa40) thrown at [/build/openjdk-lts-iuKaMP/openjdk-lts-11.0.6+10/src/hotspot/share/prims/jni.cpp, line 615]
Event: 0.403 Thread 0x00007f2860016000 Exception <a 'java/lang/ClassNotFoundException'{0x000000008c11d7c0}: sun/awt/resources/spi/awtProvider> (0x000000008c11d7c0) thrown at [/build/openjdk-lts-iuKaMP/openjdk-lts-11.0.6+10/src/hotspot/share/classfile/systemDictionary.cpp, line 231]
Event: 0.486 Thread 0x00007f2860016000 Exception <a 'java/io/FileNotFoundException'{0x000000008c1902f8}> (0x000000008c1902f8) thrown at [/build/openjdk-lts-iuKaMP/openjdk-lts-11.0.6+10/src/hotspot/share/prims/jni.cpp, line 615]
Event: 0.498 Thread 0x00007f2860016000 Exception <a 'java/lang/NoSuchMethodError'{0x000000008c1eb0c8}: 'java.lang.Object java.lang.invoke.DirectMethodHandle$Holder.invokeStatic(java.lang.Object, java.lang.Object, java.lang.Object, java.lang.Object, java.lang.Object, java.lang.Object, java.lang
Event: 0.500 Thread 0x00007f2860016000 Exception <a 'java/lang/NoSuchMethodError'{0x000000008c1f8d58}: 'java.lang.Object java.lang.invoke.DirectMethodHandle$Holder.invokeStatic(java.lang.Object, java.lang.Object, java.lang.Object, java.lang.Object, java.lang.Object, java.lang.Object, java.lang
Event: 0.502 Thread 0x00007f2860016000 Exception <a 'java/lang/NoSuchMethodError'{0x000000008c006e68}: 'java.lang.Object java.lang.invoke.DirectMethodHandle$Holder.invokeSpecial(java.lang.Object, java.lang.Object, int, int, java.lang.Object, java.lang.Object, java.lang.Object)'> (0x000000008c0
Event: 0.502 Thread 0x00007f2860016000 Exception <a 'java/lang/NoSuchMethodError'{0x000000008c00a3f8}: 'java.lang.Object java.lang.invoke.DelegatingMethodHandle$Holder.reinvoke_L(java.lang.Object, int, int, java.lang.Object, java.lang.Object, java.lang.Object)'> (0x000000008c00a3f8) thrown at 
Event: 0.503 Thread 0x00007f2860016000 Exception <a 'java/lang/NoSuchMethodError'{0x000000008c00e780}: 'java.lang.Object java.lang.invoke.DirectMethodHandle$Holder.invokeStatic(java.lang.Object, java.lang.Object, java.lang.Object, java.lang.Object, int)'> (0x000000008c00e780) thrown at [/build
Event: 0.639 Thread 0x00007f2860016000 Exception <a 'java/lang/NoSuchMethodError'{0x000000008bc01100}: 'java.lang.Object java.lang.invoke.DirectMethodHandle$Holder.invokeStaticInit(java.lang.Object, java.lang.Object, long, java.lang.Object)'> (0x000000008bc01100) thrown at [/build/openjdk-lts-
Event: 0.640 Thread 0x00007f2860016000 Exception <a 'java/lang/NoSuchMethodError'{0x000000008bc0d0e8}: 'java.lang.Object java.lang.invoke.Invokers$Holder.linkToTargetMethod(java.lang.Object, long, java.lang.Object)'> (0x000000008bc0d0e8) thrown at [/build/openjdk-lts-iuKaMP/openjdk-lts-11.0.6+
Event: 0.642 Thread 0x00007f2860016000 Exception <a 'java/lang/NoSuchMethodError'{0x000000008bc14170}: 'java.lang.Object java.lang.invoke.DirectMethodHandle$Holder.invokeStatic(java.lang.Object, java.lang.Object, java.lang.Object, int)'> (0x000000008bc14170) thrown at [/build/openjdk-lts-iuKaM
Event: 0.642 Thread 0x00007f2860016000 Exception <a 'java/lang/NoSuchMethodError'{0x000000008bc17a88}: 'java.lang.Object java.lang.invoke.DirectMethodHandle$Holder.invokeSpecial(java.lang.Object, java.lang.Object, java.lang.Object, java.lang.Object, int)'> (0x000000008bc17a88) thrown at [/buil
Event: 0.643 Thread 0x00007f2860016000 Exception <a 'java/lang/NoSuchMethodError'{0x000000008bc1aaf0}: 'java.lang.Object java.lang.invoke.Invokers$Holder.linkToTargetMethod(java.lang.Object, java.lang.Object, int, java.lang.Object)'> (0x000000008bc1aaf0) thrown at [/build/openjdk-lts-iuKaMP/op
Event: 0.653 Thread 0x00007f2860016000 Exception <a 'java/lang/UnsatisfiedLinkError'{0x000000008bca3d50}: libtesseract.so: cannot open shared object file: No such file or directory> (0x000000008bca3d50) thrown at [/build/openjdk-lts-iuKaMP/openjdk-lts-11.0.6+10/src/hotspot/share/prims/jni.cpp,
Event: 0.667 Thread 0x00007f2860016000 Exception <a 'java/lang/UnsatisfiedLinkError'{0x000000008bca49a8}: libtesseract.so: cannot open shared object file: No such file or directory> (0x000000008bca49a8) thrown at [/build/openjdk-lts-iuKaMP/openjdk-lts-11.0.6+10/src/hotspot/share/prims/jni.cpp,

Events (20 events):
Event: 0.829 loading class com/github/jaiimageio/plugins/tiff/GeoTIFFTagSet$ModelTransformation
Event: 0.829 loading class com/github/jaiimageio/plugins/tiff/GeoTIFFTagSet$ModelTransformation done
Event: 0.830 loading class com/github/jaiimageio/plugins/tiff/GeoTIFFTagSet$ModelTiePoint
Event: 0.830 loading class com/github/jaiimageio/plugins/tiff/GeoTIFFTagSet$ModelTiePoint done
Event: 0.830 loading class com/github/jaiimageio/plugins/tiff/GeoTIFFTagSet$GeoKeyDirectory
Event: 0.830 loading class com/github/jaiimageio/plugins/tiff/GeoTIFFTagSet$GeoKeyDirectory done
Event: 0.830 loading class com/github/jaiimageio/plugins/tiff/GeoTIFFTagSet$GeoDoubleParams
Event: 0.830 loading class com/github/jaiimageio/plugins/tiff/GeoTIFFTagSet$GeoDoubleParams done
Event: 0.830 loading class com/github/jaiimageio/plugins/tiff/GeoTIFFTagSet$GeoAsciiParams
Event: 0.830 loading class com/github/jaiimageio/plugins/tiff/GeoTIFFTagSet$GeoAsciiParams done
Event: 0.832 loading class com/github/jaiimageio/impl/plugins/tiff/TIFFIFD
Event: 0.832 loading class com/github/jaiimageio/impl/plugins/tiff/TIFFIFD done
Event: 0.832 loading class com/github/jaiimageio/plugins/tiff/TIFFDirectory
Event: 0.832 loading class com/github/jaiimageio/plugins/tiff/TIFFDirectory done
Event: 0.833 loading class com/github/jaiimageio/plugins/tiff/TIFFField
Event: 0.833 loading class com/github/jaiimageio/plugins/tiff/TIFFField done
Event: 0.836 loading class java/lang/StrictMath
Event: 0.836 loading class java/lang/StrictMath done
Event: 0.837 loading class com/sun/jna/Native$Buffers
Event: 0.837 loading class com/sun/jna/Native$Buffers done


Dynamic libraries:
84e00000-8ca00000 rw-p 00000000 00:00 0 
8ca00000-ffe00000 ---p 00000000 00:00 0 
ffe00000-ffe47000 rw-p 01105000 08:07 18878274                           /usr/lib/jvm/java-11-openjdk-amd64/lib/server/classes.jsa
ffe47000-fff00000 rw-p 00000000 00:00 0 
fff00000-fff6a000 rw-p 0109b000 08:07 18878274                           /usr/lib/jvm/java-11-openjdk-amd64/lib/server/classes.jsa
fff6a000-100000000 rw-p 00000000 00:00 0 
800000000-800002000 rwxp 00001000 08:07 18878274                         /usr/lib/jvm/java-11-openjdk-amd64/lib/server/classes.jsa
800002000-8003b8000 rw-p 00003000 08:07 18878274                         /usr/lib/jvm/java-11-openjdk-amd64/lib/server/classes.jsa
8003b8000-800a8d000 r--p 003b9000 08:07 18878274                         /usr/lib/jvm/java-11-openjdk-amd64/lib/server/classes.jsa
800a8d000-800a8e000 rw-p 00a8e000 08:07 18878274                         /usr/lib/jvm/java-11-openjdk-amd64/lib/server/classes.jsa
800a8e000-80109a000 r--p 00a8f000 08:07 18878274                         /usr/lib/jvm/java-11-openjdk-amd64/lib/server/classes.jsa
840000000-8400e0000 rw-p 00000000 00:00 0 
8400e0000-880000000 ---p 00000000 00:00 0 
55b7d0eb7000-55b7d0eb8000 r-xp 00000000 08:07 18877665                   /usr/lib/jvm/java-11-openjdk-amd64/bin/java
55b7d10b8000-55b7d10b9000 r--p 00001000 08:07 18877665                   /usr/lib/jvm/java-11-openjdk-amd64/bin/java
55b7d10b9000-55b7d10ba000 rw-p 00002000 08:07 18877665                   /usr/lib/jvm/java-11-openjdk-amd64/bin/java
55b7d21b6000-55b7d21d7000 rw-p 00000000 00:00 0                          [heap]
7f27ec000000-7f27ec021000 rw-p 00000000 00:00 0 
7f27ec021000-7f27f0000000 ---p 00000000 00:00 0 
7f27f4000000-7f27f4021000 rw-p 00000000 00:00 0 
7f27f4021000-7f27f8000000 ---p 00000000 00:00 0 
7f27f8000000-7f27f8021000 rw-p 00000000 00:00 0 
7f27f8021000-7f27fc000000 ---p 00000000 00:00 0 
7f27fc000000-7f27fc021000 rw-p 00000000 00:00 0 
7f27fc021000-7f2800000000 ---p 00000000 00:00 0 
7f2800000000-7f2800021000 rw-p 00000000 00:00 0 
7f2800021000-7f2804000000 ---p 00000000 00:00 0 
7f28046dd000-7f28046e8000 r-xp 00000000 08:07 18882818                   /usr/lib/x86_64-linux-gnu/libjbig.so.0
7f28046e8000-7f28048e7000 ---p 0000b000 08:07 18882818                   /usr/lib/x86_64-linux-gnu/libjbig.so.0
7f28048e7000-7f28048e8000 r--p 0000a000 08:07 18882818                   /usr/lib/x86_64-linux-gnu/libjbig.so.0
7f28048e8000-7f28048eb000 rw-p 0000b000 08:07 18882818                   /usr/lib/x86_64-linux-gnu/libjbig.so.0
7f28048eb000-7f280490f000 r-xp 00000000 08:07 2233033                    /lib/x86_64-linux-gnu/liblzma.so.5.2.2
7f280490f000-7f2804b0f000 ---p 00024000 08:07 2233033                    /lib/x86_64-linux-gnu/liblzma.so.5.2.2
7f2804b0f000-7f2804b10000 r--p 00024000 08:07 2233033                    /lib/x86_64-linux-gnu/liblzma.so.5.2.2
7f2804b10000-7f2804b11000 rw-p 00025000 08:07 2233033                    /lib/x86_64-linux-gnu/liblzma.so.5.2.2
7f2804b11000-7f2804b65000 r-xp 00000000 08:07 18881242                   /usr/lib/x86_64-linux-gnu/libopenjp2.so.2.3.0
7f2804b65000-7f2804d65000 ---p 00054000 08:07 18881242                   /usr/lib/x86_64-linux-gnu/libopenjp2.so.2.3.0
7f2804d65000-7f2804d66000 r--p 00054000 08:07 18881242                   /usr/lib/x86_64-linux-gnu/libopenjp2.so.2.3.0
7f2804d66000-7f2804d67000 rw-p 00055000 08:07 18881242                   /usr/lib/x86_64-linux-gnu/libopenjp2.so.2.3.0
7f2804d67000-7f2804dcd000 r-xp 00000000 08:07 18883293                   /usr/lib/x86_64-linux-gnu/libwebp.so.6.0.2
7f2804dcd000-7f2804fcc000 ---p 00066000 08:07 18883293                   /usr/lib/x86_64-linux-gnu/libwebp.so.6.0.2
7f2804fcc000-7f2804fcd000 r--p 00065000 08:07 18883293                   /usr/lib/x86_64-linux-gnu/libwebp.so.6.0.2
7f2804fcd000-7f2804fce000 rw-p 00066000 08:07 18883293                   /usr/lib/x86_64-linux-gnu/libwebp.so.6.0.2
7f2804fce000-7f2804fd0000 rw-p 00000000 00:00 0 
7f2804fd0000-7f2805043000 r-xp 00000000 08:07 18879737                   /usr/lib/x86_64-linux-gnu/libtiff.so.5.3.0
7f2805043000-7f2805242000 ---p 00073000 08:07 18879737                   /usr/lib/x86_64-linux-gnu/libtiff.so.5.3.0
7f2805242000-7f2805246000 r--p 00072000 08:07 18879737                   /usr/lib/x86_64-linux-gnu/libtiff.so.5.3.0
7f2805246000-7f2805247000 rw-p 00076000 08:07 18879737                   /usr/lib/x86_64-linux-gnu/libtiff.so.5.3.0
7f2805247000-7f280524f000 r-xp 00000000 08:07 18881240                   /usr/lib/x86_64-linux-gnu/libgif.so.7.0.0
7f280524f000-7f280544e000 ---p 00008000 08:07 18881240                   /usr/lib/x86_64-linux-gnu/libgif.so.7.0.0
7f280544e000-7f280544f000 r--p 00007000 08:07 18881240                   /usr/lib/x86_64-linux-gnu/libgif.so.7.0.0
7f280544f000-7f2805450000 rw-p 00008000 08:07 18881240                   /usr/lib/x86_64-linux-gnu/libgif.so.7.0.0
7f2805450000-7f28054b7000 r-xp 00000000 08:07 18877078                   /usr/lib/x86_64-linux-gnu/libjpeg.so.8.1.2
7f28054b7000-7f28056b6000 ---p 00067000 08:07 18877078                   /usr/lib/x86_64-linux-gnu/libjpeg.so.8.1.2
7f28056b6000-7f28056b7000 r--p 00066000 08:07 18877078                   /usr/lib/x86_64-linux-gnu/libjpeg.so.8.1.2
7f28056b7000-7f28056b8000 rw-p 00067000 08:07 18877078                   /usr/lib/x86_64-linux-gnu/libjpeg.so.8.1.2
7f28056b8000-7f28056e9000 r-xp 00000000 08:07 18879699                   /usr/lib/x86_64-linux-gnu/libpng16.so.16.34.0
7f28056e9000-7f28058e8000 ---p 00031000 08:07 18879699                   /usr/lib/x86_64-linux-gnu/libpng16.so.16.34.0
7f28058e8000-7f28058e9000 r--p 00030000 08:07 18879699                   /usr/lib/x86_64-linux-gnu/libpng16.so.16.34.0
7f28058e9000-7f28058ea000 rw-p 00031000 08:07 18879699                   /usr/lib/x86_64-linux-gnu/libpng16.so.16.34.0
7f28058ea000-7f2805918000 r-xp 00000000 08:07 18878279                   /usr/lib/x86_64-linux-gnu/libgomp.so.1.0.0
7f2805918000-7f2805b17000 ---p 0002e000 08:07 18878279                   /usr/lib/x86_64-linux-gnu/libgomp.so.1.0.0
7f2805b17000-7f2805b18000 r--p 0002d000 08:07 18878279                   /usr/lib/x86_64-linux-gnu/libgomp.so.1.0.0
7f2805b18000-7f2805b19000 rw-p 0002e000 08:07 18878279                   /usr/lib/x86_64-linux-gnu/libgomp.so.1.0.0
7f2805b19000-7f2805d75000 r-xp 00000000 08:07 18881244                   /usr/lib/x86_64-linux-gnu/liblept.so.5.0.2
7f2805d75000-7f2805f74000 ---p 0025c000 08:07 18881244                   /usr/lib/x86_64-linux-gnu/liblept.so.5.0.2
7f2805f74000-7f2805f75000 r--p 0025b000 08:07 18881244                   /usr/lib/x86_64-linux-gnu/liblept.so.5.0.2
7f2805f75000-7f2805f7b000 rw-p 0025c000 08:07 18881244                   /usr/lib/x86_64-linux-gnu/liblept.so.5.0.2
7f2805f7b000-7f2806288000 r-xp 00000000 08:07 18881246                   /usr/lib/x86_64-linux-gnu/libtesseract.so.4.0.0
7f2806288000-7f2806487000 ---p 0030d000 08:07 18881246                   /usr/lib/x86_64-linux-gnu/libtesseract.so.4.0.0
7f2806487000-7f280648c000 r--p 0030c000 08:07 18881246                   /usr/lib/x86_64-linux-gnu/libtesseract.so.4.0.0
7f280648c000-7f280648d000 rw-p 00311000 08:07 18881246                   /usr/lib/x86_64-linux-gnu/libtesseract.so.4.0.0
7f280648d000-7f2806731000 rw-p 00000000 00:00 0 
7f2806731000-7f2806732000 ---p 00000000 00:00 0 
7f2806732000-7f2806833000 rw-p 00000000 00:00 0 
7f2806833000-7f2806834000 ---p 00000000 00:00 0 
7f2806834000-7f2806935000 rw-p 00000000 00:00 0 
7f2806935000-7f280694d000 r-xp 00000000 08:07 7602232                    /tmp/jna--914142452/jna5492502160164661701.tmp (deleted)
7f280694d000-7f2806b4d000 ---p 00018000 08:07 7602232                    /tmp/jna--914142452/jna5492502160164661701.tmp (deleted)
7f2806b4d000-7f2806b4e000 rw-p 00018000 08:07 7602232                    /tmp/jna--914142452/jna5492502160164661701.tmp (deleted)
7f2806b4e000-7f2806b52000 ---p 00000000 00:00 0 
7f2806b52000-7f2806c4f000 rw-p 00000000 00:00 0 
7f2806c4f000-7f2806c62000 r-xp 00000000 08:07 2229263                    /lib/x86_64-linux-gnu/libbsd.so.0.8.7
7f2806c62000-7f2806e61000 ---p 00013000 08:07 2229263                    /lib/x86_64-linux-gnu/libbsd.so.0.8.7
7f2806e61000-7f2806e62000 r--p 00012000 08:07 2229263                    /lib/x86_64-linux-gnu/libbsd.so.0.8.7
7f2806e62000-7f2806e63000 rw-p 00013000 08:07 2229263                    /lib/x86_64-linux-gnu/libbsd.so.0.8.7
7f2806e63000-7f2806e64000 rw-p 00000000 00:00 0 
7f2806e64000-7f2806e69000 r-xp 00000000 08:07 18882168                   /usr/lib/x86_64-linux-gnu/libXdmcp.so.6.0.0
7f2806e69000-7f2807068000 ---p 00005000 08:07 18882168                   /usr/lib/x86_64-linux-gnu/libXdmcp.so.6.0.0
7f2807068000-7f2807069000 r--p 00004000 08:07 18882168                   /usr/lib/x86_64-linux-gnu/libXdmcp.so.6.0.0
7f2807069000-7f280706a000 rw-p 00005000 08:07 18882168                   /usr/lib/x86_64-linux-gnu/libXdmcp.so.6.0.0
7f280706a000-7f280706c000 r-xp 00000000 08:07 18882157                   /usr/lib/x86_64-linux-gnu/libXau.so.6.0.0
7f280706c000-7f280726c000 ---p 00002000 08:07 18882157                   /usr/lib/x86_64-linux-gnu/libXau.so.6.0.0
7f280726c000-7f280726d000 r--p 00002000 08:07 18882157                   /usr/lib/x86_64-linux-gnu/libXau.so.6.0.0
7f280726d000-7f280726e000 rw-p 00003000 08:07 18882157                   /usr/lib/x86_64-linux-gnu/libXau.so.6.0.0
7f280726e000-7f2807294000 r-xp 00000000 08:07 18883361                   /usr/lib/x86_64-linux-gnu/libxcb.so.1.1.0
7f2807294000-7f2807494000 ---p 00026000 08:07 18883361                   /usr/lib/x86_64-linux-gnu/libxcb.so.1.1.0
7f2807494000-7f2807495000 r--p 00026000 08:07 18883361                   /usr/lib/x86_64-linux-gnu/libxcb.so.1.1.0
7f2807495000-7f2807496000 rw-p 00027000 08:07 18883361                   /usr/lib/x86_64-linux-gnu/libxcb.so.1.1.0
7f2807496000-7f28074a5000 r-xp 00000000 08:07 18882178                   /usr/lib/x86_64-linux-gnu/libXi.so.6.1.0
7f28074a5000-7f28076a4000 ---p 0000f000 08:07 18882178                   /usr/lib/x86_64-linux-gnu/libXi.so.6.1.0
7f28076a4000-7f28076a5000 r--p 0000e000 08:07 18882178                   /usr/lib/x86_64-linux-gnu/libXi.so.6.1.0
7f28076a5000-7f28076a6000 rw-p 0000f000 08:07 18882178                   /usr/lib/x86_64-linux-gnu/libXi.so.6.1.0
7f28076a6000-7f28076ab000 r-xp 00000000 08:07 18882196                   /usr/lib/x86_64-linux-gnu/libXtst.so.6.1.0
7f28076ab000-7f28078aa000 ---p 00005000 08:07 18882196                   /usr/lib/x86_64-linux-gnu/libXtst.so.6.1.0
7f28078aa000-7f28078ab000 r--p 00004000 08:07 18882196                   /usr/lib/x86_64-linux-gnu/libXtst.so.6.1.0
7f28078ab000-7f28078ac000 rw-p 00005000 08:07 18882196                   /usr/lib/x86_64-linux-gnu/libXtst.so.6.1.0
7f28078ac000-7f28078b5000 r-xp 00000000 08:07 18882190                   /usr/lib/x86_64-linux-gnu/libXrender.so.1.3.0
7f28078b5000-7f2807ab4000 ---p 00009000 08:07 18882190                   /usr/lib/x86_64-linux-gnu/libXrender.so.1.3.0
7f2807ab4000-7f2807ab5000 r--p 00008000 08:07 18882190                   /usr/lib/x86_64-linux-gnu/libXrender.so.1.3.0
7f2807ab5000-7f2807ab6000 rw-p 00009000 08:07 18882190                   /usr/lib/x86_64-linux-gnu/libXrender.so.1.3.0
7f2807ab6000-7f2807be9000 r-xp 00000000 08:07 18874381                   /usr/lib/x86_64-linux-gnu/libX11.so.6.3.0
7f2807be9000-7f2807de9000 ---p 00133000 08:07 18874381                   /usr/lib/x86_64-linux-gnu/libX11.so.6.3.0
7f2807de9000-7f2807dea000 r--p 00133000 08:07 18874381                   /usr/lib/x86_64-linux-gnu/libX11.so.6.3.0
7f2807dea000-7f2807dee000 rw-p 00134000 08:07 18874381                   /usr/lib/x86_64-linux-gnu/libX11.so.6.3.0
7f2807dee000-7f2807dff000 r-xp 00000000 08:07 18882170                   /usr/lib/x86_64-linux-gnu/libXext.so.6.4.0
7f2807dff000-7f2807ffe000 ---p 00011000 08:07 18882170                   /usr/lib/x86_64-linux-gnu/libXext.so.6.4.0
7f2807ffe000-7f2807fff000 r--p 00010000 08:07 18882170                   /usr/lib/x86_64-linux-gnu/libXext.so.6.4.0
7f2807fff000-7f2808000000 rw-p 00011000 08:07 18882170                   /usr/lib/x86_64-linux-gnu/libXext.so.6.4.0
7f2808000000-7f2808021000 rw-p 00000000 00:00 0 
7f2808021000-7f280c000000 ---p 00000000 00:00 0 
7f280c000000-7f280c021000 rw-p 00000000 00:00 0 
7f280c021000-7f2810000000 ---p 00000000 00:00 0 
7f2810000000-7f2810377000 rw-p 00000000 00:00 0 
7f2810377000-7f2814000000 ---p 00000000 00:00 0 
7f2814000000-7f2814021000 rw-p 00000000 00:00 0 
7f2814021000-7f2818000000 ---p 00000000 00:00 0 
7f2818000000-7f2818021000 rw-p 00000000 00:00 0 
7f2818021000-7f281c000000 ---p 00000000 00:00 0 
7f281c000000-7f281c484000 rw-p 00000000 00:00 0 
7f281c484000-7f2820000000 ---p 00000000 00:00 0 
7f2820000000-7f2820021000 rw-p 00000000 00:00 0 
7f2820021000-7f2824000000 ---p 00000000 00:00 0 
7f2824000000-7f2824021000 rw-p 00000000 00:00 0 
7f2824021000-7f2828000000 ---p 00000000 00:00 0 
7f2828000000-7f2828021000 rw-p 00000000 00:00 0 
7f2828021000-7f282c000000 ---p 00000000 00:00 0 
7f282c000000-7f282c021000 rw-p 00000000 00:00 0 
7f282c021000-7f2830000000 ---p 00000000 00:00 0 
7f2830000000-7f2830021000 rw-p 00000000 00:00 0 
7f2830021000-7f2834000000 ---p 00000000 00:00 0 
7f2834000000-7f2834021000 rw-p 00000000 00:00 0 
7f2834021000-7f2838000000 ---p 00000000 00:00 0 
7f28380d0000-7f283812f000 r-xp 00000000 08:07 18878058                   /usr/lib/jvm/java-11-openjdk-amd64/lib/libawt_xawt.so
7f283812f000-7f283832e000 ---p 0005f000 08:07 18878058                   /usr/lib/jvm/java-11-openjdk-amd64/lib/libawt_xawt.so
7f283832e000-7f283832f000 r--p 0005e000 08:07 18878058                   /usr/lib/jvm/java-11-openjdk-amd64/lib/libawt_xawt.so
7f283832f000-7f2838332000 rw-p 0005f000 08:07 18878058                   /usr/lib/jvm/java-11-openjdk-amd64/lib/libawt_xawt.so
7f2838332000-7f2838334000 rw-p 00000000 00:00 0 
7f2838334000-7f28383d3000 r-xp 00000000 08:07 18878025                   /usr/lib/jvm/java-11-openjdk-amd64/lib/libawt.so
7f28383d3000-7f28385d3000 ---p 0009f000 08:07 18878025                   /usr/lib/jvm/java-11-openjdk-amd64/lib/libawt.so
7f28385d3000-7f28385d4000 r--p 0009f000 08:07 18878025                   /usr/lib/jvm/java-11-openjdk-amd64/lib/libawt.so
7f28385d4000-7f28385df000 rw-p 000a0000 08:07 18878025                   /usr/lib/jvm/java-11-openjdk-amd64/lib/libawt.so
7f28385df000-7f2838604000 rw-p 00000000 00:00 0 
7f2838604000-7f283861a000 r-xp 00000000 08:07 18878079                   /usr/lib/jvm/java-11-openjdk-amd64/lib/libnet.so
7f283861a000-7f2838819000 ---p 00016000 08:07 18878079                   /usr/lib/jvm/java-11-openjdk-amd64/lib/libnet.so
7f2838819000-7f283881a000 r--p 00015000 08:07 18878079                   /usr/lib/jvm/java-11-openjdk-amd64/lib/libnet.so
7f283881a000-7f283881b000 rw-p 00016000 08:07 18878079                   /usr/lib/jvm/java-11-openjdk-amd64/lib/libnet.so
7f283881b000-7f283882b000 r-xp 00000000 08:07 18878080                   /usr/lib/jvm/java-11-openjdk-amd64/lib/libnio.so
7f283882b000-7f2838a2a000 ---p 00010000 08:07 18878080                   /usr/lib/jvm/java-11-openjdk-amd64/lib/libnio.so
7f2838a2a000-7f2838a2b000 r--p 0000f000 08:07 18878080                   /usr/lib/jvm/java-11-openjdk-amd64/lib/libnio.so
7f2838a2b000-7f2838a2c000 rw-p 00010000 08:07 18878080                   /usr/lib/jvm/java-11-openjdk-amd64/lib/libnio.so
7f2838a2c000-7f2838a30000 ---p 00000000 00:00 0 
7f2838a30000-7f2838b2d000 rw-p 00000000 00:00 0 
7f2838b2d000-7f2838b2e000 ---p 00000000 00:00 0 
7f2838b2e000-7f2838c2f000 rw-p 00000000 00:00 0 
7f2838c2f000-7f2838c33000 ---p 00000000 00:00 0 
7f2838c33000-7f2838d30000 rw-p 00000000 00:00 0 
7f2838d30000-7f2838d34000 ---p 00000000 00:00 0 
7f2838d34000-7f2838e31000 rw-p 00000000 00:00 0 
7f2838e31000-7f2839800000 r--p 00000000 08:07 18881134                   /usr/lib/locale/locale-archive
7f2839800000-7f2839e00000 rw-p 00000000 00:00 0 
7f2839e00000-7f283a000000 ---p 00000000 00:00 0 
7f283a000000-7f283c000000 rw-p 00000000 00:00 0 
7f283c000000-7f283c021000 rw-p 00000000 00:00 0 
7f283c021000-7f2840000000 ---p 00000000 00:00 0 
7f284006e000-7f2840072000 ---p 00000000 00:00 0 
7f2840072000-7f284016f000 rw-p 00000000 00:00 0 
7f284016f000-7f2840173000 ---p 00000000 00:00 0 
7f2840173000-7f2840460000 rw-p 00000000 00:00 0 
7f2840460000-7f2842130000 ---p 00000000 00:00 0 
7f2842130000-7f2842328000 rw-p 00000000 00:00 0 
7f2842328000-7f2843ff8000 ---p 00000000 00:00 0 
7f2843ff8000-7f2844000000 rw-p 00000000 00:00 0 
7f2844000000-7f2844021000 rw-p 00000000 00:00 0 
7f2844021000-7f2848000000 ---p 00000000 00:00 0 
7f2848029000-7f284802d000 ---p 00000000 00:00 0 
7f284802d000-7f284812a000 rw-p 00000000 00:00 0 
7f284812a000-7f284812e000 ---p 00000000 00:00 0 
7f284812e000-7f284822b000 rw-p 00000000 00:00 0 
7f284822b000-7f284822f000 ---p 00000000 00:00 0 
7f284822f000-7f284832c000 rw-p 00000000 00:00 0 
7f284832c000-7f284832d000 ---p 00000000 00:00 0 
7f284832d000-7f284850a000 rw-p 00000000 00:00 0 
7f284850a000-7f284850b000 ---p 00000000 00:00 0 
7f284850b000-7f284860c000 rw-p 00000000 00:00 0 
7f284860c000-7f284860d000 ---p 00000000 00:00 0 
7f284860d000-7f2848910000 rw-p 00000000 00:00 0 
7f2848910000-7f2848b80000 rwxp 00000000 00:00 0 
7f2848b80000-7f2848ea0000 ---p 00000000 00:00 0 
7f2848ea0000-7f2849110000 rwxp 00000000 00:00 0 
7f2849110000-7f28503d8000 ---p 00000000 00:00 0 
7f28503d8000-7f2850648000 rwxp 00000000 00:00 0 
7f2850648000-7f2857910000 ---p 00000000 00:00 0 
7f2857910000-7f2860000000 r--s 00000000 08:07 18878089                   /usr/lib/jvm/java-11-openjdk-amd64/lib/modules
7f2860000000-7f2860830000 rw-p 00000000 00:00 0 
7f2860830000-7f2864000000 ---p 00000000 00:00 0 
7f2864005000-7f2864238000 rw-p 00000000 00:00 0 
7f2864238000-7f2864239000 ---p 00000000 00:00 0 
7f2864239000-7f286433a000 rw-p 00000000 00:00 0 
7f286433a000-7f286433b000 ---p 00000000 00:00 0 
7f286433b000-7f286447a000 rw-p 00000000 00:00 0 
7f286447a000-7f2864814000 ---p 00000000 00:00 0 
7f2864814000-7f2864853000 rw-p 00000000 00:00 0 
7f2864853000-7f2864bed000 ---p 00000000 00:00 0 
7f2864bed000-7f2864c2c000 rw-p 00000000 00:00 0 
7f2864c2c000-7f2864fc6000 ---p 00000000 00:00 0 
7f2864fc6000-7f28653cb000 rw-p 00000000 00:00 0 
7f28653cb000-7f28653cc000 ---p 00000000 00:00 0 
7f28653cc000-7f28654d2000 rw-p 00000000 00:00 0 
7f28654d2000-7f28655b8000 ---p 00000000 00:00 0 
7f28655b8000-7f28655bd000 rw-p 00000000 00:00 0 
7f28655bd000-7f28656a3000 ---p 00000000 00:00 0 
7f28656a3000-7f28656a8000 r-xp 00000000 08:07 18878071                   /usr/lib/jvm/java-11-openjdk-amd64/lib/libjimage.so
7f28656a8000-7f28658a7000 ---p 00005000 08:07 18878071                   /usr/lib/jvm/java-11-openjdk-amd64/lib/libjimage.so
7f28658a7000-7f28658a8000 r--p 00004000 08:07 18878071                   /usr/lib/jvm/java-11-openjdk-amd64/lib/libjimage.so
7f28658a8000-7f28658a9000 rw-p 00005000 08:07 18878071                   /usr/lib/jvm/java-11-openjdk-amd64/lib/libjimage.so
7f28658a9000-7f28658b0000 r-xp 00000000 08:07 18878088                   /usr/lib/jvm/java-11-openjdk-amd64/lib/libzip.so
7f28658b0000-7f2865aaf000 ---p 00007000 08:07 18878088                   /usr/lib/jvm/java-11-openjdk-amd64/lib/libzip.so
7f2865aaf000-7f2865ab0000 r--p 00006000 08:07 18878088                   /usr/lib/jvm/java-11-openjdk-amd64/lib/libzip.so
7f2865ab0000-7f2865ab1000 rw-p 00007000 08:07 18878088                   /usr/lib/jvm/java-11-openjdk-amd64/lib/libzip.so
7f2865ab1000-7f2865abc000 r-xp 00000000 08:07 2233063                    /lib/x86_64-linux-gnu/libnss_files-2.27.so
7f2865abc000-7f2865cbb000 ---p 0000b000 08:07 2233063                    /lib/x86_64-linux-gnu/libnss_files-2.27.so
7f2865cbb000-7f2865cbc000 r--p 0000a000 08:07 2233063                    /lib/x86_64-linux-gnu/libnss_files-2.27.so
7f2865cbc000-7f2865cbd000 rw-p 0000b000 08:07 2233063                    /lib/x86_64-linux-gnu/libnss_files-2.27.so
7f2865cbd000-7f2865cc3000 rw-p 00000000 00:00 0 
7f2865cc3000-7f2865cda000 r-xp 00000000 08:07 2233057                    /lib/x86_64-linux-gnu/libnsl-2.27.so
7f2865cda000-7f2865ed9000 ---p 00017000 08:07 2233057                    /lib/x86_64-linux-gnu/libnsl-2.27.so
7f2865ed9000-7f2865eda000 r--p 00016000 08:07 2233057                    /lib/x86_64-linux-gnu/libnsl-2.27.so
7f2865eda000-7f2865edb000 rw-p 00017000 08:07 2233057                    /lib/x86_64-linux-gnu/libnsl-2.27.so
7f2865edb000-7f2865edd000 rw-p 00000000 00:00 0 
7f2865edd000-7f2865ee8000 r-xp 00000000 08:07 2233074                    /lib/x86_64-linux-gnu/libnss_nis-2.27.so
7f2865ee8000-7f28660e7000 ---p 0000b000 08:07 2233074                    /lib/x86_64-linux-gnu/libnss_nis-2.27.so
7f28660e7000-7f28660e8000 r--p 0000a000 08:07 2233074                    /lib/x86_64-linux-gnu/libnss_nis-2.27.so
7f28660e8000-7f28660e9000 rw-p 0000b000 08:07 2233074                    /lib/x86_64-linux-gnu/libnss_nis-2.27.so
7f28660e9000-7f28660f1000 r-xp 00000000 08:07 2233059                    /lib/x86_64-linux-gnu/libnss_compat-2.27.so
7f28660f1000-7f28662f1000 ---p 00008000 08:07 2233059                    /lib/x86_64-linux-gnu/libnss_compat-2.27.so
7f28662f1000-7f28662f2000 r--p 00008000 08:07 2233059                    /lib/x86_64-linux-gnu/libnss_compat-2.27.so
7f28662f2000-7f28662f3000 rw-p 00009000 08:07 2233059                    /lib/x86_64-linux-gnu/libnss_compat-2.27.so
7f28662f3000-7f286631c000 r-xp 00000000 08:07 18878067                   /usr/lib/jvm/java-11-openjdk-amd64/lib/libjava.so
7f286631c000-7f286651b000 ---p 00029000 08:07 18878067                   /usr/lib/jvm/java-11-openjdk-amd64/lib/libjava.so
7f286651b000-7f286651c000 r--p 00028000 08:07 18878067                   /usr/lib/jvm/java-11-openjdk-amd64/lib/libjava.so
7f286651c000-7f286651e000 rw-p 00029000 08:07 18878067                   /usr/lib/jvm/java-11-openjdk-amd64/lib/libjava.so
7f286651e000-7f286652b000 r-xp 00000000 08:07 18878087                   /usr/lib/jvm/java-11-openjdk-amd64/lib/libverify.so
7f286652b000-7f286672a000 ---p 0000d000 08:07 18878087                   /usr/lib/jvm/java-11-openjdk-amd64/lib/libverify.so
7f286672a000-7f286672c000 r--p 0000c000 08:07 18878087                   /usr/lib/jvm/java-11-openjdk-amd64/lib/libverify.so
7f286672c000-7f286672d000 rw-p 0000e000 08:07 18878087                   /usr/lib/jvm/java-11-openjdk-amd64/lib/libverify.so
7f286672d000-7f2866734000 r-xp 00000000 08:07 2233114                    /lib/x86_64-linux-gnu/librt-2.27.so
7f2866734000-7f2866933000 ---p 00007000 08:07 2233114                    /lib/x86_64-linux-gnu/librt-2.27.so
7f2866933000-7f2866934000 r--p 00006000 08:07 2233114                    /lib/x86_64-linux-gnu/librt-2.27.so
7f2866934000-7f2866935000 rw-p 00007000 08:07 2233114                    /lib/x86_64-linux-gnu/librt-2.27.so
7f2866935000-7f286694c000 r-xp 00000000 08:07 2228230                    /lib/x86_64-linux-gnu/libgcc_s.so.1
7f286694c000-7f2866b4b000 ---p 00017000 08:07 2228230                    /lib/x86_64-linux-gnu/libgcc_s.so.1
7f2866b4b000-7f2866b4c000 r--p 00016000 08:07 2228230                    /lib/x86_64-linux-gnu/libgcc_s.so.1
7f2866b4c000-7f2866b4d000 rw-p 00017000 08:07 2228230                    /lib/x86_64-linux-gnu/libgcc_s.so.1
7f2866b4d000-7f2866cea000 r-xp 00000000 08:07 2233036                    /lib/x86_64-linux-gnu/libm-2.27.so
7f2866cea000-7f2866ee9000 ---p 0019d000 08:07 2233036                    /lib/x86_64-linux-gnu/libm-2.27.so
7f2866ee9000-7f2866eea000 r--p 0019c000 08:07 2233036                    /lib/x86_64-linux-gnu/libm-2.27.so
7f2866eea000-7f2866eeb000 rw-p 0019d000 08:07 2233036                    /lib/x86_64-linux-gnu/libm-2.27.so
7f2866eeb000-7f2867064000 r-xp 00000000 08:07 18877063                   /usr/lib/x86_64-linux-gnu/libstdc++.so.6.0.25
7f2867064000-7f2867264000 ---p 00179000 08:07 18877063                   /usr/lib/x86_64-linux-gnu/libstdc++.so.6.0.25
7f2867264000-7f286726e000 r--p 00179000 08:07 18877063                   /usr/lib/x86_64-linux-gnu/libstdc++.so.6.0.25
7f286726e000-7f2867270000 rw-p 00183000 08:07 18877063                   /usr/lib/x86_64-linux-gnu/libstdc++.so.6.0.25
7f2867270000-7f2867274000 rw-p 00000000 00:00 0 
7f2867274000-7f286834d000 r-xp 00000000 08:07 18878094                   /usr/lib/jvm/java-11-openjdk-amd64/lib/server/libjvm.so
7f286834d000-7f286854c000 ---p 010d9000 08:07 18878094                   /usr/lib/jvm/java-11-openjdk-amd64/lib/server/libjvm.so
7f286854c000-7f2868609000 r--p 010d8000 08:07 18878094                   /usr/lib/jvm/java-11-openjdk-amd64/lib/server/libjvm.so
7f2868609000-7f2868643000 rw-p 01195000 08:07 18878094                   /usr/lib/jvm/java-11-openjdk-amd64/lib/server/libjvm.so
7f2868643000-7f2868699000 rw-p 00000000 00:00 0 
7f2868699000-7f28686b3000 r-xp 00000000 08:07 2233106                    /lib/x86_64-linux-gnu/libpthread-2.27.so
7f28686b3000-7f28688b2000 ---p 0001a000 08:07 2233106                    /lib/x86_64-linux-gnu/libpthread-2.27.so
7f28688b2000-7f28688b3000 r--p 00019000 08:07 2233106                    /lib/x86_64-linux-gnu/libpthread-2.27.so
7f28688b3000-7f28688b4000 rw-p 0001a000 08:07 2233106                    /lib/x86_64-linux-gnu/libpthread-2.27.so
7f28688b4000-7f28688b8000 rw-p 00000000 00:00 0 
7f28688b8000-7f28688bb000 r-xp 00000000 08:07 2232996                    /lib/x86_64-linux-gnu/libdl-2.27.so
7f28688bb000-7f2868aba000 ---p 00003000 08:07 2232996                    /lib/x86_64-linux-gnu/libdl-2.27.so
7f2868aba000-7f2868abb000 r--p 00002000 08:07 2232996                    /lib/x86_64-linux-gnu/libdl-2.27.so
7f2868abb000-7f2868abc000 rw-p 00003000 08:07 2232996                    /lib/x86_64-linux-gnu/libdl-2.27.so
7f2868abc000-7f2868ad8000 r-xp 00000000 08:07 2233145                    /lib/x86_64-linux-gnu/libz.so.1.2.11
7f2868ad8000-7f2868cd7000 ---p 0001c000 08:07 2233145                    /lib/x86_64-linux-gnu/libz.so.1.2.11
7f2868cd7000-7f2868cd8000 r--p 0001b000 08:07 2233145                    /lib/x86_64-linux-gnu/libz.so.1.2.11
7f2868cd8000-7f2868cd9000 rw-p 0001c000 08:07 2233145                    /lib/x86_64-linux-gnu/libz.so.1.2.11
7f2868cd9000-7f2868ec0000 r-xp 00000000 08:07 2232973                    /lib/x86_64-linux-gnu/libc-2.27.so
7f2868ec0000-7f28690c0000 ---p 001e7000 08:07 2232973                    /lib/x86_64-linux-gnu/libc-2.27.so
7f28690c0000-7f28690c4000 r--p 001e7000 08:07 2232973                    /lib/x86_64-linux-gnu/libc-2.27.so
7f28690c4000-7f28690c6000 rw-p 001eb000 08:07 2232973                    /lib/x86_64-linux-gnu/libc-2.27.so
7f28690c6000-7f28690ca000 rw-p 00000000 00:00 0 
7f28690ca000-7f28690da000 r-xp 00000000 08:07 18878020                   /usr/lib/jvm/java-11-openjdk-amd64/lib/jli/libjli.so
7f28690da000-7f28692d9000 ---p 00010000 08:07 18878020                   /usr/lib/jvm/java-11-openjdk-amd64/lib/jli/libjli.so
7f28692d9000-7f28692da000 r--p 0000f000 08:07 18878020                   /usr/lib/jvm/java-11-openjdk-amd64/lib/jli/libjli.so
7f28692da000-7f28692db000 rw-p 00010000 08:07 18878020                   /usr/lib/jvm/java-11-openjdk-amd64/lib/jli/libjli.so
7f28692db000-7f2869302000 r-xp 00000000 08:07 2232945                    /lib/x86_64-linux-gnu/ld-2.27.so
7f286930e000-7f2869312000 ---p 00000000 00:00 0 
7f2869312000-7f28693e1000 rw-p 00000000 00:00 0 
7f28693e1000-7f28693e8000 ---p 00000000 00:00 0 
7f28693e8000-7f28693ec000 ---p 00000000 00:00 0 
7f28693ec000-7f28694eb000 rw-p 00000000 00:00 0 
7f28694f6000-7f28694fe000 rw-s 00000000 08:07 7602223                    /tmp/hsperfdata_hackerman/12275
7f28694fe000-7f28694ff000 ---p 00000000 00:00 0 
7f28694ff000-7f2869500000 r--p 00000000 00:00 0 
7f2869500000-7f2869502000 rw-p 00000000 00:00 0 
7f2869502000-7f2869503000 r--p 00027000 08:07 2232945                    /lib/x86_64-linux-gnu/ld-2.27.so
7f2869503000-7f2869504000 rw-p 00028000 08:07 2232945                    /lib/x86_64-linux-gnu/ld-2.27.so
7f2869504000-7f2869505000 rw-p 00000000 00:00 0 
7fff72622000-7fff72644000 rw-p 00000000 00:00 0                          [stack]
7fff72707000-7fff7270a000 r--p 00000000 00:00 0                          [vvar]
7fff7270a000-7fff7270c000 r-xp 00000000 00:00 0                          [vdso]
ffffffffff600000-ffffffffff601000 r-xp 00000000 00:00 0                  [vsyscall]


VM Arguments:
jvm_args: -Dfile.encoding=UTF-8 
java_command: ocrdemo.ReadImages
java_class_path (initial): /home/hackerman/Documents/workspace-spring-tool-suite-4-4.5.1.RELEASE/tesseract/target/classes:/home/hackerman/.m2/repository/org/springframework/boot/spring-boot-starter-web/2.2.4.RELEASE/spring-boot-starter-web-2.2.4.RELEASE.jar:/home/hackerman/.m2/repository/org/springframework/boot/spring-boot-starter/2.2.4.RELEASE/spring-boot-starter-2.2.4.RELEASE.jar:/home/hackerman/.m2/repository/org/springframework/boot/spring-boot/2.2.4.RELEASE/spring-boot-2.2.4.RELEASE.jar:/home/hackerman/.m2/repository/org/springframework/boot/spring-boot-autoconfigure/2.2.4.RELEASE/spring-boot-autoconfigure-2.2.4.RELEASE.jar:/home/hackerman/.m2/repository/org/springframework/boot/spring-boot-starter-logging/2.2.4.RELEASE/spring-boot-starter-logging-2.2.4.RELEASE.jar:/home/hackerman/.m2/repository/org/apache/logging/log4j/log4j-to-slf4j/2.12.1/log4j-to-slf4j-2.12.1.jar:/home/hackerman/.m2/repository/org/apache/logging/log4j/log4j-api/2.12.1/log4j-api-2.12.1.jar:/home/hackerman/.m2/repository/jakarta/annotation/jakarta.annotation-api/1.3.5/jakarta.annotation-api-1.3.5.jar:/home/hackerman/.m2/repository/org/yaml/snakeyaml/1.25/snakeyaml-1.25.jar:/home/hackerman/.m2/repository/org/springframework/boot/spring-boot-starter-json/2.2.4.RELEASE/spring-boot-starter-json-2.2.4.RELEASE.jar:/home/hackerman/.m2/repository/com/fasterxml/jackson/core/jackson-databind/2.10.2/jackson-databind-2.10.2.jar:/home/hackerman/.m2/repository/com/fasterxml/jackson/core/jackson-annotations/2.10.2/jackson-annotations-2.10.2.jar:/home/hackerman/.m2/repository/com/fasterxml/jackson/core/jackson-core/2.10.2/jackson-core-2.10.2.jar:/home/hackerman/.m2/repository/com/fasterxml/jackson/datatype/jackson-datatype-jdk8/2.10.2/jackson-datatype-jdk8-2.10.2.jar:/home/hackerman/.m2/repository/com/fasterxml/jackson/datatype/jackson-datatype-jsr310/2.10.2/jackson-datatype-jsr310-2.10.2.jar:/home/hackerman/.m2/repository/com/fasterxml/jackson/module/jackson-module-parameter-names/2.10.2/jackson-module-p
Launcher Type: SUN_STANDARD

[Global flags]
     intx CICompilerCount                          = 3                                         {product} {ergonomic}
     uint ConcGCThreads                            = 1                                         {product} {ergonomic}
     uint G1ConcRefinementThreads                  = 4                                         {product} {ergonomic}
   size_t G1HeapRegionSize                         = 1048576                                   {product} {ergonomic}
    uintx GCDrainStackTargetSize                   = 64                                        {product} {ergonomic}
   size_t InitialHeapSize                          = 130023424                                 {product} {ergonomic}
   size_t MarkStackSize                            = 4194304                                   {product} {ergonomic}
   size_t MaxHeapSize                              = 2065694720                                {product} {ergonomic}
   size_t MaxNewSize                               = 1239416832                                {product} {ergonomic}
   size_t MinHeapDeltaBytes                        = 1048576                                   {product} {ergonomic}
    uintx NonNMethodCodeHeapSize                   = 5830732                                {pd product} {ergonomic}
    uintx NonProfiledCodeHeapSize                  = 122913754                              {pd product} {ergonomic}
    uintx ProfiledCodeHeapSize                     = 122913754                              {pd product} {ergonomic}
    uintx ReservedCodeCacheSize                    = 251658240                              {pd product} {ergonomic}
     bool SegmentedCodeCache                       = true                                      {product} {ergonomic}
     bool UseCompressedClassPointers               = true                                 {lp64_product} {ergonomic}
     bool UseCompressedOops                        = true                                 {lp64_product} {ergonomic}
     bool UseG1GC                                  = true                                      {product} {ergonomic}

Logging:
Log output configuration:
 #0: stdout all=warning uptime,level,tags
 #1: stderr all=off uptime,level,tags

Environment Variables:
PATH=/usr/local/sbin:/usr/local/bin:/usr/sbin:/usr/bin:/sbin:/bin:/usr/games:/usr/local/games:/snap/bin
USERNAME=hackerman
SHELL=/bin/bash
DISPLAY=:0

Signal Handlers:
SIGSEGV: [libjvm.so+0xdf1470], sa_mask[0]=11111111011111111101111111111110, sa_flags=SA_RESTART|SA_SIGINFO
SIGBUS: [libjvm.so+0xdf1470], sa_mask[0]=11111111011111111101111111111110, sa_flags=SA_RESTART|SA_SIGINFO
SIGFPE: [libjvm.so+0xdf1470], sa_mask[0]=11111111011111111101111111111110, sa_flags=SA_RESTART|SA_SIGINFO
SIGPIPE: [libjvm.so+0xbc5560], sa_mask[0]=11111111011111111101111111111110, sa_flags=SA_RESTART|SA_SIGINFO
SIGXFSZ: [libjvm.so+0xbc5560], sa_mask[0]=11111111011111111101111111111110, sa_flags=SA_RESTART|SA_SIGINFO
SIGILL: [libjvm.so+0xdf1470], sa_mask[0]=11111111011111111101111111111110, sa_flags=SA_RESTART|SA_SIGINFO
SIGUSR2: [libjvm.so+0xbc5400], sa_mask[0]=00100000000000000000000000000000, sa_flags=SA_RESTART|SA_SIGINFO
SIGHUP: [libjvm.so+0xbc5760], sa_mask[0]=11111111011111111101111111111110, sa_flags=SA_RESTART|SA_SIGINFO
SIGINT: [libjvm.so+0xbc5760], sa_mask[0]=11111111011111111101111111111110, sa_flags=SA_RESTART|SA_SIGINFO
SIGTERM: [libjvm.so+0xbc5760], sa_mask[0]=11111111011111111101111111111110, sa_flags=SA_RESTART|SA_SIGINFO
SIGQUIT: [libjvm.so+0xbc5760], sa_mask[0]=11111111011111111101111111111110, sa_flags=SA_RESTART|SA_SIGINFO


---------------  S Y S T E M  ---------------

OS:DISTRIB_ID=Ubuntu
DISTRIB_RELEASE=18.04
DISTRIB_CODENAME=bionic
DISTRIB_DESCRIPTION="Ubuntu 18.04.1 LTS"
uname:Linux 4.15.0-29-generic #31-Ubuntu SMP Tue Jul 17 15:39:52 UTC 2018 x86_64
libc:glibc 2.27 NPTL 2.27 
rlimit: STACK 8192k, CORE 0k, NPROC 31045, NOFILE 4096, AS infinity, DATA infinity, FSIZE infinity
load average:1.86 1.92 1.66

/proc/meminfo:
MemTotal:        8066264 kB
MemFree:          124408 kB
MemAvailable:    3094700 kB
Buffers:          184536 kB
Cached:          3653076 kB
SwapCached:            0 kB
Active:          5067772 kB
Inactive:        2327156 kB
Active(anon):    3558664 kB
Inactive(anon):   831976 kB
Active(file):    1509108 kB
Inactive(file):  1495180 kB
Unevictable:          96 kB
Mlocked:              96 kB
SwapTotal:       2097148 kB
SwapFree:        2097148 kB
Dirty:               252 kB
Writeback:             0 kB
AnonPages:       3557448 kB
Mapped:           925744 kB
Shmem:            833324 kB
Slab:             347956 kB
SReclaimable:     275868 kB
SUnreclaim:        72088 kB
KernelStack:       17120 kB
PageTables:        76996 kB
NFS_Unstable:          0 kB
Bounce:                0 kB
WritebackTmp:          0 kB
CommitLimit:     6130280 kB
Committed_AS:   11553480 kB
VmallocTotal:   34359738367 kB
VmallocUsed:           0 kB
VmallocChunk:          0 kB
HardwareCorrupted:     0 kB
AnonHugePages:         0 kB
ShmemHugePages:        0 kB
ShmemPmdMapped:        0 kB
CmaTotal:              0 kB
CmaFree:               0 kB
HugePages_Total:       0
HugePages_Free:        0
HugePages_Rsvd:        0
HugePages_Surp:        0
Hugepagesize:       2048 kB
DirectMap4k:      295540 kB
DirectMap2M:     4845568 kB
DirectMap1G:     3145728 kB


/proc/sys/kernel/threads-max (system-wide limit on the number of threads):
62090


/proc/sys/vm/max_map_count (maximum number of memory map areas a process may have):
65530


/proc/sys/kernel/pid_max (system-wide limit on number of process identifiers):
32768



container (cgroup) information:
container_type: cgroupv1
cpu_cpuset_cpus: 0-3
cpu_memory_nodes: 0
active_processor_count: 4
cpu_quota: -1
cpu_period: 100000
cpu_shares: -1
memory_limit_in_bytes: -1
memory_and_swap_limit_in_bytes: -2
memory_soft_limit_in_bytes: -1
memory_usage_in_bytes: 7572652032
memory_max_usage_in_bytes: 0

Steal ticks since vm start: 0
Steal ticks percentage since vm start:  0.000

CPU:total 4 (initial active 4) (2 cores per cpu, 2 threads per core) family 6 model 142 stepping 9, cmov, cx8, fxsr, mmx, sse, sse2, sse3, ssse3, sse4.1, sse4.2, popcnt, avx, avx2, aes, clmul, erms, 3dnowpref, lzcnt, ht, tsc, tscinvbit, bmi1, bmi2, adx, fma
CPU Model and flags from /proc/cpuinfo:
model name	: Intel(R) Core(TM) i5-7200U CPU @ 2.50GHz
flags		: fpu vme de pse tsc msr pae mce cx8 apic sep mtrr pge mca cmov pat pse36 clflush dts acpi mmx fxsr sse sse2 ss ht tm pbe syscall nx pdpe1gb rdtscp lm constant_tsc art arch_perfmon pebs bts rep_good nopl xtopology nonstop_tsc cpuid aperfmperf tsc_known_freq pni pclmulqdq dtes64 monitor ds_cpl vmx est tm2 ssse3 sdbg fma cx16 xtpr pdcm pcid sse4_1 sse4_2 x2apic movbe popcnt tsc_deadline_timer aes xsave avx f16c rdrand lahf_lm abm 3dnowprefetch cpuid_fault invpcid_single pti ibrs ibpb stibp tpr_shadow vnmi flexpriority ept vpid fsgsbase tsc_adjust bmi1 avx2 smep bmi2 erms invpcid mpx rdseed adx smap clflushopt intel_pt xsaveopt xsavec xgetbv1 xsaves dtherm ida arat pln pts hwp hwp_notify hwp_act_window hwp_epp

Memory: 4k page, physical 8066264k(124408k free), swap 2097148k(2097148k free)

vm_info: OpenJDK 64-Bit Server VM (11.0.6+10-post-Ubuntu-1ubuntu118.04.1) for linux-amd64 JRE (11.0.6+10-post-Ubuntu-1ubuntu118.04.1), built on Jan 15 2020 15:14:00 by "unknown" with gcc 7.4.0

END.
